-------------------------------------------------------------------------------
NGINX Ingress controller
  Release:       v1.4.0
  Build:         50be2bf95fd1ef480420e2aa1d6c5c7c138c95ea
  Repository:    https://github.com/kubernetes/ingress-nginx
  nginx version: nginx/1.19.10

-------------------------------------------------------------------------------

W1129 20:51:49.823649       7 client_config.go:617] Neither --kubeconfig nor --master was specified.  Using the inClusterConfig.  This might not work.
I1129 20:51:49.823794       7 main.go:209] "Creating API client" host="https://10.0.64.1:443"
I1129 20:51:49.879157       7 main.go:253] "Running in Kubernetes cluster" major="1" minor="23" git="v1.23.12" state="clean" commit="f941a31f4515c5ac03f5fc7ccf9a330e3510b80d" platform="linux/amd64"
I1129 20:51:50.076672       7 main.go:104] "SSL fake certificate created" file="/etc/ingress-controller/ssl/default-fake-certificate.pem"
I1129 20:51:50.111632       7 ssl.go:533] "loading tls certificate" path="/usr/local/certificates/cert" key="/usr/local/certificates/key"
I1129 20:51:50.186951       7 nginx.go:260] "Starting NGINX Ingress controller"
I1129 20:51:50.242309       7 event.go:285] Event(v1.ObjectReference{Kind:"ConfigMap", Namespace:"ingress-nginx", Name:"nginx-ingress-ingress-nginx-controller", UID:"40e1a64b-da1d-4b79-a7a5-3dbe3d4627d5", APIVersion:"v1", ResourceVersion:"213845", FieldPath:""}): type: 'Normal' reason: 'CREATE' ConfigMap ingress-nginx/nginx-ingress-ingress-nginx-controller
I1129 20:51:51.303761       7 store.go:430] "Found valid IngressClass" ingress="simphera/control-app" ingressclass="nginx"
I1129 20:51:51.303932       7 event.go:285] Event(v1.ObjectReference{Kind:"Ingress", Namespace:"simphera", Name:"control-app", UID:"5b82e2a6-8b5c-4081-9830-fbf32446c859", APIVersion:"networking.k8s.io/v1", ResourceVersion:"37608", FieldPath:""}): type: 'Normal' reason: 'Sync' Scheduled for sync
I1129 20:51:51.305133       7 backend_ssl.go:67] "Adding secret to local store" name="simphera/dspace-cloud-certificate"
I1129 20:51:51.305173       7 store.go:430] "Found valid IngressClass" ingress="simphera/minio" ingressclass="nginx"
I1129 20:51:51.305466       7 event.go:285] Event(v1.ObjectReference{Kind:"Ingress", Namespace:"simphera", Name:"minio", UID:"703a3f09-ba0d-4685-a93c-c2eb43e497ce", APIVersion:"networking.k8s.io/v1", ResourceVersion:"37504", FieldPath:""}): type: 'Normal' reason: 'Sync' Scheduled for sync
I1129 20:51:51.306009       7 store.go:430] "Found valid IngressClass" ingress="simphera/scenario-app" ingressclass="nginx"
I1129 20:51:51.306144       7 event.go:285] Event(v1.ObjectReference{Kind:"Ingress", Namespace:"simphera", Name:"scenario-app", UID:"e97168c1-f74b-4ac4-89db-d5c37c945840", APIVersion:"networking.k8s.io/v1", ResourceVersion:"37432", FieldPath:""}): type: 'Normal' reason: 'Sync' Scheduled for sync
I1129 20:51:51.306728       7 store.go:430] "Found valid IngressClass" ingress="simphera/datareplay-app" ingressclass="nginx"
I1129 20:51:51.306849       7 event.go:285] Event(v1.ObjectReference{Kind:"Ingress", Namespace:"simphera", Name:"datareplay-app", UID:"0d49b9da-6e1e-42aa-af49-b5c6f36dc954", APIVersion:"networking.k8s.io/v1", ResourceVersion:"37598", FieldPath:""}): type: 'Normal' reason: 'Sync' Scheduled for sync
I1129 20:51:51.307420       7 store.go:430] "Found valid IngressClass" ingress="simphera/experimentrestapi" ingressclass="nginx"
I1129 20:51:51.307553       7 event.go:285] Event(v1.ObjectReference{Kind:"Ingress", Namespace:"simphera", Name:"experimentrestapi", UID:"13193155-435c-49e3-a358-81072598e5ee", APIVersion:"networking.k8s.io/v1", ResourceVersion:"37572", FieldPath:""}): type: 'Normal' reason: 'Sync' Scheduled for sync
I1129 20:51:51.308158       7 store.go:430] "Found valid IngressClass" ingress="simphera/tagging" ingressclass="nginx"
I1129 20:51:51.308266       7 event.go:285] Event(v1.ObjectReference{Kind:"Ingress", Namespace:"simphera", Name:"tagging", UID:"40b5d943-8a99-4351-b5c5-49d717e3cc1d", APIVersion:"networking.k8s.io/v1", ResourceVersion:"37313", FieldPath:""}): type: 'Normal' reason: 'Sync' Scheduled for sync
I1129 20:51:51.308816       7 store.go:430] "Found valid IngressClass" ingress="simphera/taggingrestapi" ingressclass="nginx"
I1129 20:51:51.308906       7 event.go:285] Event(v1.ObjectReference{Kind:"Ingress", Namespace:"simphera", Name:"taggingrestapi", UID:"7da03730-60e7-404d-b5fe-c3b36c2f6a9e", APIVersion:"networking.k8s.io/v1", ResourceVersion:"37343", FieldPath:""}): type: 'Normal' reason: 'Sync' Scheduled for sync
I1129 20:51:51.309340       7 store.go:430] "Found valid IngressClass" ingress="simphera/vehicle-app" ingressclass="nginx"
I1129 20:51:51.309497       7 event.go:285] Event(v1.ObjectReference{Kind:"Ingress", Namespace:"simphera", Name:"vehicle-app", UID:"b04847fe-fa1c-43f9-b168-d4b6bb5ebea0", APIVersion:"networking.k8s.io/v1", ResourceVersion:"37339", FieldPath:""}): type: 'Normal' reason: 'Sync' Scheduled for sync
I1129 20:51:51.309883       7 store.go:430] "Found valid IngressClass" ingress="simphera/appshell" ingressclass="nginx"
I1129 20:51:51.310024       7 event.go:285] Event(v1.ObjectReference{Kind:"Ingress", Namespace:"simphera", Name:"appshell", UID:"3f74b267-a785-44b5-9031-2ec098d9e168", APIVersion:"networking.k8s.io/v1", ResourceVersion:"37620", FieldPath:""}): type: 'Normal' reason: 'Sync' Scheduled for sync
I1129 20:51:51.310522       7 store.go:430] "Found valid IngressClass" ingress="simphera/webhookrestapiswagger" ingressclass="nginx"
I1129 20:51:51.310732       7 event.go:285] Event(v1.ObjectReference{Kind:"Ingress", Namespace:"simphera", Name:"webhookrestapiswagger", UID:"b5654110-dc11-4708-8996-a1fe88bc7083", APIVersion:"networking.k8s.io/v1", ResourceVersion:"37307", FieldPath:""}): type: 'Normal' reason: 'Sync' Scheduled for sync
I1129 20:51:51.311294       7 store.go:430] "Found valid IngressClass" ingress="simphera/keycloak" ingressclass="nginx"
I1129 20:51:51.311376       7 event.go:285] Event(v1.ObjectReference{Kind:"Ingress", Namespace:"simphera", Name:"keycloak", UID:"58c77514-da5a-4774-84a7-e8e93bb3fd37", APIVersion:"networking.k8s.io/v1", ResourceVersion:"37507", FieldPath:""}): type: 'Normal' reason: 'Sync' Scheduled for sync
I1129 20:51:51.311785       7 store.go:430] "Found valid IngressClass" ingress="simphera/projectservice" ingressclass="nginx"
I1129 20:51:51.311895       7 event.go:285] Event(v1.ObjectReference{Kind:"Ingress", Namespace:"simphera", Name:"projectservice", UID:"65f387dc-4fc8-4687-b362-51afe0b9df47", APIVersion:"networking.k8s.io/v1", ResourceVersion:"37484", FieldPath:""}): type: 'Normal' reason: 'Sync' Scheduled for sync
I1129 20:51:51.312351       7 store.go:430] "Found valid IngressClass" ingress="simphera/restapiservice" ingressclass="nginx"
I1129 20:51:51.312465       7 event.go:285] Event(v1.ObjectReference{Kind:"Ingress", Namespace:"simphera", Name:"restapiservice", UID:"b2d38b13-7808-4e74-858d-3c6c22a15b5f", APIVersion:"networking.k8s.io/v1", ResourceVersion:"37476", FieldPath:""}): type: 'Normal' reason: 'Sync' Scheduled for sync
I1129 20:51:51.313565       7 store.go:430] "Found valid IngressClass" ingress="simphera/stepbtrestapi" ingressclass="nginx"
I1129 20:51:51.313652       7 event.go:285] Event(v1.ObjectReference{Kind:"Ingress", Namespace:"simphera", Name:"stepbtrestapi", UID:"96b77b6f-834e-4a2a-ac3f-2d8d5b796c21", APIVersion:"networking.k8s.io/v1", ResourceVersion:"37408", FieldPath:""}): type: 'Normal' reason: 'Sync' Scheduled for sync
I1129 20:51:51.314096       7 store.go:430] "Found valid IngressClass" ingress="simphera/systemundertest-app" ingressclass="nginx"
I1129 20:51:51.314159       7 event.go:285] Event(v1.ObjectReference{Kind:"Ingress", Namespace:"simphera", Name:"systemundertest-app", UID:"aa1f89f9-0412-4325-b500-a146cc5826ec", APIVersion:"networking.k8s.io/v1", ResourceVersion:"37391", FieldPath:""}): type: 'Normal' reason: 'Sync' Scheduled for sync
I1129 20:51:51.314569       7 store.go:430] "Found valid IngressClass" ingress="simphera/taggingrestswagger" ingressclass="nginx"
I1129 20:51:51.314657       7 event.go:285] Event(v1.ObjectReference{Kind:"Ingress", Namespace:"simphera", Name:"taggingrestswagger", UID:"e2f486f7-4783-4a48-ae35-6bb42f23600f", APIVersion:"networking.k8s.io/v1", ResourceVersion:"37319", FieldPath:""}): type: 'Normal' reason: 'Sync' Scheduled for sync
I1129 20:51:51.315019       7 store.go:430] "Found valid IngressClass" ingress="simphera/datareplay" ingressclass="nginx"
I1129 20:51:51.315144       7 event.go:285] Event(v1.ObjectReference{Kind:"Ingress", Namespace:"simphera", Name:"datareplay", UID:"30ab0aee-2315-469e-bf4d-7c076e3cf13c", APIVersion:"networking.k8s.io/v1", ResourceVersion:"37553", FieldPath:""}): type: 'Normal' reason: 'Sync' Scheduled for sync
I1129 20:51:51.315473       7 store.go:430] "Found valid IngressClass" ingress="simphera/permissionswagger" ingressclass="nginx"
I1129 20:51:51.315632       7 event.go:285] Event(v1.ObjectReference{Kind:"Ingress", Namespace:"simphera", Name:"permissionswagger", UID:"a0757712-3010-424c-9cc0-94d79aeb79a6", APIVersion:"networking.k8s.io/v1", ResourceVersion:"37496", FieldPath:""}): type: 'Normal' reason: 'Sync' Scheduled for sync
I1129 20:51:51.315920       7 store.go:430] "Found valid IngressClass" ingress="simphera/simulation" ingressclass="nginx"
I1129 20:51:51.316129       7 event.go:285] Event(v1.ObjectReference{Kind:"Ingress", Namespace:"simphera", Name:"simulation", UID:"8403fe5c-5fa3-43e7-b394-b9a57df1cefa", APIVersion:"networking.k8s.io/v1", ResourceVersion:"37428", FieldPath:""}): type: 'Normal' reason: 'Sync' Scheduled for sync
I1129 20:51:51.316385       7 store.go:430] "Found valid IngressClass" ingress="simphera/webhookrestapi" ingressclass="nginx"
I1129 20:51:51.316463       7 event.go:285] Event(v1.ObjectReference{Kind:"Ingress", Namespace:"simphera", Name:"webhookrestapi", UID:"95134b6a-e2cd-484c-bcf3-9612d3a1e578", APIVersion:"networking.k8s.io/v1", ResourceVersion:"37333", FieldPath:""}): type: 'Normal' reason: 'Sync' Scheduled for sync
I1129 20:51:51.317019       7 store.go:430] "Found valid IngressClass" ingress="simphera/corerestapi" ingressclass="nginx"
I1129 20:51:51.317137       7 event.go:285] Event(v1.ObjectReference{Kind:"Ingress", Namespace:"simphera", Name:"corerestapi", UID:"70510153-a3d9-4739-9488-d1711306dff6", APIVersion:"networking.k8s.io/v1", ResourceVersion:"37601", FieldPath:""}): type: 'Normal' reason: 'Sync' Scheduled for sync
I1129 20:51:51.317741       7 store.go:430] "Found valid IngressClass" ingress="simphera/datareplayrestapi" ingressclass="nginx"
I1129 20:51:51.317966       7 event.go:285] Event(v1.ObjectReference{Kind:"Ingress", Namespace:"simphera", Name:"datareplayrestapi", UID:"e3c3f882-e28f-4c1b-83dc-0cefd4fc7418", APIVersion:"networking.k8s.io/v1", ResourceVersion:"37588", FieldPath:""}): type: 'Normal' reason: 'Sync' Scheduled for sync
I1129 20:51:51.318418       7 store.go:430] "Found valid IngressClass" ingress="simphera/help" ingressclass="nginx"
I1129 20:51:51.318502       7 event.go:285] Event(v1.ObjectReference{Kind:"Ingress", Namespace:"simphera", Name:"help", UID:"cb259014-5a04-424b-a7fa-c14c21d10ba9", APIVersion:"networking.k8s.io/v1", ResourceVersion:"37516", FieldPath:""}): type: 'Normal' reason: 'Sync' Scheduled for sync
I1129 20:51:51.319154       7 store.go:430] "Found valid IngressClass" ingress="simphera/permissionapi" ingressclass="nginx"
I1129 20:51:51.319445       7 event.go:285] Event(v1.ObjectReference{Kind:"Ingress", Namespace:"simphera", Name:"permissionapi", UID:"c1d44402-627b-4d56-b004-4c4cff7f0f6b", APIVersion:"networking.k8s.io/v1", ResourceVersion:"37500", FieldPath:""}): type: 'Normal' reason: 'Sync' Scheduled for sync
I1129 20:51:51.319520       7 store.go:430] "Found valid IngressClass" ingress="simphera/projectrestapi" ingressclass="nginx"
I1129 20:51:51.319640       7 event.go:285] Event(v1.ObjectReference{Kind:"Ingress", Namespace:"simphera", Name:"projectrestapi", UID:"70ea9128-2eac-45cc-a851-0bf552d7397a", APIVersion:"networking.k8s.io/v1", ResourceVersion:"37489", FieldPath:""}): type: 'Normal' reason: 'Sync' Scheduled for sync
I1129 20:51:51.319936       7 store.go:430] "Found valid IngressClass" ingress="simphera/systemundertest" ingressclass="nginx"
I1129 20:51:51.320054       7 event.go:285] Event(v1.ObjectReference{Kind:"Ingress", Namespace:"simphera", Name:"systemundertest", UID:"c33ad67e-250f-4e5c-afd7-0760d17ed198", APIVersion:"networking.k8s.io/v1", ResourceVersion:"37397", FieldPath:""}): type: 'Normal' reason: 'Sync' Scheduled for sync
I1129 20:51:51.320323       7 store.go:430] "Found valid IngressClass" ingress="simphera/validation" ingressclass="nginx"
I1129 20:51:51.320480       7 event.go:285] Event(v1.ObjectReference{Kind:"Ingress", Namespace:"simphera", Name:"validation", UID:"43d76077-caae-492b-8bb1-7ca9ce1cf586", APIVersion:"networking.k8s.io/v1", ResourceVersion:"37352", FieldPath:""}): type: 'Normal' reason: 'Sync' Scheduled for sync
I1129 20:51:51.320708       7 store.go:430] "Found valid IngressClass" ingress="simphera/corerestapiswagger" ingressclass="nginx"
I1129 20:51:51.320860       7 event.go:285] Event(v1.ObjectReference{Kind:"Ingress", Namespace:"simphera", Name:"corerestapiswagger", UID:"194e8c79-2b29-4364-b307-152ab7b23b31", APIVersion:"networking.k8s.io/v1", ResourceVersion:"37592", FieldPath:""}): type: 'Normal' reason: 'Sync' Scheduled for sync
I1129 20:51:51.321056       7 store.go:430] "Found valid IngressClass" ingress="simphera/projectrestswagger" ingressclass="nginx"
I1129 20:51:51.321191       7 event.go:285] Event(v1.ObjectReference{Kind:"Ingress", Namespace:"simphera", Name:"projectrestswagger", UID:"32c932bc-63dc-44bf-b68b-1049979cec51", APIVersion:"networking.k8s.io/v1", ResourceVersion:"37329", FieldPath:""}): type: 'Normal' reason: 'Sync' Scheduled for sync
I1129 20:51:51.321378       7 store.go:430] "Found valid IngressClass" ingress="simphera/restapiswagger" ingressclass="nginx"
I1129 20:51:51.321536       7 event.go:285] Event(v1.ObjectReference{Kind:"Ingress", Namespace:"simphera", Name:"restapiswagger", UID:"27e405b0-7b2c-4ac9-84fd-735c2ead6470", APIVersion:"networking.k8s.io/v1", ResourceVersion:"37471", FieldPath:""}): type: 'Normal' reason: 'Sync' Scheduled for sync
I1129 20:51:51.321744       7 store.go:430] "Found valid IngressClass" ingress="simphera/simulation-app" ingressclass="nginx"
I1129 20:51:51.321914       7 event.go:285] Event(v1.ObjectReference{Kind:"Ingress", Namespace:"simphera", Name:"simulation-app", UID:"a8666f93-7a53-48cc-8390-b6c0e298a13a", APIVersion:"networking.k8s.io/v1", ResourceVersion:"37422", FieldPath:""}): type: 'Normal' reason: 'Sync' Scheduled for sync
I1129 20:51:51.322151       7 store.go:430] "Found valid IngressClass" ingress="simphera/stepbtrestapiswagger" ingressclass="nginx"
I1129 20:51:51.322284       7 event.go:285] Event(v1.ObjectReference{Kind:"Ingress", Namespace:"simphera", Name:"stepbtrestapiswagger", UID:"82ff4728-a15f-4c37-8a21-3304ccbe58c1", APIVersion:"networking.k8s.io/v1", ResourceVersion:"37402", FieldPath:""}): type: 'Normal' reason: 'Sync' Scheduled for sync
I1129 20:51:51.322572       7 store.go:430] "Found valid IngressClass" ingress="simphera/validation-app" ingressclass="nginx"
I1129 20:51:51.322689       7 event.go:285] Event(v1.ObjectReference{Kind:"Ingress", Namespace:"simphera", Name:"validation-app", UID:"c9098c61-1238-4bc6-8b87-286770548e34", APIVersion:"networking.k8s.io/v1", ResourceVersion:"37357", FieldPath:""}): type: 'Normal' reason: 'Sync' Scheduled for sync
I1129 20:51:51.322944       7 store.go:430] "Found valid IngressClass" ingress="simphera/datareplayrestswagger" ingressclass="nginx"
I1129 20:51:51.323093       7 event.go:285] Event(v1.ObjectReference{Kind:"Ingress", Namespace:"simphera", Name:"datareplayrestswagger", UID:"92a4b70a-4670-4354-b864-1656134c3b2d", APIVersion:"networking.k8s.io/v1", ResourceVersion:"37577", FieldPath:""}): type: 'Normal' reason: 'Sync' Scheduled for sync
I1129 20:51:51.323305       7 store.go:430] "Found valid IngressClass" ingress="simphera/experiment-app" ingressclass="nginx"
I1129 20:51:51.323524       7 event.go:285] Event(v1.ObjectReference{Kind:"Ingress", Namespace:"simphera", Name:"experiment-app", UID:"c2d11f13-c0aa-4a3c-a592-62bf538eab65", APIVersion:"networking.k8s.io/v1", ResourceVersion:"37566", FieldPath:""}): type: 'Normal' reason: 'Sync' Scheduled for sync
I1129 20:51:51.323777       7 store.go:430] "Found valid IngressClass" ingress="simphera/experimentrestapiswagger" ingressclass="nginx"
I1129 20:51:51.324192       7 store.go:430] "Found valid IngressClass" ingress="simphera/experimentservice" ingressclass="nginx"
I1129 20:51:51.324345       7 event.go:285] Event(v1.ObjectReference{Kind:"Ingress", Namespace:"simphera", Name:"experimentrestapiswagger", UID:"7c9779b4-d7cd-4b6a-a767-d97a398c2ba2", APIVersion:"networking.k8s.io/v1", ResourceVersion:"37560", FieldPath:""}): type: 'Normal' reason: 'Sync' Scheduled for sync
I1129 20:51:51.324364       7 event.go:285] Event(v1.ObjectReference{Kind:"Ingress", Namespace:"simphera", Name:"experimentservice", UID:"271e3abe-de15-40a3-85a4-f5627419692c", APIVersion:"networking.k8s.io/v1", ResourceVersion:"37520", FieldPath:""}): type: 'Normal' reason: 'Sync' Scheduled for sync
I1129 20:51:51.324656       7 store.go:430] "Found valid IngressClass" ingress="simphera/scenario" ingressclass="nginx"
I1129 20:51:51.324765       7 event.go:285] Event(v1.ObjectReference{Kind:"Ingress", Namespace:"simphera", Name:"scenario", UID:"a38cfb64-90a2-428f-a233-2aeef003daff", APIVersion:"networking.k8s.io/v1", ResourceVersion:"37438", FieldPath:""}): type: 'Normal' reason: 'Sync' Scheduled for sync
I1129 20:51:51.325063       7 store.go:430] "Found valid IngressClass" ingress="simphera/stepbt" ingressclass="nginx"
I1129 20:51:51.325170       7 event.go:285] Event(v1.ObjectReference{Kind:"Ingress", Namespace:"simphera", Name:"stepbt", UID:"fe48f2d4-a6dd-4eb1-af07-a94578a7ae3f", APIVersion:"networking.k8s.io/v1", ResourceVersion:"37418", FieldPath:""}): type: 'Normal' reason: 'Sync' Scheduled for sync
I1129 20:51:51.325356       7 store.go:430] "Found valid IngressClass" ingress="simphera/stepbt-app" ingressclass="nginx"
I1129 20:51:51.325506       7 event.go:285] Event(v1.ObjectReference{Kind:"Ingress", Namespace:"simphera", Name:"stepbt-app", UID:"85635941-0df1-4ae3-ae90-d6a901264ba7", APIVersion:"networking.k8s.io/v1", ResourceVersion:"37413", FieldPath:""}): type: 'Normal' reason: 'Sync' Scheduled for sync
I1129 20:51:51.325637       7 store.go:430] "Found valid IngressClass" ingress="simphera/vehiclegateway" ingressclass="nginx"
I1129 20:51:51.325785       7 event.go:285] Event(v1.ObjectReference{Kind:"Ingress", Namespace:"simphera", Name:"vehiclegateway", UID:"fa5054e2-3c30-4a14-aafc-ea8c14372b79", APIVersion:"networking.k8s.io/v1", ResourceVersion:"37348", FieldPath:""}): type: 'Normal' reason: 'Sync' Scheduled for sync
I1129 20:51:51.389680       7 nginx.go:303] "Starting NGINX process"
I1129 20:51:51.389782       7 leaderelection.go:248] attempting to acquire leader lease ingress-nginx/ingress-controller-leader...
I1129 20:51:51.395808       7 status.go:84] "New leader elected" identity="nginx-ingress-ingress-nginx-controller-5c7745f45-nrb6s"
I1129 20:51:51.402985       7 nginx.go:323] "Starting validation webhook" address=":8443" certPath="/usr/local/certificates/cert" keyPath="/usr/local/certificates/key"
W1129 20:51:51.404000       7 controller.go:1298] Server snippet already configured for server "sswb-simphera.dspace-dev.com", skipping (Ingress "simphera/taggingrestapi")
W1129 20:51:51.404022       7 controller.go:1298] Server snippet already configured for server "sswb-simphera.dspace-dev.com", skipping (Ingress "simphera/stepbtrestapi")
W1129 20:51:51.404036       7 controller.go:1298] Server snippet already configured for server "sswb-simphera.dspace-dev.com", skipping (Ingress "simphera/restapiservice")
W1129 20:51:51.404045       7 controller.go:1298] Server snippet already configured for server "sswb-simphera.dspace-dev.com", skipping (Ingress "simphera/projectrestapi")
W1129 20:51:51.404053       7 controller.go:1298] Server snippet already configured for server "sswb-simphera.dspace-dev.com", skipping (Ingress "simphera/permissionapi")
W1129 20:51:51.404070       7 controller.go:1298] Server snippet already configured for server "sswb-simphera.dspace-dev.com", skipping (Ingress "simphera/experimentrestapi")
W1129 20:51:51.404080       7 controller.go:1298] Server snippet already configured for server "sswb-simphera.dspace-dev.com", skipping (Ingress "simphera/datareplayrestapi")
W1129 20:51:51.404090       7 controller.go:1298] Server snippet already configured for server "sswb-simphera.dspace-dev.com", skipping (Ingress "simphera/corerestapi")
I1129 20:51:51.404393       7 controller.go:168] "Configuration changes detected, backend reload required"
I1129 20:51:51.595542       7 controller.go:185] "Backend successfully reloaded"
I1129 20:51:51.595624       7 controller.go:196] "Initial sync, sleeping for 1 second"
I1129 20:51:51.595734       7 event.go:285] Event(v1.ObjectReference{Kind:"Pod", Namespace:"ingress-nginx", Name:"nginx-ingress-ingress-nginx-controller-5c7745f45-25t9v", UID:"f2cad647-558d-4545-8630-6d4f9085157b", APIVersion:"v1", ResourceVersion:"214624", FieldPath:""}): type: 'Normal' reason: 'RELOAD' NGINX reload triggered due to a change in configuration
W1129 20:51:55.159226       7 controller.go:1298] Server snippet already configured for server "sswb-simphera.dspace-dev.com", skipping (Ingress "simphera/taggingrestapi")
W1129 20:51:55.159270       7 controller.go:1298] Server snippet already configured for server "sswb-simphera.dspace-dev.com", skipping (Ingress "simphera/stepbtrestapi")
W1129 20:51:55.159289       7 controller.go:1298] Server snippet already configured for server "sswb-simphera.dspace-dev.com", skipping (Ingress "simphera/restapiservice")
W1129 20:51:55.159299       7 controller.go:1298] Server snippet already configured for server "sswb-simphera.dspace-dev.com", skipping (Ingress "simphera/projectrestapi")
W1129 20:51:55.159309       7 controller.go:1298] Server snippet already configured for server "sswb-simphera.dspace-dev.com", skipping (Ingress "simphera/permissionapi")
W1129 20:51:55.159329       7 controller.go:1298] Server snippet already configured for server "sswb-simphera.dspace-dev.com", skipping (Ingress "simphera/experimentrestapi")
W1129 20:51:55.159343       7 controller.go:1298] Server snippet already configured for server "sswb-simphera.dspace-dev.com", skipping (Ingress "simphera/datareplayrestapi")
W1129 20:51:55.159356       7 controller.go:1298] Server snippet already configured for server "sswb-simphera.dspace-dev.com", skipping (Ingress "simphera/corerestapi")
W1129 20:51:58.490998       7 controller.go:1298] Server snippet already configured for server "sswb-simphera.dspace-dev.com", skipping (Ingress "simphera/taggingrestapi")
W1129 20:51:58.491026       7 controller.go:1298] Server snippet already configured for server "sswb-simphera.dspace-dev.com", skipping (Ingress "simphera/stepbtrestapi")
W1129 20:51:58.491037       7 controller.go:1298] Server snippet already configured for server "sswb-simphera.dspace-dev.com", skipping (Ingress "simphera/restapiservice")
W1129 20:51:58.491044       7 controller.go:1298] Server snippet already configured for server "sswb-simphera.dspace-dev.com", skipping (Ingress "simphera/projectrestapi")
W1129 20:51:58.491052       7 controller.go:1298] Server snippet already configured for server "sswb-simphera.dspace-dev.com", skipping (Ingress "simphera/permissionapi")
W1129 20:51:58.491070       7 controller.go:1298] Server snippet already configured for server "sswb-simphera.dspace-dev.com", skipping (Ingress "simphera/experimentrestapi")
W1129 20:51:58.491078       7 controller.go:1298] Server snippet already configured for server "sswb-simphera.dspace-dev.com", skipping (Ingress "simphera/datareplayrestapi")
W1129 20:51:58.491085       7 controller.go:1298] Server snippet already configured for server "sswb-simphera.dspace-dev.com", skipping (Ingress "simphera/corerestapi")
W1129 20:52:01.824564       7 controller.go:1298] Server snippet already configured for server "sswb-simphera.dspace-dev.com", skipping (Ingress "simphera/taggingrestapi")
W1129 20:52:01.824595       7 controller.go:1298] Server snippet already configured for server "sswb-simphera.dspace-dev.com", skipping (Ingress "simphera/stepbtrestapi")
W1129 20:52:01.824607       7 controller.go:1298] Server snippet already configured for server "sswb-simphera.dspace-dev.com", skipping (Ingress "simphera/restapiservice")
W1129 20:52:01.824616       7 controller.go:1298] Server snippet already configured for server "sswb-simphera.dspace-dev.com", skipping (Ingress "simphera/projectrestapi")
W1129 20:52:01.824624       7 controller.go:1298] Server snippet already configured for server "sswb-simphera.dspace-dev.com", skipping (Ingress "simphera/permissionapi")
W1129 20:52:01.824641       7 controller.go:1298] Server snippet already configured for server "sswb-simphera.dspace-dev.com", skipping (Ingress "simphera/experimentrestapi")
W1129 20:52:01.824652       7 controller.go:1298] Server snippet already configured for server "sswb-simphera.dspace-dev.com", skipping (Ingress "simphera/datareplayrestapi")
W1129 20:52:01.824668       7 controller.go:1298] Server snippet already configured for server "sswb-simphera.dspace-dev.com", skipping (Ingress "simphera/corerestapi")
W1129 20:52:05.157342       7 controller.go:1298] Server snippet already configured for server "sswb-simphera.dspace-dev.com", skipping (Ingress "simphera/taggingrestapi")
W1129 20:52:05.157400       7 controller.go:1298] Server snippet already configured for server "sswb-simphera.dspace-dev.com", skipping (Ingress "simphera/stepbtrestapi")
W1129 20:52:05.157414       7 controller.go:1298] Server snippet already configured for server "sswb-simphera.dspace-dev.com", skipping (Ingress "simphera/restapiservice")
W1129 20:52:05.157421       7 controller.go:1298] Server snippet already configured for server "sswb-simphera.dspace-dev.com", skipping (Ingress "simphera/projectrestapi")
W1129 20:52:05.157427       7 controller.go:1298] Server snippet already configured for server "sswb-simphera.dspace-dev.com", skipping (Ingress "simphera/permissionapi")
W1129 20:52:05.157440       7 controller.go:1298] Server snippet already configured for server "sswb-simphera.dspace-dev.com", skipping (Ingress "simphera/experimentrestapi")
W1129 20:52:05.157447       7 controller.go:1298] Server snippet already configured for server "sswb-simphera.dspace-dev.com", skipping (Ingress "simphera/datareplayrestapi")
W1129 20:52:05.157454       7 controller.go:1298] Server snippet already configured for server "sswb-simphera.dspace-dev.com", skipping (Ingress "simphera/corerestapi")
W1129 20:52:08.491100       7 controller.go:1298] Server snippet already configured for server "sswb-simphera.dspace-dev.com", skipping (Ingress "simphera/taggingrestapi")
W1129 20:52:08.491132       7 controller.go:1298] Server snippet already configured for server "sswb-simphera.dspace-dev.com", skipping (Ingress "simphera/stepbtrestapi")
W1129 20:52:08.491145       7 controller.go:1298] Server snippet already configured for server "sswb-simphera.dspace-dev.com", skipping (Ingress "simphera/restapiservice")
W1129 20:52:08.491154       7 controller.go:1298] Server snippet already configured for server "sswb-simphera.dspace-dev.com", skipping (Ingress "simphera/projectrestapi")
W1129 20:52:08.491163       7 controller.go:1298] Server snippet already configured for server "sswb-simphera.dspace-dev.com", skipping (Ingress "simphera/permissionapi")
W1129 20:52:08.491181       7 controller.go:1298] Server snippet already configured for server "sswb-simphera.dspace-dev.com", skipping (Ingress "simphera/experimentrestapi")
W1129 20:52:08.491192       7 controller.go:1298] Server snippet already configured for server "sswb-simphera.dspace-dev.com", skipping (Ingress "simphera/datareplayrestapi")
W1129 20:52:08.491209       7 controller.go:1298] Server snippet already configured for server "sswb-simphera.dspace-dev.com", skipping (Ingress "simphera/corerestapi")
I1129 20:52:34.082413       7 leaderelection.go:258] successfully acquired lease ingress-nginx/ingress-controller-leader
I1129 20:52:34.082478       7 status.go:84] "New leader elected" identity="nginx-ingress-ingress-nginx-controller-5c7745f45-25t9v"
[29/Nov/2022:20:52:37 +0000] "POST /auth/realms/simphera/protocol/openid-connect/token HTTP/1.1" 200 "-"
[29/Nov/2022:20:52:37 +0000] "POST /api/auth/login HTTP/1.1" 200 "-"
[29/Nov/2022:20:52:37 +0000] "GET /api/v1/projects HTTP/1.1" 202 "Bearer eyJhbGciOiJSUzI1NiIsInR5cCIgOiAiSldUIiwia2lkIiA6ICJxeDhCREdnbjlvYUpoY1VhWDlCal85TmJReEJVcDlGU0cya1NIX19BZnVzIn0.eyJleHAiOjE2Njk3NTY5NTcsImlhdCI6MTY2OTc1NTE1NywianRpIjoiMjBjNjQyYzEtZDJjYi00OGIzLTkwYWUtMDBhMTZmODIwZWI4IiwiaXNzIjoiaHR0cHM6Ly9zc3diLWtleWNsb2FrLmRzcGFjZS1kZXYuY29tL2F1dGgvcmVhbG1zL3NpbXBoZXJhIiwiYXVkIjpbInNpbXBoZXJhLWNsaWVudCIsImFjY291bnQiXSwic3ViIjoiYWZiOWU2YzEtM2Y5OS00OGVjLTgyMGMtMjZjZjNlZWY3MjJhIiwidHlwIjoiQmVhcmVyIiwiYXpwIjoic2ltcGhlcmEtY2xpZW50Iiwic2Vzc2lvbl9zdGF0ZSI6ImU3ZGUwMjUzLTFiMTItNDdiNy1iZmQ3LTgyOWVmNDkyMTAxMCIsImFjciI6IjEiLCJhbGxvd2VkLW9yaWdpbnMiOlsiKiJdLCJyZWFsbV9hY2Nlc3MiOnsicm9sZXMiOlsib2ZmbGluZV9hY2Nlc3MiLCJkZWZhdWx0LXJvbGVzLXNpbXBoZXJhIiwidW1hX2F1dGhvcml6YXRpb24iXX0sInJlc291cmNlX2FjY2VzcyI6eyJhY2NvdW50Ijp7InJvbGVzIjpbIm1hbmFnZS1hY2NvdW50IiwibWFuYWdlLWFjY291bnQtbGlua3MiLCJ2aWV3LXByb2ZpbGUiXX19LCJzY29wZSI6InByb2ZpbGUgZW1haWwiLCJlbWFpbF92ZXJpZmllZCI6ZmFsc2UsImdyb3VwcyI6W10sInByZWZlcnJlZF91c2VybmFtZSI6ImRlbW8ifQ.SELk5FHvL3o239qfshfghdCosv1RGVF9NYVHb36DDoVLMTzrIb75Lu3J5plUBv4uKhZbLBRsaJTjUt0hMJJRti1XlFMi85rj3W0sjyzjo4jOMSIzkal5K-mjiCoCU8sEUEy80cG7gb5W4bRiyHT8I3MBwDyskt7a2ZBUnDjHlLmRwSl6hY5M55GO-QwvkXIk99zWC_KG20dLjrdDfSePhB3YKwJbDIZUVTibR2Ib7H4KXL0Pm0WuF1_QQYgMPQ_U5Ydf6i9zrmDz0wu8UOYFYCQhQ7IW5f_tXWyI58GsJF2RJaDwpFxfWD96-BJICt642G4Z62cfaRgLohvZ47i6Tw"
[29/Nov/2022:20:52:37 +0000] "GET /api/v1/projects HTTP/1.1" 200 "Bearer eyJhbGciOiJSUzI1NiIsInR5cCIgOiAiSldUIiwia2lkIiA6ICJxeDhCREdnbjlvYUpoY1VhWDlCal85TmJReEJVcDlGU0cya1NIX19BZnVzIn0.eyJleHAiOjE2Njk3NTY5NTcsImlhdCI6MTY2OTc1NTE1NywianRpIjoiMjBjNjQyYzEtZDJjYi00OGIzLTkwYWUtMDBhMTZmODIwZWI4IiwiaXNzIjoiaHR0cHM6Ly9zc3diLWtleWNsb2FrLmRzcGFjZS1kZXYuY29tL2F1dGgvcmVhbG1zL3NpbXBoZXJhIiwiYXVkIjpbInNpbXBoZXJhLWNsaWVudCIsImFjY291bnQiXSwic3ViIjoiYWZiOWU2YzEtM2Y5OS00OGVjLTgyMGMtMjZjZjNlZWY3MjJhIiwidHlwIjoiQmVhcmVyIiwiYXpwIjoic2ltcGhlcmEtY2xpZW50Iiwic2Vzc2lvbl9zdGF0ZSI6ImU3ZGUwMjUzLTFiMTItNDdiNy1iZmQ3LTgyOWVmNDkyMTAxMCIsImFjciI6IjEiLCJhbGxvd2VkLW9yaWdpbnMiOlsiKiJdLCJyZWFsbV9hY2Nlc3MiOnsicm9sZXMiOlsib2ZmbGluZV9hY2Nlc3MiLCJkZWZhdWx0LXJvbGVzLXNpbXBoZXJhIiwidW1hX2F1dGhvcml6YXRpb24iXX0sInJlc291cmNlX2FjY2VzcyI6eyJhY2NvdW50Ijp7InJvbGVzIjpbIm1hbmFnZS1hY2NvdW50IiwibWFuYWdlLWFjY291bnQtbGlua3MiLCJ2aWV3LXByb2ZpbGUiXX19LCJzY29wZSI6InByb2ZpbGUgZW1haWwiLCJlbWFpbF92ZXJpZmllZCI6ZmFsc2UsImdyb3VwcyI6W10sInByZWZlcnJlZF91c2VybmFtZSI6ImRlbW8ifQ.SELk5FHvL3o239qfshfghdCosv1RGVF9NYVHb36DDoVLMTzrIb75Lu3J5plUBv4uKhZbLBRsaJTjUt0hMJJRti1XlFMi85rj3W0sjyzjo4jOMSIzkal5K-mjiCoCU8sEUEy80cG7gb5W4bRiyHT8I3MBwDyskt7a2ZBUnDjHlLmRwSl6hY5M55GO-QwvkXIk99zWC_KG20dLjrdDfSePhB3YKwJbDIZUVTibR2Ib7H4KXL0Pm0WuF1_QQYgMPQ_U5Ydf6i9zrmDz0wu8UOYFYCQhQ7IW5f_tXWyI58GsJF2RJaDwpFxfWD96-BJICt642G4Z62cfaRgLohvZ47i6Tw"
[29/Nov/2022:20:52:37 +0000] "GET /api/v1/projects/8e69452f-fd83-44cb-b86f-c0ca50f23cbe/testenvironments?pageSize=10 HTTP/1.1" 202 "Bearer eyJhbGciOiJSUzI1NiIsInR5cCIgOiAiSldUIiwia2lkIiA6ICJxeDhCREdnbjlvYUpoY1VhWDlCal85TmJReEJVcDlGU0cya1NIX19BZnVzIn0.eyJleHAiOjE2Njk3NTY5NTcsImlhdCI6MTY2OTc1NTE1NywianRpIjoiMjBjNjQyYzEtZDJjYi00OGIzLTkwYWUtMDBhMTZmODIwZWI4IiwiaXNzIjoiaHR0cHM6Ly9zc3diLWtleWNsb2FrLmRzcGFjZS1kZXYuY29tL2F1dGgvcmVhbG1zL3NpbXBoZXJhIiwiYXVkIjpbInNpbXBoZXJhLWNsaWVudCIsImFjY291bnQiXSwic3ViIjoiYWZiOWU2YzEtM2Y5OS00OGVjLTgyMGMtMjZjZjNlZWY3MjJhIiwidHlwIjoiQmVhcmVyIiwiYXpwIjoic2ltcGhlcmEtY2xpZW50Iiwic2Vzc2lvbl9zdGF0ZSI6ImU3ZGUwMjUzLTFiMTItNDdiNy1iZmQ3LTgyOWVmNDkyMTAxMCIsImFjciI6IjEiLCJhbGxvd2VkLW9yaWdpbnMiOlsiKiJdLCJyZWFsbV9hY2Nlc3MiOnsicm9sZXMiOlsib2ZmbGluZV9hY2Nlc3MiLCJkZWZhdWx0LXJvbGVzLXNpbXBoZXJhIiwidW1hX2F1dGhvcml6YXRpb24iXX0sInJlc291cmNlX2FjY2VzcyI6eyJhY2NvdW50Ijp7InJvbGVzIjpbIm1hbmFnZS1hY2NvdW50IiwibWFuYWdlLWFjY291bnQtbGlua3MiLCJ2aWV3LXByb2ZpbGUiXX19LCJzY29wZSI6InByb2ZpbGUgZW1haWwiLCJlbWFpbF92ZXJpZmllZCI6ZmFsc2UsImdyb3VwcyI6W10sInByZWZlcnJlZF91c2VybmFtZSI6ImRlbW8ifQ.SELk5FHvL3o239qfshfghdCosv1RGVF9NYVHb36DDoVLMTzrIb75Lu3J5plUBv4uKhZbLBRsaJTjUt0hMJJRti1XlFMi85rj3W0sjyzjo4jOMSIzkal5K-mjiCoCU8sEUEy80cG7gb5W4bRiyHT8I3MBwDyskt7a2ZBUnDjHlLmRwSl6hY5M55GO-QwvkXIk99zWC_KG20dLjrdDfSePhB3YKwJbDIZUVTibR2Ib7H4KXL0Pm0WuF1_QQYgMPQ_U5Ydf6i9zrmDz0wu8UOYFYCQhQ7IW5f_tXWyI58GsJF2RJaDwpFxfWD96-BJICt642G4Z62cfaRgLohvZ47i6Tw"
[29/Nov/2022:20:52:37 +0000] "GET /api/v1/projects/8e69452f-fd83-44cb-b86f-c0ca50f23cbe/suts?pageSize=10 HTTP/1.1" 202 "Bearer eyJhbGciOiJSUzI1NiIsInR5cCIgOiAiSldUIiwia2lkIiA6ICJxeDhCREdnbjlvYUpoY1VhWDlCal85TmJReEJVcDlGU0cya1NIX19BZnVzIn0.eyJleHAiOjE2Njk3NTY5NTcsImlhdCI6MTY2OTc1NTE1NywianRpIjoiMjBjNjQyYzEtZDJjYi00OGIzLTkwYWUtMDBhMTZmODIwZWI4IiwiaXNzIjoiaHR0cHM6Ly9zc3diLWtleWNsb2FrLmRzcGFjZS1kZXYuY29tL2F1dGgvcmVhbG1zL3NpbXBoZXJhIiwiYXVkIjpbInNpbXBoZXJhLWNsaWVudCIsImFjY291bnQiXSwic3ViIjoiYWZiOWU2YzEtM2Y5OS00OGVjLTgyMGMtMjZjZjNlZWY3MjJhIiwidHlwIjoiQmVhcmVyIiwiYXpwIjoic2ltcGhlcmEtY2xpZW50Iiwic2Vzc2lvbl9zdGF0ZSI6ImU3ZGUwMjUzLTFiMTItNDdiNy1iZmQ3LTgyOWVmNDkyMTAxMCIsImFjciI6IjEiLCJhbGxvd2VkLW9yaWdpbnMiOlsiKiJdLCJyZWFsbV9hY2Nlc3MiOnsicm9sZXMiOlsib2ZmbGluZV9hY2Nlc3MiLCJkZWZhdWx0LXJvbGVzLXNpbXBoZXJhIiwidW1hX2F1dGhvcml6YXRpb24iXX0sInJlc291cmNlX2FjY2VzcyI6eyJhY2NvdW50Ijp7InJvbGVzIjpbIm1hbmFnZS1hY2NvdW50IiwibWFuYWdlLWFjY291bnQtbGlua3MiLCJ2aWV3LXByb2ZpbGUiXX19LCJzY29wZSI6InByb2ZpbGUgZW1haWwiLCJlbWFpbF92ZXJpZmllZCI6ZmFsc2UsImdyb3VwcyI6W10sInByZWZlcnJlZF91c2VybmFtZSI6ImRlbW8ifQ.SELk5FHvL3o239qfshfghdCosv1RGVF9NYVHb36DDoVLMTzrIb75Lu3J5plUBv4uKhZbLBRsaJTjUt0hMJJRti1XlFMi85rj3W0sjyzjo4jOMSIzkal5K-mjiCoCU8sEUEy80cG7gb5W4bRiyHT8I3MBwDyskt7a2ZBUnDjHlLmRwSl6hY5M55GO-QwvkXIk99zWC_KG20dLjrdDfSePhB3YKwJbDIZUVTibR2Ib7H4KXL0Pm0WuF1_QQYgMPQ_U5Ydf6i9zrmDz0wu8UOYFYCQhQ7IW5f_tXWyI58GsJF2RJaDwpFxfWD96-BJICt642G4Z62cfaRgLohvZ47i6Tw"
[29/Nov/2022:20:52:38 +0000] "GET /api/v1/projects/8e69452f-fd83-44cb-b86f-c0ca50f23cbe/suites?pageSize=10 HTTP/1.1" 202 "Bearer eyJhbGciOiJSUzI1NiIsInR5cCIgOiAiSldUIiwia2lkIiA6ICJxeDhCREdnbjlvYUpoY1VhWDlCal85TmJReEJVcDlGU0cya1NIX19BZnVzIn0.eyJleHAiOjE2Njk3NTY5NTcsImlhdCI6MTY2OTc1NTE1NywianRpIjoiMjBjNjQyYzEtZDJjYi00OGIzLTkwYWUtMDBhMTZmODIwZWI4IiwiaXNzIjoiaHR0cHM6Ly9zc3diLWtleWNsb2FrLmRzcGFjZS1kZXYuY29tL2F1dGgvcmVhbG1zL3NpbXBoZXJhIiwiYXVkIjpbInNpbXBoZXJhLWNsaWVudCIsImFjY291bnQiXSwic3ViIjoiYWZiOWU2YzEtM2Y5OS00OGVjLTgyMGMtMjZjZjNlZWY3MjJhIiwidHlwIjoiQmVhcmVyIiwiYXpwIjoic2ltcGhlcmEtY2xpZW50Iiwic2Vzc2lvbl9zdGF0ZSI6ImU3ZGUwMjUzLTFiMTItNDdiNy1iZmQ3LTgyOWVmNDkyMTAxMCIsImFjciI6IjEiLCJhbGxvd2VkLW9yaWdpbnMiOlsiKiJdLCJyZWFsbV9hY2Nlc3MiOnsicm9sZXMiOlsib2ZmbGluZV9hY2Nlc3MiLCJkZWZhdWx0LXJvbGVzLXNpbXBoZXJhIiwidW1hX2F1dGhvcml6YXRpb24iXX0sInJlc291cmNlX2FjY2VzcyI6eyJhY2NvdW50Ijp7InJvbGVzIjpbIm1hbmFnZS1hY2NvdW50IiwibWFuYWdlLWFjY291bnQtbGlua3MiLCJ2aWV3LXByb2ZpbGUiXX19LCJzY29wZSI6InByb2ZpbGUgZW1haWwiLCJlbWFpbF92ZXJpZmllZCI6ZmFsc2UsImdyb3VwcyI6W10sInByZWZlcnJlZF91c2VybmFtZSI6ImRlbW8ifQ.SELk5FHvL3o239qfshfghdCosv1RGVF9NYVHb36DDoVLMTzrIb75Lu3J5plUBv4uKhZbLBRsaJTjUt0hMJJRti1XlFMi85rj3W0sjyzjo4jOMSIzkal5K-mjiCoCU8sEUEy80cG7gb5W4bRiyHT8I3MBwDyskt7a2ZBUnDjHlLmRwSl6hY5M55GO-QwvkXIk99zWC_KG20dLjrdDfSePhB3YKwJbDIZUVTibR2Ib7H4KXL0Pm0WuF1_QQYgMPQ_U5Ydf6i9zrmDz0wu8UOYFYCQhQ7IW5f_tXWyI58GsJF2RJaDwpFxfWD96-BJICt642G4Z62cfaRgLohvZ47i6Tw"
[29/Nov/2022:20:52:38 +0000] "GET /api/v1/projects/8e69452f-fd83-44cb-b86f-c0ca50f23cbe/suts?pageSize=10 HTTP/1.1" 200 "Bearer eyJhbGciOiJSUzI1NiIsInR5cCIgOiAiSldUIiwia2lkIiA6ICJxeDhCREdnbjlvYUpoY1VhWDlCal85TmJReEJVcDlGU0cya1NIX19BZnVzIn0.eyJleHAiOjE2Njk3NTY5NTcsImlhdCI6MTY2OTc1NTE1NywianRpIjoiMjBjNjQyYzEtZDJjYi00OGIzLTkwYWUtMDBhMTZmODIwZWI4IiwiaXNzIjoiaHR0cHM6Ly9zc3diLWtleWNsb2FrLmRzcGFjZS1kZXYuY29tL2F1dGgvcmVhbG1zL3NpbXBoZXJhIiwiYXVkIjpbInNpbXBoZXJhLWNsaWVudCIsImFjY291bnQiXSwic3ViIjoiYWZiOWU2YzEtM2Y5OS00OGVjLTgyMGMtMjZjZjNlZWY3MjJhIiwidHlwIjoiQmVhcmVyIiwiYXpwIjoic2ltcGhlcmEtY2xpZW50Iiwic2Vzc2lvbl9zdGF0ZSI6ImU3ZGUwMjUzLTFiMTItNDdiNy1iZmQ3LTgyOWVmNDkyMTAxMCIsImFjciI6IjEiLCJhbGxvd2VkLW9yaWdpbnMiOlsiKiJdLCJyZWFsbV9hY2Nlc3MiOnsicm9sZXMiOlsib2ZmbGluZV9hY2Nlc3MiLCJkZWZhdWx0LXJvbGVzLXNpbXBoZXJhIiwidW1hX2F1dGhvcml6YXRpb24iXX0sInJlc291cmNlX2FjY2VzcyI6eyJhY2NvdW50Ijp7InJvbGVzIjpbIm1hbmFnZS1hY2NvdW50IiwibWFuYWdlLWFjY291bnQtbGlua3MiLCJ2aWV3LXByb2ZpbGUiXX19LCJzY29wZSI6InByb2ZpbGUgZW1haWwiLCJlbWFpbF92ZXJpZmllZCI6ZmFsc2UsImdyb3VwcyI6W10sInByZWZlcnJlZF91c2VybmFtZSI6ImRlbW8ifQ.SELk5FHvL3o239qfshfghdCosv1RGVF9NYVHb36DDoVLMTzrIb75Lu3J5plUBv4uKhZbLBRsaJTjUt0hMJJRti1XlFMi85rj3W0sjyzjo4jOMSIzkal5K-mjiCoCU8sEUEy80cG7gb5W4bRiyHT8I3MBwDyskt7a2ZBUnDjHlLmRwSl6hY5M55GO-QwvkXIk99zWC_KG20dLjrdDfSePhB3YKwJbDIZUVTibR2Ib7H4KXL0Pm0WuF1_QQYgMPQ_U5Ydf6i9zrmDz0wu8UOYFYCQhQ7IW5f_tXWyI58GsJF2RJaDwpFxfWD96-BJICt642G4Z62cfaRgLohvZ47i6Tw"
[29/Nov/2022:20:52:38 +0000] "GET /api/v1/projects/8e69452f-fd83-44cb-b86f-c0ca50f23cbe/testenvironments?pageSize=10 HTTP/1.1" 200 "Bearer eyJhbGciOiJSUzI1NiIsInR5cCIgOiAiSldUIiwia2lkIiA6ICJxeDhCREdnbjlvYUpoY1VhWDlCal85TmJReEJVcDlGU0cya1NIX19BZnVzIn0.eyJleHAiOjE2Njk3NTY5NTcsImlhdCI6MTY2OTc1NTE1NywianRpIjoiMjBjNjQyYzEtZDJjYi00OGIzLTkwYWUtMDBhMTZmODIwZWI4IiwiaXNzIjoiaHR0cHM6Ly9zc3diLWtleWNsb2FrLmRzcGFjZS1kZXYuY29tL2F1dGgvcmVhbG1zL3NpbXBoZXJhIiwiYXVkIjpbInNpbXBoZXJhLWNsaWVudCIsImFjY291bnQiXSwic3ViIjoiYWZiOWU2YzEtM2Y5OS00OGVjLTgyMGMtMjZjZjNlZWY3MjJhIiwidHlwIjoiQmVhcmVyIiwiYXpwIjoic2ltcGhlcmEtY2xpZW50Iiwic2Vzc2lvbl9zdGF0ZSI6ImU3ZGUwMjUzLTFiMTItNDdiNy1iZmQ3LTgyOWVmNDkyMTAxMCIsImFjciI6IjEiLCJhbGxvd2VkLW9yaWdpbnMiOlsiKiJdLCJyZWFsbV9hY2Nlc3MiOnsicm9sZXMiOlsib2ZmbGluZV9hY2Nlc3MiLCJkZWZhdWx0LXJvbGVzLXNpbXBoZXJhIiwidW1hX2F1dGhvcml6YXRpb24iXX0sInJlc291cmNlX2FjY2VzcyI6eyJhY2NvdW50Ijp7InJvbGVzIjpbIm1hbmFnZS1hY2NvdW50IiwibWFuYWdlLWFjY291bnQtbGlua3MiLCJ2aWV3LXByb2ZpbGUiXX19LCJzY29wZSI6InByb2ZpbGUgZW1haWwiLCJlbWFpbF92ZXJpZmllZCI6ZmFsc2UsImdyb3VwcyI6W10sInByZWZlcnJlZF91c2VybmFtZSI6ImRlbW8ifQ.SELk5FHvL3o239qfshfghdCosv1RGVF9NYVHb36DDoVLMTzrIb75Lu3J5plUBv4uKhZbLBRsaJTjUt0hMJJRti1XlFMi85rj3W0sjyzjo4jOMSIzkal5K-mjiCoCU8sEUEy80cG7gb5W4bRiyHT8I3MBwDyskt7a2ZBUnDjHlLmRwSl6hY5M55GO-QwvkXIk99zWC_KG20dLjrdDfSePhB3YKwJbDIZUVTibR2Ib7H4KXL0Pm0WuF1_QQYgMPQ_U5Ydf6i9zrmDz0wu8UOYFYCQhQ7IW5f_tXWyI58GsJF2RJaDwpFxfWD96-BJICt642G4Z62cfaRgLohvZ47i6Tw"
[29/Nov/2022:20:52:38 +0000] "GET /api/v1/projects/8e69452f-fd83-44cb-b86f-c0ca50f23cbe/suites?pageSize=10 HTTP/1.1" 200 "Bearer eyJhbGciOiJSUzI1NiIsInR5cCIgOiAiSldUIiwia2lkIiA6ICJxeDhCREdnbjlvYUpoY1VhWDlCal85TmJReEJVcDlGU0cya1NIX19BZnVzIn0.eyJleHAiOjE2Njk3NTY5NTcsImlhdCI6MTY2OTc1NTE1NywianRpIjoiMjBjNjQyYzEtZDJjYi00OGIzLTkwYWUtMDBhMTZmODIwZWI4IiwiaXNzIjoiaHR0cHM6Ly9zc3diLWtleWNsb2FrLmRzcGFjZS1kZXYuY29tL2F1dGgvcmVhbG1zL3NpbXBoZXJhIiwiYXVkIjpbInNpbXBoZXJhLWNsaWVudCIsImFjY291bnQiXSwic3ViIjoiYWZiOWU2YzEtM2Y5OS00OGVjLTgyMGMtMjZjZjNlZWY3MjJhIiwidHlwIjoiQmVhcmVyIiwiYXpwIjoic2ltcGhlcmEtY2xpZW50Iiwic2Vzc2lvbl9zdGF0ZSI6ImU3ZGUwMjUzLTFiMTItNDdiNy1iZmQ3LTgyOWVmNDkyMTAxMCIsImFjciI6IjEiLCJhbGxvd2VkLW9yaWdpbnMiOlsiKiJdLCJyZWFsbV9hY2Nlc3MiOnsicm9sZXMiOlsib2ZmbGluZV9hY2Nlc3MiLCJkZWZhdWx0LXJvbGVzLXNpbXBoZXJhIiwidW1hX2F1dGhvcml6YXRpb24iXX0sInJlc291cmNlX2FjY2VzcyI6eyJhY2NvdW50Ijp7InJvbGVzIjpbIm1hbmFnZS1hY2NvdW50IiwibWFuYWdlLWFjY291bnQtbGlua3MiLCJ2aWV3LXByb2ZpbGUiXX19LCJzY29wZSI6InByb2ZpbGUgZW1haWwiLCJlbWFpbF92ZXJpZmllZCI6ZmFsc2UsImdyb3VwcyI6W10sInByZWZlcnJlZF91c2VybmFtZSI6ImRlbW8ifQ.SELk5FHvL3o239qfshfghdCosv1RGVF9NYVHb36DDoVLMTzrIb75Lu3J5plUBv4uKhZbLBRsaJTjUt0hMJJRti1XlFMi85rj3W0sjyzjo4jOMSIzkal5K-mjiCoCU8sEUEy80cG7gb5W4bRiyHT8I3MBwDyskt7a2ZBUnDjHlLmRwSl6hY5M55GO-QwvkXIk99zWC_KG20dLjrdDfSePhB3YKwJbDIZUVTibR2Ib7H4KXL0Pm0WuF1_QQYgMPQ_U5Ydf6i9zrmDz0wu8UOYFYCQhQ7IW5f_tXWyI58GsJF2RJaDwpFxfWD96-BJICt642G4Z62cfaRgLohvZ47i6Tw"
[29/Nov/2022:20:52:38 +0000] "POST /api/v1/projects/8e69452f-fd83-44cb-b86f-c0ca50f23cbe/runs HTTP/1.1" 202 "Bearer eyJhbGciOiJSUzI1NiIsInR5cCIgOiAiSldUIiwia2lkIiA6ICJxeDhCREdnbjlvYUpoY1VhWDlCal85TmJReEJVcDlGU0cya1NIX19BZnVzIn0.eyJleHAiOjE2Njk3NTY5NTcsImlhdCI6MTY2OTc1NTE1NywianRpIjoiMjBjNjQyYzEtZDJjYi00OGIzLTkwYWUtMDBhMTZmODIwZWI4IiwiaXNzIjoiaHR0cHM6Ly9zc3diLWtleWNsb2FrLmRzcGFjZS1kZXYuY29tL2F1dGgvcmVhbG1zL3NpbXBoZXJhIiwiYXVkIjpbInNpbXBoZXJhLWNsaWVudCIsImFjY291bnQiXSwic3ViIjoiYWZiOWU2YzEtM2Y5OS00OGVjLTgyMGMtMjZjZjNlZWY3MjJhIiwidHlwIjoiQmVhcmVyIiwiYXpwIjoic2ltcGhlcmEtY2xpZW50Iiwic2Vzc2lvbl9zdGF0ZSI6ImU3ZGUwMjUzLTFiMTItNDdiNy1iZmQ3LTgyOWVmNDkyMTAxMCIsImFjciI6IjEiLCJhbGxvd2VkLW9yaWdpbnMiOlsiKiJdLCJyZWFsbV9hY2Nlc3MiOnsicm9sZXMiOlsib2ZmbGluZV9hY2Nlc3MiLCJkZWZhdWx0LXJvbGVzLXNpbXBoZXJhIiwidW1hX2F1dGhvcml6YXRpb24iXX0sInJlc291cmNlX2FjY2VzcyI6eyJhY2NvdW50Ijp7InJvbGVzIjpbIm1hbmFnZS1hY2NvdW50IiwibWFuYWdlLWFjY291bnQtbGlua3MiLCJ2aWV3LXByb2ZpbGUiXX19LCJzY29wZSI6InByb2ZpbGUgZW1haWwiLCJlbWFpbF92ZXJpZmllZCI6ZmFsc2UsImdyb3VwcyI6W10sInByZWZlcnJlZF91c2VybmFtZSI6ImRlbW8ifQ.SELk5FHvL3o239qfshfghdCosv1RGVF9NYVHb36DDoVLMTzrIb75Lu3J5plUBv4uKhZbLBRsaJTjUt0hMJJRti1XlFMi85rj3W0sjyzjo4jOMSIzkal5K-mjiCoCU8sEUEy80cG7gb5W4bRiyHT8I3MBwDyskt7a2ZBUnDjHlLmRwSl6hY5M55GO-QwvkXIk99zWC_KG20dLjrdDfSePhB3YKwJbDIZUVTibR2Ib7H4KXL0Pm0WuF1_QQYgMPQ_U5Ydf6i9zrmDz0wu8UOYFYCQhQ7IW5f_tXWyI58GsJF2RJaDwpFxfWD96-BJICt642G4Z62cfaRgLohvZ47i6Tw"
[29/Nov/2022:20:52:39 +0000] "HEAD /demos/8e69452f-fd83-44cb-b86f-c0ca50f23cbe/Scenarios/37c9c75a-0089-4438-9516-ff7e69e32f0e/ScenarioData.zip HTTP/1.1" 200 "AWS4-HMAC-SHA256 Credential=minio/20221129/us-east-1/s3/aws4_request, SignedHeaders=host;user-agent;x-amz-content-sha256;x-amz-date, Signature=0749fdba0eabe532c10d28bf946a222c5e7484352b562877472e02503cb4e9aa"
[29/Nov/2022:20:52:39 +0000] "HEAD /demos/8e69452f-fd83-44cb-b86f-c0ca50f23cbe/Scenarios/37c9c75a-0089-4438-9516-ff7e69e32f0e/ScenarioData.zip HTTP/1.1" 200 "AWS4-HMAC-SHA256 Credential=minio/20221129/us-east-1/s3/aws4_request, SignedHeaders=host;user-agent;x-amz-content-sha256;x-amz-date, Signature=97af84ab00fbaeb48f54592172a14c6be4b9a105e28aae1d8f44187980c59f82"
[29/Nov/2022:20:52:39 +0000] "HEAD /demos/testenvironments/RLS2021A/ASM_Traffic/TestEnvDataLinux.zip HTTP/1.1" 200 "AWS4-HMAC-SHA256 Credential=minio/20221129/us-east-1/s3/aws4_request, SignedHeaders=host;user-agent;x-amz-content-sha256;x-amz-date, Signature=14cbe25197d794c8ca7c7b5c92520cd8c264ba5ec9402628e31d0beee526f723"
[29/Nov/2022:20:52:39 +0000] "HEAD /demos/testenvironments/RLS2021A/ASM_Traffic/TestEnvDataLinux.zip HTTP/1.1" 200 "AWS4-HMAC-SHA256 Credential=minio/20221129/us-east-1/s3/aws4_request, SignedHeaders=host;user-agent;x-amz-content-sha256;x-amz-date, Signature=9230e21450436abab262c047e62c5bc4db587cbed6aadd879a4f06bf34a99ccd"
[29/Nov/2022:20:52:39 +0000] "HEAD /demos/plugins/RLS2021A/asmtrafficplugin.zip HTTP/1.1" 200 "AWS4-HMAC-SHA256 Credential=minio/20221129/us-east-1/s3/aws4_request, SignedHeaders=host;user-agent;x-amz-content-sha256;x-amz-date, Signature=f5f7eb0b0ab5f2afaef6d7d61e569d56d9889e9dd321b7b31c26879f91de4631"
[29/Nov/2022:20:52:39 +0000] "HEAD /demos/plugins/RLS2021A/asmtrafficplugin.zip HTTP/1.1" 200 "AWS4-HMAC-SHA256 Credential=minio/20221129/us-east-1/s3/aws4_request, SignedHeaders=host;user-agent;x-amz-content-sha256;x-amz-date, Signature=f5f7eb0b0ab5f2afaef6d7d61e569d56d9889e9dd321b7b31c26879f91de4631"
[29/Nov/2022:20:52:39 +0000] "HEAD /demos/plugins/RLS2021A/controlplugin.zip HTTP/1.1" 200 "AWS4-HMAC-SHA256 Credential=minio/20221129/us-east-1/s3/aws4_request, SignedHeaders=host;user-agent;x-amz-content-sha256;x-amz-date, Signature=0a3fa3257f283d0abed6d079132b2cd23939d8da947806ab13bb34a8883af9d4"
[29/Nov/2022:20:52:39 +0000] "HEAD /demos/plugins/RLS2021A/controlplugin.zip HTTP/1.1" 200 "AWS4-HMAC-SHA256 Credential=minio/20221129/us-east-1/s3/aws4_request, SignedHeaders=host;user-agent;x-amz-content-sha256;x-amz-date, Signature=0a3fa3257f283d0abed6d079132b2cd23939d8da947806ab13bb34a8883af9d4"
[29/Nov/2022:20:52:39 +0000] "HEAD /demos/plugins/RLS2021A/cd3dviewerplugin.zip HTTP/1.1" 200 "AWS4-HMAC-SHA256 Credential=minio/20221129/us-east-1/s3/aws4_request, SignedHeaders=host;user-agent;x-amz-content-sha256;x-amz-date, Signature=6afa862948c0414ca920862a092563bfca5b336ec3ad46e4addc9f239d368ebb"
[29/Nov/2022:20:52:39 +0000] "HEAD /demos/plugins/RLS2021A/cd3dviewerplugin.zip HTTP/1.1" 200 "AWS4-HMAC-SHA256 Credential=minio/20221129/us-east-1/s3/aws4_request, SignedHeaders=host;user-agent;x-amz-content-sha256;x-amz-date, Signature=6afa862948c0414ca920862a092563bfca5b336ec3ad46e4addc9f239d368ebb"
[29/Nov/2022:20:52:39 +0000] "HEAD /demos/plugins/RLS2021A/kpiloaderplugin.zip HTTP/1.1" 200 "AWS4-HMAC-SHA256 Credential=minio/20221129/us-east-1/s3/aws4_request, SignedHeaders=host;user-agent;x-amz-content-sha256;x-amz-date, Signature=ac75db2cb42d1d00a7fbbefb7e160a9e969f9a991aa2d4e39d78ca60286498d1"
[29/Nov/2022:20:52:39 +0000] "HEAD /demos/plugins/RLS2021A/kpiloaderplugin.zip HTTP/1.1" 200 "AWS4-HMAC-SHA256 Credential=minio/20221129/us-east-1/s3/aws4_request, SignedHeaders=host;user-agent;x-amz-content-sha256;x-amz-date, Signature=ac75db2cb42d1d00a7fbbefb7e160a9e969f9a991aa2d4e39d78ca60286498d1"
[29/Nov/2022:20:52:39 +0000] "POST /api/v1/projects/8e69452f-fd83-44cb-b86f-c0ca50f23cbe/runs HTTP/1.1" 201 "Bearer eyJhbGciOiJSUzI1NiIsInR5cCIgOiAiSldUIiwia2lkIiA6ICJxeDhCREdnbjlvYUpoY1VhWDlCal85TmJReEJVcDlGU0cya1NIX19BZnVzIn0.eyJleHAiOjE2Njk3NTY5NTcsImlhdCI6MTY2OTc1NTE1NywianRpIjoiMjBjNjQyYzEtZDJjYi00OGIzLTkwYWUtMDBhMTZmODIwZWI4IiwiaXNzIjoiaHR0cHM6Ly9zc3diLWtleWNsb2FrLmRzcGFjZS1kZXYuY29tL2F1dGgvcmVhbG1zL3NpbXBoZXJhIiwiYXVkIjpbInNpbXBoZXJhLWNsaWVudCIsImFjY291bnQiXSwic3ViIjoiYWZiOWU2YzEtM2Y5OS00OGVjLTgyMGMtMjZjZjNlZWY3MjJhIiwidHlwIjoiQmVhcmVyIiwiYXpwIjoic2ltcGhlcmEtY2xpZW50Iiwic2Vzc2lvbl9zdGF0ZSI6ImU3ZGUwMjUzLTFiMTItNDdiNy1iZmQ3LTgyOWVmNDkyMTAxMCIsImFjciI6IjEiLCJhbGxvd2VkLW9yaWdpbnMiOlsiKiJdLCJyZWFsbV9hY2Nlc3MiOnsicm9sZXMiOlsib2ZmbGluZV9hY2Nlc3MiLCJkZWZhdWx0LXJvbGVzLXNpbXBoZXJhIiwidW1hX2F1dGhvcml6YXRpb24iXX0sInJlc291cmNlX2FjY2VzcyI6eyJhY2NvdW50Ijp7InJvbGVzIjpbIm1hbmFnZS1hY2NvdW50IiwibWFuYWdlLWFjY291bnQtbGlua3MiLCJ2aWV3LXByb2ZpbGUiXX19LCJzY29wZSI6InByb2ZpbGUgZW1haWwiLCJlbWFpbF92ZXJpZmllZCI6ZmFsc2UsImdyb3VwcyI6W10sInByZWZlcnJlZF91c2VybmFtZSI6ImRlbW8ifQ.SELk5FHvL3o239qfshfghdCosv1RGVF9NYVHb36DDoVLMTzrIb75Lu3J5plUBv4uKhZbLBRsaJTjUt0hMJJRti1XlFMi85rj3W0sjyzjo4jOMSIzkal5K-mjiCoCU8sEUEy80cG7gb5W4bRiyHT8I3MBwDyskt7a2ZBUnDjHlLmRwSl6hY5M55GO-QwvkXIk99zWC_KG20dLjrdDfSePhB3YKwJbDIZUVTibR2Ib7H4KXL0Pm0WuF1_QQYgMPQ_U5Ydf6i9zrmDz0wu8UOYFYCQhQ7IW5f_tXWyI58GsJF2RJaDwpFxfWD96-BJICt642G4Z62cfaRgLohvZ47i6Tw"
[29/Nov/2022:20:53:20 +0000] "\x03\x00\x00/*\xE0\x00\x00\x00\x00\x00Cookie: mstshash=Administr" 400 "-"
[29/Nov/2022:20:53:39 +0000] "GET /api/v1/projects/8e69452f-fd83-44cb-b86f-c0ca50f23cbe/runs/9349e3dd-e381-47f2-ad08-b96f2421101a HTTP/1.1" 202 "Bearer eyJhbGciOiJSUzI1NiIsInR5cCIgOiAiSldUIiwia2lkIiA6ICJxeDhCREdnbjlvYUpoY1VhWDlCal85TmJReEJVcDlGU0cya1NIX19BZnVzIn0.eyJleHAiOjE2Njk3NTY5NTcsImlhdCI6MTY2OTc1NTE1NywianRpIjoiMjBjNjQyYzEtZDJjYi00OGIzLTkwYWUtMDBhMTZmODIwZWI4IiwiaXNzIjoiaHR0cHM6Ly9zc3diLWtleWNsb2FrLmRzcGFjZS1kZXYuY29tL2F1dGgvcmVhbG1zL3NpbXBoZXJhIiwiYXVkIjpbInNpbXBoZXJhLWNsaWVudCIsImFjY291bnQiXSwic3ViIjoiYWZiOWU2YzEtM2Y5OS00OGVjLTgyMGMtMjZjZjNlZWY3MjJhIiwidHlwIjoiQmVhcmVyIiwiYXpwIjoic2ltcGhlcmEtY2xpZW50Iiwic2Vzc2lvbl9zdGF0ZSI6ImU3ZGUwMjUzLTFiMTItNDdiNy1iZmQ3LTgyOWVmNDkyMTAxMCIsImFjciI6IjEiLCJhbGxvd2VkLW9yaWdpbnMiOlsiKiJdLCJyZWFsbV9hY2Nlc3MiOnsicm9sZXMiOlsib2ZmbGluZV9hY2Nlc3MiLCJkZWZhdWx0LXJvbGVzLXNpbXBoZXJhIiwidW1hX2F1dGhvcml6YXRpb24iXX0sInJlc291cmNlX2FjY2VzcyI6eyJhY2NvdW50Ijp7InJvbGVzIjpbIm1hbmFnZS1hY2NvdW50IiwibWFuYWdlLWFjY291bnQtbGlua3MiLCJ2aWV3LXByb2ZpbGUiXX19LCJzY29wZSI6InByb2ZpbGUgZW1haWwiLCJlbWFpbF92ZXJpZmllZCI6ZmFsc2UsImdyb3VwcyI6W10sInByZWZlcnJlZF91c2VybmFtZSI6ImRlbW8ifQ.SELk5FHvL3o239qfshfghdCosv1RGVF9NYVHb36DDoVLMTzrIb75Lu3J5plUBv4uKhZbLBRsaJTjUt0hMJJRti1XlFMi85rj3W0sjyzjo4jOMSIzkal5K-mjiCoCU8sEUEy80cG7gb5W4bRiyHT8I3MBwDyskt7a2ZBUnDjHlLmRwSl6hY5M55GO-QwvkXIk99zWC_KG20dLjrdDfSePhB3YKwJbDIZUVTibR2Ib7H4KXL0Pm0WuF1_QQYgMPQ_U5Ydf6i9zrmDz0wu8UOYFYCQhQ7IW5f_tXWyI58GsJF2RJaDwpFxfWD96-BJICt642G4Z62cfaRgLohvZ47i6Tw"
[29/Nov/2022:20:53:39 +0000] "GET /api/v1/projects/8e69452f-fd83-44cb-b86f-c0ca50f23cbe/runs/9349e3dd-e381-47f2-ad08-b96f2421101a HTTP/1.1" 200 "Bearer eyJhbGciOiJSUzI1NiIsInR5cCIgOiAiSldUIiwia2lkIiA6ICJxeDhCREdnbjlvYUpoY1VhWDlCal85TmJReEJVcDlGU0cya1NIX19BZnVzIn0.eyJleHAiOjE2Njk3NTY5NTcsImlhdCI6MTY2OTc1NTE1NywianRpIjoiMjBjNjQyYzEtZDJjYi00OGIzLTkwYWUtMDBhMTZmODIwZWI4IiwiaXNzIjoiaHR0cHM6Ly9zc3diLWtleWNsb2FrLmRzcGFjZS1kZXYuY29tL2F1dGgvcmVhbG1zL3NpbXBoZXJhIiwiYXVkIjpbInNpbXBoZXJhLWNsaWVudCIsImFjY291bnQiXSwic3ViIjoiYWZiOWU2YzEtM2Y5OS00OGVjLTgyMGMtMjZjZjNlZWY3MjJhIiwidHlwIjoiQmVhcmVyIiwiYXpwIjoic2ltcGhlcmEtY2xpZW50Iiwic2Vzc2lvbl9zdGF0ZSI6ImU3ZGUwMjUzLTFiMTItNDdiNy1iZmQ3LTgyOWVmNDkyMTAxMCIsImFjciI6IjEiLCJhbGxvd2VkLW9yaWdpbnMiOlsiKiJdLCJyZWFsbV9hY2Nlc3MiOnsicm9sZXMiOlsib2ZmbGluZV9hY2Nlc3MiLCJkZWZhdWx0LXJvbGVzLXNpbXBoZXJhIiwidW1hX2F1dGhvcml6YXRpb24iXX0sInJlc291cmNlX2FjY2VzcyI6eyJhY2NvdW50Ijp7InJvbGVzIjpbIm1hbmFnZS1hY2NvdW50IiwibWFuYWdlLWFjY291bnQtbGlua3MiLCJ2aWV3LXByb2ZpbGUiXX19LCJzY29wZSI6InByb2ZpbGUgZW1haWwiLCJlbWFpbF92ZXJpZmllZCI6ZmFsc2UsImdyb3VwcyI6W10sInByZWZlcnJlZF91c2VybmFtZSI6ImRlbW8ifQ.SELk5FHvL3o239qfshfghdCosv1RGVF9NYVHb36DDoVLMTzrIb75Lu3J5plUBv4uKhZbLBRsaJTjUt0hMJJRti1XlFMi85rj3W0sjyzjo4jOMSIzkal5K-mjiCoCU8sEUEy80cG7gb5W4bRiyHT8I3MBwDyskt7a2ZBUnDjHlLmRwSl6hY5M55GO-QwvkXIk99zWC_KG20dLjrdDfSePhB3YKwJbDIZUVTibR2Ib7H4KXL0Pm0WuF1_QQYgMPQ_U5Ydf6i9zrmDz0wu8UOYFYCQhQ7IW5f_tXWyI58GsJF2RJaDwpFxfWD96-BJICt642G4Z62cfaRgLohvZ47i6Tw"
[29/Nov/2022:20:54:39 +0000] "GET /api/v1/projects/8e69452f-fd83-44cb-b86f-c0ca50f23cbe/runs/9349e3dd-e381-47f2-ad08-b96f2421101a HTTP/1.1" 202 "Bearer eyJhbGciOiJSUzI1NiIsInR5cCIgOiAiSldUIiwia2lkIiA6ICJxeDhCREdnbjlvYUpoY1VhWDlCal85TmJReEJVcDlGU0cya1NIX19BZnVzIn0.eyJleHAiOjE2Njk3NTY5NTcsImlhdCI6MTY2OTc1NTE1NywianRpIjoiMjBjNjQyYzEtZDJjYi00OGIzLTkwYWUtMDBhMTZmODIwZWI4IiwiaXNzIjoiaHR0cHM6Ly9zc3diLWtleWNsb2FrLmRzcGFjZS1kZXYuY29tL2F1dGgvcmVhbG1zL3NpbXBoZXJhIiwiYXVkIjpbInNpbXBoZXJhLWNsaWVudCIsImFjY291bnQiXSwic3ViIjoiYWZiOWU2YzEtM2Y5OS00OGVjLTgyMGMtMjZjZjNlZWY3MjJhIiwidHlwIjoiQmVhcmVyIiwiYXpwIjoic2ltcGhlcmEtY2xpZW50Iiwic2Vzc2lvbl9zdGF0ZSI6ImU3ZGUwMjUzLTFiMTItNDdiNy1iZmQ3LTgyOWVmNDkyMTAxMCIsImFjciI6IjEiLCJhbGxvd2VkLW9yaWdpbnMiOlsiKiJdLCJyZWFsbV9hY2Nlc3MiOnsicm9sZXMiOlsib2ZmbGluZV9hY2Nlc3MiLCJkZWZhdWx0LXJvbGVzLXNpbXBoZXJhIiwidW1hX2F1dGhvcml6YXRpb24iXX0sInJlc291cmNlX2FjY2VzcyI6eyJhY2NvdW50Ijp7InJvbGVzIjpbIm1hbmFnZS1hY2NvdW50IiwibWFuYWdlLWFjY291bnQtbGlua3MiLCJ2aWV3LXByb2ZpbGUiXX19LCJzY29wZSI6InByb2ZpbGUgZW1haWwiLCJlbWFpbF92ZXJpZmllZCI6ZmFsc2UsImdyb3VwcyI6W10sInByZWZlcnJlZF91c2VybmFtZSI6ImRlbW8ifQ.SELk5FHvL3o239qfshfghdCosv1RGVF9NYVHb36DDoVLMTzrIb75Lu3J5plUBv4uKhZbLBRsaJTjUt0hMJJRti1XlFMi85rj3W0sjyzjo4jOMSIzkal5K-mjiCoCU8sEUEy80cG7gb5W4bRiyHT8I3MBwDyskt7a2ZBUnDjHlLmRwSl6hY5M55GO-QwvkXIk99zWC_KG20dLjrdDfSePhB3YKwJbDIZUVTibR2Ib7H4KXL0Pm0WuF1_QQYgMPQ_U5Ydf6i9zrmDz0wu8UOYFYCQhQ7IW5f_tXWyI58GsJF2RJaDwpFxfWD96-BJICt642G4Z62cfaRgLohvZ47i6Tw"
[29/Nov/2022:20:54:40 +0000] "GET /api/v1/projects/8e69452f-fd83-44cb-b86f-c0ca50f23cbe/runs/9349e3dd-e381-47f2-ad08-b96f2421101a HTTP/1.1" 200 "Bearer eyJhbGciOiJSUzI1NiIsInR5cCIgOiAiSldUIiwia2lkIiA6ICJxeDhCREdnbjlvYUpoY1VhWDlCal85TmJReEJVcDlGU0cya1NIX19BZnVzIn0.eyJleHAiOjE2Njk3NTY5NTcsImlhdCI6MTY2OTc1NTE1NywianRpIjoiMjBjNjQyYzEtZDJjYi00OGIzLTkwYWUtMDBhMTZmODIwZWI4IiwiaXNzIjoiaHR0cHM6Ly9zc3diLWtleWNsb2FrLmRzcGFjZS1kZXYuY29tL2F1dGgvcmVhbG1zL3NpbXBoZXJhIiwiYXVkIjpbInNpbXBoZXJhLWNsaWVudCIsImFjY291bnQiXSwic3ViIjoiYWZiOWU2YzEtM2Y5OS00OGVjLTgyMGMtMjZjZjNlZWY3MjJhIiwidHlwIjoiQmVhcmVyIiwiYXpwIjoic2ltcGhlcmEtY2xpZW50Iiwic2Vzc2lvbl9zdGF0ZSI6ImU3ZGUwMjUzLTFiMTItNDdiNy1iZmQ3LTgyOWVmNDkyMTAxMCIsImFjciI6IjEiLCJhbGxvd2VkLW9yaWdpbnMiOlsiKiJdLCJyZWFsbV9hY2Nlc3MiOnsicm9sZXMiOlsib2ZmbGluZV9hY2Nlc3MiLCJkZWZhdWx0LXJvbGVzLXNpbXBoZXJhIiwidW1hX2F1dGhvcml6YXRpb24iXX0sInJlc291cmNlX2FjY2VzcyI6eyJhY2NvdW50Ijp7InJvbGVzIjpbIm1hbmFnZS1hY2NvdW50IiwibWFuYWdlLWFjY291bnQtbGlua3MiLCJ2aWV3LXByb2ZpbGUiXX19LCJzY29wZSI6InByb2ZpbGUgZW1haWwiLCJlbWFpbF92ZXJpZmllZCI6ZmFsc2UsImdyb3VwcyI6W10sInByZWZlcnJlZF91c2VybmFtZSI6ImRlbW8ifQ.SELk5FHvL3o239qfshfghdCosv1RGVF9NYVHb36DDoVLMTzrIb75Lu3J5plUBv4uKhZbLBRsaJTjUt0hMJJRti1XlFMi85rj3W0sjyzjo4jOMSIzkal5K-mjiCoCU8sEUEy80cG7gb5W4bRiyHT8I3MBwDyskt7a2ZBUnDjHlLmRwSl6hY5M55GO-QwvkXIk99zWC_KG20dLjrdDfSePhB3YKwJbDIZUVTibR2Ib7H4KXL0Pm0WuF1_QQYgMPQ_U5Ydf6i9zrmDz0wu8UOYFYCQhQ7IW5f_tXWyI58GsJF2RJaDwpFxfWD96-BJICt642G4Z62cfaRgLohvZ47i6Tw"
[29/Nov/2022:20:55:00 +0000] "\x16\x03\x01\x00\x85\x01\x00\x00\x81\x03\x03\xBE\x9D\x9A\xF1d\xBE\xAA\x03G\x01\xA1\xE2\xE7\x10\x87\xB0\x14\x01\x5C\x90S`)\xF0;\x97W\xB6" 400 "-"
[29/Nov/2022:20:55:40 +0000] "GET /api/v1/projects/8e69452f-fd83-44cb-b86f-c0ca50f23cbe/runs/9349e3dd-e381-47f2-ad08-b96f2421101a HTTP/1.1" 202 "Bearer eyJhbGciOiJSUzI1NiIsInR5cCIgOiAiSldUIiwia2lkIiA6ICJxeDhCREdnbjlvYUpoY1VhWDlCal85TmJReEJVcDlGU0cya1NIX19BZnVzIn0.eyJleHAiOjE2Njk3NTY5NTcsImlhdCI6MTY2OTc1NTE1NywianRpIjoiMjBjNjQyYzEtZDJjYi00OGIzLTkwYWUtMDBhMTZmODIwZWI4IiwiaXNzIjoiaHR0cHM6Ly9zc3diLWtleWNsb2FrLmRzcGFjZS1kZXYuY29tL2F1dGgvcmVhbG1zL3NpbXBoZXJhIiwiYXVkIjpbInNpbXBoZXJhLWNsaWVudCIsImFjY291bnQiXSwic3ViIjoiYWZiOWU2YzEtM2Y5OS00OGVjLTgyMGMtMjZjZjNlZWY3MjJhIiwidHlwIjoiQmVhcmVyIiwiYXpwIjoic2ltcGhlcmEtY2xpZW50Iiwic2Vzc2lvbl9zdGF0ZSI6ImU3ZGUwMjUzLTFiMTItNDdiNy1iZmQ3LTgyOWVmNDkyMTAxMCIsImFjciI6IjEiLCJhbGxvd2VkLW9yaWdpbnMiOlsiKiJdLCJyZWFsbV9hY2Nlc3MiOnsicm9sZXMiOlsib2ZmbGluZV9hY2Nlc3MiLCJkZWZhdWx0LXJvbGVzLXNpbXBoZXJhIiwidW1hX2F1dGhvcml6YXRpb24iXX0sInJlc291cmNlX2FjY2VzcyI6eyJhY2NvdW50Ijp7InJvbGVzIjpbIm1hbmFnZS1hY2NvdW50IiwibWFuYWdlLWFjY291bnQtbGlua3MiLCJ2aWV3LXByb2ZpbGUiXX19LCJzY29wZSI6InByb2ZpbGUgZW1haWwiLCJlbWFpbF92ZXJpZmllZCI6ZmFsc2UsImdyb3VwcyI6W10sInByZWZlcnJlZF91c2VybmFtZSI6ImRlbW8ifQ.SELk5FHvL3o239qfshfghdCosv1RGVF9NYVHb36DDoVLMTzrIb75Lu3J5plUBv4uKhZbLBRsaJTjUt0hMJJRti1XlFMi85rj3W0sjyzjo4jOMSIzkal5K-mjiCoCU8sEUEy80cG7gb5W4bRiyHT8I3MBwDyskt7a2ZBUnDjHlLmRwSl6hY5M55GO-QwvkXIk99zWC_KG20dLjrdDfSePhB3YKwJbDIZUVTibR2Ib7H4KXL0Pm0WuF1_QQYgMPQ_U5Ydf6i9zrmDz0wu8UOYFYCQhQ7IW5f_tXWyI58GsJF2RJaDwpFxfWD96-BJICt642G4Z62cfaRgLohvZ47i6Tw"
[29/Nov/2022:20:55:40 +0000] "GET /api/v1/projects/8e69452f-fd83-44cb-b86f-c0ca50f23cbe/runs/9349e3dd-e381-47f2-ad08-b96f2421101a HTTP/1.1" 200 "Bearer eyJhbGciOiJSUzI1NiIsInR5cCIgOiAiSldUIiwia2lkIiA6ICJxeDhCREdnbjlvYUpoY1VhWDlCal85TmJReEJVcDlGU0cya1NIX19BZnVzIn0.eyJleHAiOjE2Njk3NTY5NTcsImlhdCI6MTY2OTc1NTE1NywianRpIjoiMjBjNjQyYzEtZDJjYi00OGIzLTkwYWUtMDBhMTZmODIwZWI4IiwiaXNzIjoiaHR0cHM6Ly9zc3diLWtleWNsb2FrLmRzcGFjZS1kZXYuY29tL2F1dGgvcmVhbG1zL3NpbXBoZXJhIiwiYXVkIjpbInNpbXBoZXJhLWNsaWVudCIsImFjY291bnQiXSwic3ViIjoiYWZiOWU2YzEtM2Y5OS00OGVjLTgyMGMtMjZjZjNlZWY3MjJhIiwidHlwIjoiQmVhcmVyIiwiYXpwIjoic2ltcGhlcmEtY2xpZW50Iiwic2Vzc2lvbl9zdGF0ZSI6ImU3ZGUwMjUzLTFiMTItNDdiNy1iZmQ3LTgyOWVmNDkyMTAxMCIsImFjciI6IjEiLCJhbGxvd2VkLW9yaWdpbnMiOlsiKiJdLCJyZWFsbV9hY2Nlc3MiOnsicm9sZXMiOlsib2ZmbGluZV9hY2Nlc3MiLCJkZWZhdWx0LXJvbGVzLXNpbXBoZXJhIiwidW1hX2F1dGhvcml6YXRpb24iXX0sInJlc291cmNlX2FjY2VzcyI6eyJhY2NvdW50Ijp7InJvbGVzIjpbIm1hbmFnZS1hY2NvdW50IiwibWFuYWdlLWFjY291bnQtbGlua3MiLCJ2aWV3LXByb2ZpbGUiXX19LCJzY29wZSI6InByb2ZpbGUgZW1haWwiLCJlbWFpbF92ZXJpZmllZCI6ZmFsc2UsImdyb3VwcyI6W10sInByZWZlcnJlZF91c2VybmFtZSI6ImRlbW8ifQ.SELk5FHvL3o239qfshfghdCosv1RGVF9NYVHb36DDoVLMTzrIb75Lu3J5plUBv4uKhZbLBRsaJTjUt0hMJJRti1XlFMi85rj3W0sjyzjo4jOMSIzkal5K-mjiCoCU8sEUEy80cG7gb5W4bRiyHT8I3MBwDyskt7a2ZBUnDjHlLmRwSl6hY5M55GO-QwvkXIk99zWC_KG20dLjrdDfSePhB3YKwJbDIZUVTibR2Ib7H4KXL0Pm0WuF1_QQYgMPQ_U5Ydf6i9zrmDz0wu8UOYFYCQhQ7IW5f_tXWyI58GsJF2RJaDwpFxfWD96-BJICt642G4Z62cfaRgLohvZ47i6Tw"
[29/Nov/2022:20:56:40 +0000] "GET /api/v1/projects/8e69452f-fd83-44cb-b86f-c0ca50f23cbe/runs/9349e3dd-e381-47f2-ad08-b96f2421101a HTTP/1.1" 202 "Bearer eyJhbGciOiJSUzI1NiIsInR5cCIgOiAiSldUIiwia2lkIiA6ICJxeDhCREdnbjlvYUpoY1VhWDlCal85TmJReEJVcDlGU0cya1NIX19BZnVzIn0.eyJleHAiOjE2Njk3NTY5NTcsImlhdCI6MTY2OTc1NTE1NywianRpIjoiMjBjNjQyYzEtZDJjYi00OGIzLTkwYWUtMDBhMTZmODIwZWI4IiwiaXNzIjoiaHR0cHM6Ly9zc3diLWtleWNsb2FrLmRzcGFjZS1kZXYuY29tL2F1dGgvcmVhbG1zL3NpbXBoZXJhIiwiYXVkIjpbInNpbXBoZXJhLWNsaWVudCIsImFjY291bnQiXSwic3ViIjoiYWZiOWU2YzEtM2Y5OS00OGVjLTgyMGMtMjZjZjNlZWY3MjJhIiwidHlwIjoiQmVhcmVyIiwiYXpwIjoic2ltcGhlcmEtY2xpZW50Iiwic2Vzc2lvbl9zdGF0ZSI6ImU3ZGUwMjUzLTFiMTItNDdiNy1iZmQ3LTgyOWVmNDkyMTAxMCIsImFjciI6IjEiLCJhbGxvd2VkLW9yaWdpbnMiOlsiKiJdLCJyZWFsbV9hY2Nlc3MiOnsicm9sZXMiOlsib2ZmbGluZV9hY2Nlc3MiLCJkZWZhdWx0LXJvbGVzLXNpbXBoZXJhIiwidW1hX2F1dGhvcml6YXRpb24iXX0sInJlc291cmNlX2FjY2VzcyI6eyJhY2NvdW50Ijp7InJvbGVzIjpbIm1hbmFnZS1hY2NvdW50IiwibWFuYWdlLWFjY291bnQtbGlua3MiLCJ2aWV3LXByb2ZpbGUiXX19LCJzY29wZSI6InByb2ZpbGUgZW1haWwiLCJlbWFpbF92ZXJpZmllZCI6ZmFsc2UsImdyb3VwcyI6W10sInByZWZlcnJlZF91c2VybmFtZSI6ImRlbW8ifQ.SELk5FHvL3o239qfshfghdCosv1RGVF9NYVHb36DDoVLMTzrIb75Lu3J5plUBv4uKhZbLBRsaJTjUt0hMJJRti1XlFMi85rj3W0sjyzjo4jOMSIzkal5K-mjiCoCU8sEUEy80cG7gb5W4bRiyHT8I3MBwDyskt7a2ZBUnDjHlLmRwSl6hY5M55GO-QwvkXIk99zWC_KG20dLjrdDfSePhB3YKwJbDIZUVTibR2Ib7H4KXL0Pm0WuF1_QQYgMPQ_U5Ydf6i9zrmDz0wu8UOYFYCQhQ7IW5f_tXWyI58GsJF2RJaDwpFxfWD96-BJICt642G4Z62cfaRgLohvZ47i6Tw"
[29/Nov/2022:20:56:40 +0000] "GET /api/v1/projects/8e69452f-fd83-44cb-b86f-c0ca50f23cbe/runs/9349e3dd-e381-47f2-ad08-b96f2421101a HTTP/1.1" 200 "Bearer eyJhbGciOiJSUzI1NiIsInR5cCIgOiAiSldUIiwia2lkIiA6ICJxeDhCREdnbjlvYUpoY1VhWDlCal85TmJReEJVcDlGU0cya1NIX19BZnVzIn0.eyJleHAiOjE2Njk3NTY5NTcsImlhdCI6MTY2OTc1NTE1NywianRpIjoiMjBjNjQyYzEtZDJjYi00OGIzLTkwYWUtMDBhMTZmODIwZWI4IiwiaXNzIjoiaHR0cHM6Ly9zc3diLWtleWNsb2FrLmRzcGFjZS1kZXYuY29tL2F1dGgvcmVhbG1zL3NpbXBoZXJhIiwiYXVkIjpbInNpbXBoZXJhLWNsaWVudCIsImFjY291bnQiXSwic3ViIjoiYWZiOWU2YzEtM2Y5OS00OGVjLTgyMGMtMjZjZjNlZWY3MjJhIiwidHlwIjoiQmVhcmVyIiwiYXpwIjoic2ltcGhlcmEtY2xpZW50Iiwic2Vzc2lvbl9zdGF0ZSI6ImU3ZGUwMjUzLTFiMTItNDdiNy1iZmQ3LTgyOWVmNDkyMTAxMCIsImFjciI6IjEiLCJhbGxvd2VkLW9yaWdpbnMiOlsiKiJdLCJyZWFsbV9hY2Nlc3MiOnsicm9sZXMiOlsib2ZmbGluZV9hY2Nlc3MiLCJkZWZhdWx0LXJvbGVzLXNpbXBoZXJhIiwidW1hX2F1dGhvcml6YXRpb24iXX0sInJlc291cmNlX2FjY2VzcyI6eyJhY2NvdW50Ijp7InJvbGVzIjpbIm1hbmFnZS1hY2NvdW50IiwibWFuYWdlLWFjY291bnQtbGlua3MiLCJ2aWV3LXByb2ZpbGUiXX19LCJzY29wZSI6InByb2ZpbGUgZW1haWwiLCJlbWFpbF92ZXJpZmllZCI6ZmFsc2UsImdyb3VwcyI6W10sInByZWZlcnJlZF91c2VybmFtZSI6ImRlbW8ifQ.SELk5FHvL3o239qfshfghdCosv1RGVF9NYVHb36DDoVLMTzrIb75Lu3J5plUBv4uKhZbLBRsaJTjUt0hMJJRti1XlFMi85rj3W0sjyzjo4jOMSIzkal5K-mjiCoCU8sEUEy80cG7gb5W4bRiyHT8I3MBwDyskt7a2ZBUnDjHlLmRwSl6hY5M55GO-QwvkXIk99zWC_KG20dLjrdDfSePhB3YKwJbDIZUVTibR2Ib7H4KXL0Pm0WuF1_QQYgMPQ_U5Ydf6i9zrmDz0wu8UOYFYCQhQ7IW5f_tXWyI58GsJF2RJaDwpFxfWD96-BJICt642G4Z62cfaRgLohvZ47i6Tw"
[29/Nov/2022:20:57:40 +0000] "GET /api/v1/projects/8e69452f-fd83-44cb-b86f-c0ca50f23cbe/runs/9349e3dd-e381-47f2-ad08-b96f2421101a HTTP/1.1" 202 "Bearer eyJhbGciOiJSUzI1NiIsInR5cCIgOiAiSldUIiwia2lkIiA6ICJxeDhCREdnbjlvYUpoY1VhWDlCal85TmJReEJVcDlGU0cya1NIX19BZnVzIn0.eyJleHAiOjE2Njk3NTY5NTcsImlhdCI6MTY2OTc1NTE1NywianRpIjoiMjBjNjQyYzEtZDJjYi00OGIzLTkwYWUtMDBhMTZmODIwZWI4IiwiaXNzIjoiaHR0cHM6Ly9zc3diLWtleWNsb2FrLmRzcGFjZS1kZXYuY29tL2F1dGgvcmVhbG1zL3NpbXBoZXJhIiwiYXVkIjpbInNpbXBoZXJhLWNsaWVudCIsImFjY291bnQiXSwic3ViIjoiYWZiOWU2YzEtM2Y5OS00OGVjLTgyMGMtMjZjZjNlZWY3MjJhIiwidHlwIjoiQmVhcmVyIiwiYXpwIjoic2ltcGhlcmEtY2xpZW50Iiwic2Vzc2lvbl9zdGF0ZSI6ImU3ZGUwMjUzLTFiMTItNDdiNy1iZmQ3LTgyOWVmNDkyMTAxMCIsImFjciI6IjEiLCJhbGxvd2VkLW9yaWdpbnMiOlsiKiJdLCJyZWFsbV9hY2Nlc3MiOnsicm9sZXMiOlsib2ZmbGluZV9hY2Nlc3MiLCJkZWZhdWx0LXJvbGVzLXNpbXBoZXJhIiwidW1hX2F1dGhvcml6YXRpb24iXX0sInJlc291cmNlX2FjY2VzcyI6eyJhY2NvdW50Ijp7InJvbGVzIjpbIm1hbmFnZS1hY2NvdW50IiwibWFuYWdlLWFjY291bnQtbGlua3MiLCJ2aWV3LXByb2ZpbGUiXX19LCJzY29wZSI6InByb2ZpbGUgZW1haWwiLCJlbWFpbF92ZXJpZmllZCI6ZmFsc2UsImdyb3VwcyI6W10sInByZWZlcnJlZF91c2VybmFtZSI6ImRlbW8ifQ.SELk5FHvL3o239qfshfghdCosv1RGVF9NYVHb36DDoVLMTzrIb75Lu3J5plUBv4uKhZbLBRsaJTjUt0hMJJRti1XlFMi85rj3W0sjyzjo4jOMSIzkal5K-mjiCoCU8sEUEy80cG7gb5W4bRiyHT8I3MBwDyskt7a2ZBUnDjHlLmRwSl6hY5M55GO-QwvkXIk99zWC_KG20dLjrdDfSePhB3YKwJbDIZUVTibR2Ib7H4KXL0Pm0WuF1_QQYgMPQ_U5Ydf6i9zrmDz0wu8UOYFYCQhQ7IW5f_tXWyI58GsJF2RJaDwpFxfWD96-BJICt642G4Z62cfaRgLohvZ47i6Tw"
[29/Nov/2022:20:57:40 +0000] "GET /api/v1/projects/8e69452f-fd83-44cb-b86f-c0ca50f23cbe/runs/9349e3dd-e381-47f2-ad08-b96f2421101a HTTP/1.1" 200 "Bearer eyJhbGciOiJSUzI1NiIsInR5cCIgOiAiSldUIiwia2lkIiA6ICJxeDhCREdnbjlvYUpoY1VhWDlCal85TmJReEJVcDlGU0cya1NIX19BZnVzIn0.eyJleHAiOjE2Njk3NTY5NTcsImlhdCI6MTY2OTc1NTE1NywianRpIjoiMjBjNjQyYzEtZDJjYi00OGIzLTkwYWUtMDBhMTZmODIwZWI4IiwiaXNzIjoiaHR0cHM6Ly9zc3diLWtleWNsb2FrLmRzcGFjZS1kZXYuY29tL2F1dGgvcmVhbG1zL3NpbXBoZXJhIiwiYXVkIjpbInNpbXBoZXJhLWNsaWVudCIsImFjY291bnQiXSwic3ViIjoiYWZiOWU2YzEtM2Y5OS00OGVjLTgyMGMtMjZjZjNlZWY3MjJhIiwidHlwIjoiQmVhcmVyIiwiYXpwIjoic2ltcGhlcmEtY2xpZW50Iiwic2Vzc2lvbl9zdGF0ZSI6ImU3ZGUwMjUzLTFiMTItNDdiNy1iZmQ3LTgyOWVmNDkyMTAxMCIsImFjciI6IjEiLCJhbGxvd2VkLW9yaWdpbnMiOlsiKiJdLCJyZWFsbV9hY2Nlc3MiOnsicm9sZXMiOlsib2ZmbGluZV9hY2Nlc3MiLCJkZWZhdWx0LXJvbGVzLXNpbXBoZXJhIiwidW1hX2F1dGhvcml6YXRpb24iXX0sInJlc291cmNlX2FjY2VzcyI6eyJhY2NvdW50Ijp7InJvbGVzIjpbIm1hbmFnZS1hY2NvdW50IiwibWFuYWdlLWFjY291bnQtbGlua3MiLCJ2aWV3LXByb2ZpbGUiXX19LCJzY29wZSI6InByb2ZpbGUgZW1haWwiLCJlbWFpbF92ZXJpZmllZCI6ZmFsc2UsImdyb3VwcyI6W10sInByZWZlcnJlZF91c2VybmFtZSI6ImRlbW8ifQ.SELk5FHvL3o239qfshfghdCosv1RGVF9NYVHb36DDoVLMTzrIb75Lu3J5plUBv4uKhZbLBRsaJTjUt0hMJJRti1XlFMi85rj3W0sjyzjo4jOMSIzkal5K-mjiCoCU8sEUEy80cG7gb5W4bRiyHT8I3MBwDyskt7a2ZBUnDjHlLmRwSl6hY5M55GO-QwvkXIk99zWC_KG20dLjrdDfSePhB3YKwJbDIZUVTibR2Ib7H4KXL0Pm0WuF1_QQYgMPQ_U5Ydf6i9zrmDz0wu8UOYFYCQhQ7IW5f_tXWyI58GsJF2RJaDwpFxfWD96-BJICt642G4Z62cfaRgLohvZ47i6Tw"
[29/Nov/2022:20:58:40 +0000] "GET /api/v1/projects/8e69452f-fd83-44cb-b86f-c0ca50f23cbe/runs/9349e3dd-e381-47f2-ad08-b96f2421101a HTTP/1.1" 202 "Bearer eyJhbGciOiJSUzI1NiIsInR5cCIgOiAiSldUIiwia2lkIiA6ICJxeDhCREdnbjlvYUpoY1VhWDlCal85TmJReEJVcDlGU0cya1NIX19BZnVzIn0.eyJleHAiOjE2Njk3NTY5NTcsImlhdCI6MTY2OTc1NTE1NywianRpIjoiMjBjNjQyYzEtZDJjYi00OGIzLTkwYWUtMDBhMTZmODIwZWI4IiwiaXNzIjoiaHR0cHM6Ly9zc3diLWtleWNsb2FrLmRzcGFjZS1kZXYuY29tL2F1dGgvcmVhbG1zL3NpbXBoZXJhIiwiYXVkIjpbInNpbXBoZXJhLWNsaWVudCIsImFjY291bnQiXSwic3ViIjoiYWZiOWU2YzEtM2Y5OS00OGVjLTgyMGMtMjZjZjNlZWY3MjJhIiwidHlwIjoiQmVhcmVyIiwiYXpwIjoic2ltcGhlcmEtY2xpZW50Iiwic2Vzc2lvbl9zdGF0ZSI6ImU3ZGUwMjUzLTFiMTItNDdiNy1iZmQ3LTgyOWVmNDkyMTAxMCIsImFjciI6IjEiLCJhbGxvd2VkLW9yaWdpbnMiOlsiKiJdLCJyZWFsbV9hY2Nlc3MiOnsicm9sZXMiOlsib2ZmbGluZV9hY2Nlc3MiLCJkZWZhdWx0LXJvbGVzLXNpbXBoZXJhIiwidW1hX2F1dGhvcml6YXRpb24iXX0sInJlc291cmNlX2FjY2VzcyI6eyJhY2NvdW50Ijp7InJvbGVzIjpbIm1hbmFnZS1hY2NvdW50IiwibWFuYWdlLWFjY291bnQtbGlua3MiLCJ2aWV3LXByb2ZpbGUiXX19LCJzY29wZSI6InByb2ZpbGUgZW1haWwiLCJlbWFpbF92ZXJpZmllZCI6ZmFsc2UsImdyb3VwcyI6W10sInByZWZlcnJlZF91c2VybmFtZSI6ImRlbW8ifQ.SELk5FHvL3o239qfshfghdCosv1RGVF9NYVHb36DDoVLMTzrIb75Lu3J5plUBv4uKhZbLBRsaJTjUt0hMJJRti1XlFMi85rj3W0sjyzjo4jOMSIzkal5K-mjiCoCU8sEUEy80cG7gb5W4bRiyHT8I3MBwDyskt7a2ZBUnDjHlLmRwSl6hY5M55GO-QwvkXIk99zWC_KG20dLjrdDfSePhB3YKwJbDIZUVTibR2Ib7H4KXL0Pm0WuF1_QQYgMPQ_U5Ydf6i9zrmDz0wu8UOYFYCQhQ7IW5f_tXWyI58GsJF2RJaDwpFxfWD96-BJICt642G4Z62cfaRgLohvZ47i6Tw"
[29/Nov/2022:20:58:40 +0000] "GET /api/v1/projects/8e69452f-fd83-44cb-b86f-c0ca50f23cbe/runs/9349e3dd-e381-47f2-ad08-b96f2421101a HTTP/1.1" 200 "Bearer eyJhbGciOiJSUzI1NiIsInR5cCIgOiAiSldUIiwia2lkIiA6ICJxeDhCREdnbjlvYUpoY1VhWDlCal85TmJReEJVcDlGU0cya1NIX19BZnVzIn0.eyJleHAiOjE2Njk3NTY5NTcsImlhdCI6MTY2OTc1NTE1NywianRpIjoiMjBjNjQyYzEtZDJjYi00OGIzLTkwYWUtMDBhMTZmODIwZWI4IiwiaXNzIjoiaHR0cHM6Ly9zc3diLWtleWNsb2FrLmRzcGFjZS1kZXYuY29tL2F1dGgvcmVhbG1zL3NpbXBoZXJhIiwiYXVkIjpbInNpbXBoZXJhLWNsaWVudCIsImFjY291bnQiXSwic3ViIjoiYWZiOWU2YzEtM2Y5OS00OGVjLTgyMGMtMjZjZjNlZWY3MjJhIiwidHlwIjoiQmVhcmVyIiwiYXpwIjoic2ltcGhlcmEtY2xpZW50Iiwic2Vzc2lvbl9zdGF0ZSI6ImU3ZGUwMjUzLTFiMTItNDdiNy1iZmQ3LTgyOWVmNDkyMTAxMCIsImFjciI6IjEiLCJhbGxvd2VkLW9yaWdpbnMiOlsiKiJdLCJyZWFsbV9hY2Nlc3MiOnsicm9sZXMiOlsib2ZmbGluZV9hY2Nlc3MiLCJkZWZhdWx0LXJvbGVzLXNpbXBoZXJhIiwidW1hX2F1dGhvcml6YXRpb24iXX0sInJlc291cmNlX2FjY2VzcyI6eyJhY2NvdW50Ijp7InJvbGVzIjpbIm1hbmFnZS1hY2NvdW50IiwibWFuYWdlLWFjY291bnQtbGlua3MiLCJ2aWV3LXByb2ZpbGUiXX19LCJzY29wZSI6InByb2ZpbGUgZW1haWwiLCJlbWFpbF92ZXJpZmllZCI6ZmFsc2UsImdyb3VwcyI6W10sInByZWZlcnJlZF91c2VybmFtZSI6ImRlbW8ifQ.SELk5FHvL3o239qfshfghdCosv1RGVF9NYVHb36DDoVLMTzrIb75Lu3J5plUBv4uKhZbLBRsaJTjUt0hMJJRti1XlFMi85rj3W0sjyzjo4jOMSIzkal5K-mjiCoCU8sEUEy80cG7gb5W4bRiyHT8I3MBwDyskt7a2ZBUnDjHlLmRwSl6hY5M55GO-QwvkXIk99zWC_KG20dLjrdDfSePhB3YKwJbDIZUVTibR2Ib7H4KXL0Pm0WuF1_QQYgMPQ_U5Ydf6i9zrmDz0wu8UOYFYCQhQ7IW5f_tXWyI58GsJF2RJaDwpFxfWD96-BJICt642G4Z62cfaRgLohvZ47i6Tw"
[29/Nov/2022:20:59:06 +0000] "\x03\x00\x00/*\xE0\x00\x00\x00\x00\x00Cookie: mstshash=Administr" 400 "-"
[29/Nov/2022:20:59:40 +0000] "GET /api/v1/projects/8e69452f-fd83-44cb-b86f-c0ca50f23cbe/runs/9349e3dd-e381-47f2-ad08-b96f2421101a HTTP/1.1" 202 "Bearer eyJhbGciOiJSUzI1NiIsInR5cCIgOiAiSldUIiwia2lkIiA6ICJxeDhCREdnbjlvYUpoY1VhWDlCal85TmJReEJVcDlGU0cya1NIX19BZnVzIn0.eyJleHAiOjE2Njk3NTY5NTcsImlhdCI6MTY2OTc1NTE1NywianRpIjoiMjBjNjQyYzEtZDJjYi00OGIzLTkwYWUtMDBhMTZmODIwZWI4IiwiaXNzIjoiaHR0cHM6Ly9zc3diLWtleWNsb2FrLmRzcGFjZS1kZXYuY29tL2F1dGgvcmVhbG1zL3NpbXBoZXJhIiwiYXVkIjpbInNpbXBoZXJhLWNsaWVudCIsImFjY291bnQiXSwic3ViIjoiYWZiOWU2YzEtM2Y5OS00OGVjLTgyMGMtMjZjZjNlZWY3MjJhIiwidHlwIjoiQmVhcmVyIiwiYXpwIjoic2ltcGhlcmEtY2xpZW50Iiwic2Vzc2lvbl9zdGF0ZSI6ImU3ZGUwMjUzLTFiMTItNDdiNy1iZmQ3LTgyOWVmNDkyMTAxMCIsImFjciI6IjEiLCJhbGxvd2VkLW9yaWdpbnMiOlsiKiJdLCJyZWFsbV9hY2Nlc3MiOnsicm9sZXMiOlsib2ZmbGluZV9hY2Nlc3MiLCJkZWZhdWx0LXJvbGVzLXNpbXBoZXJhIiwidW1hX2F1dGhvcml6YXRpb24iXX0sInJlc291cmNlX2FjY2VzcyI6eyJhY2NvdW50Ijp7InJvbGVzIjpbIm1hbmFnZS1hY2NvdW50IiwibWFuYWdlLWFjY291bnQtbGlua3MiLCJ2aWV3LXByb2ZpbGUiXX19LCJzY29wZSI6InByb2ZpbGUgZW1haWwiLCJlbWFpbF92ZXJpZmllZCI6ZmFsc2UsImdyb3VwcyI6W10sInByZWZlcnJlZF91c2VybmFtZSI6ImRlbW8ifQ.SELk5FHvL3o239qfshfghdCosv1RGVF9NYVHb36DDoVLMTzrIb75Lu3J5plUBv4uKhZbLBRsaJTjUt0hMJJRti1XlFMi85rj3W0sjyzjo4jOMSIzkal5K-mjiCoCU8sEUEy80cG7gb5W4bRiyHT8I3MBwDyskt7a2ZBUnDjHlLmRwSl6hY5M55GO-QwvkXIk99zWC_KG20dLjrdDfSePhB3YKwJbDIZUVTibR2Ib7H4KXL0Pm0WuF1_QQYgMPQ_U5Ydf6i9zrmDz0wu8UOYFYCQhQ7IW5f_tXWyI58GsJF2RJaDwpFxfWD96-BJICt642G4Z62cfaRgLohvZ47i6Tw"
[29/Nov/2022:20:59:40 +0000] "GET /api/v1/projects/8e69452f-fd83-44cb-b86f-c0ca50f23cbe/runs/9349e3dd-e381-47f2-ad08-b96f2421101a HTTP/1.1" 200 "Bearer eyJhbGciOiJSUzI1NiIsInR5cCIgOiAiSldUIiwia2lkIiA6ICJxeDhCREdnbjlvYUpoY1VhWDlCal85TmJReEJVcDlGU0cya1NIX19BZnVzIn0.eyJleHAiOjE2Njk3NTY5NTcsImlhdCI6MTY2OTc1NTE1NywianRpIjoiMjBjNjQyYzEtZDJjYi00OGIzLTkwYWUtMDBhMTZmODIwZWI4IiwiaXNzIjoiaHR0cHM6Ly9zc3diLWtleWNsb2FrLmRzcGFjZS1kZXYuY29tL2F1dGgvcmVhbG1zL3NpbXBoZXJhIiwiYXVkIjpbInNpbXBoZXJhLWNsaWVudCIsImFjY291bnQiXSwic3ViIjoiYWZiOWU2YzEtM2Y5OS00OGVjLTgyMGMtMjZjZjNlZWY3MjJhIiwidHlwIjoiQmVhcmVyIiwiYXpwIjoic2ltcGhlcmEtY2xpZW50Iiwic2Vzc2lvbl9zdGF0ZSI6ImU3ZGUwMjUzLTFiMTItNDdiNy1iZmQ3LTgyOWVmNDkyMTAxMCIsImFjciI6IjEiLCJhbGxvd2VkLW9yaWdpbnMiOlsiKiJdLCJyZWFsbV9hY2Nlc3MiOnsicm9sZXMiOlsib2ZmbGluZV9hY2Nlc3MiLCJkZWZhdWx0LXJvbGVzLXNpbXBoZXJhIiwidW1hX2F1dGhvcml6YXRpb24iXX0sInJlc291cmNlX2FjY2VzcyI6eyJhY2NvdW50Ijp7InJvbGVzIjpbIm1hbmFnZS1hY2NvdW50IiwibWFuYWdlLWFjY291bnQtbGlua3MiLCJ2aWV3LXByb2ZpbGUiXX19LCJzY29wZSI6InByb2ZpbGUgZW1haWwiLCJlbWFpbF92ZXJpZmllZCI6ZmFsc2UsImdyb3VwcyI6W10sInByZWZlcnJlZF91c2VybmFtZSI6ImRlbW8ifQ.SELk5FHvL3o239qfshfghdCosv1RGVF9NYVHb36DDoVLMTzrIb75Lu3J5plUBv4uKhZbLBRsaJTjUt0hMJJRti1XlFMi85rj3W0sjyzjo4jOMSIzkal5K-mjiCoCU8sEUEy80cG7gb5W4bRiyHT8I3MBwDyskt7a2ZBUnDjHlLmRwSl6hY5M55GO-QwvkXIk99zWC_KG20dLjrdDfSePhB3YKwJbDIZUVTibR2Ib7H4KXL0Pm0WuF1_QQYgMPQ_U5Ydf6i9zrmDz0wu8UOYFYCQhQ7IW5f_tXWyI58GsJF2RJaDwpFxfWD96-BJICt642G4Z62cfaRgLohvZ47i6Tw"
[29/Nov/2022:20:59:46 +0000] "GET /demos?location= HTTP/1.1" 200 "AWS4-HMAC-SHA256 Credential=minio/20221129/us-east-1/s3/aws4_request, SignedHeaders=host;x-amz-content-sha256;x-amz-date, Signature=bffbd8957ed644be734aedc82a6b975d717c15091b5b27db5755b7b73254d47d"
[29/Nov/2022:20:59:46 +0000] "HEAD /demos/8e69452f-fd83-44cb-b86f-c0ca50f23cbe/Scenarios/37c9c75a-0089-4438-9516-ff7e69e32f0e/ScenarioData.zip HTTP/1.1" 200 "AWS4-HMAC-SHA256 Credential=minio/20221129/us-east-1/s3/aws4_request, SignedHeaders=host;x-amz-content-sha256;x-amz-date, Signature=58749323785cfb39ea1e32e50b493954908c738febfeb8408462d5e5cce0379e"
[29/Nov/2022:20:59:46 +0000] "HEAD /demos/8e69452f-fd83-44cb-b86f-c0ca50f23cbe/Scenarios/37c9c75a-0089-4438-9516-ff7e69e32f0e/ScenarioData.zip HTTP/1.1" 200 "AWS4-HMAC-SHA256 Credential=minio/20221129/us-east-1/s3/aws4_request, SignedHeaders=host;x-amz-content-sha256;x-amz-date, Signature=58749323785cfb39ea1e32e50b493954908c738febfeb8408462d5e5cce0379e"
[29/Nov/2022:20:59:46 +0000] "GET /demos/8e69452f-fd83-44cb-b86f-c0ca50f23cbe/Scenarios/37c9c75a-0089-4438-9516-ff7e69e32f0e/ScenarioData.zip HTTP/1.1" 200 "AWS4-HMAC-SHA256 Credential=minio/20221129/us-east-1/s3/aws4_request, SignedHeaders=host;x-amz-content-sha256;x-amz-date, Signature=7d56d33e624566acd216dfcae53200577f663918af23129221c51abff664f895"
[29/Nov/2022:20:59:46 +0000] "GET /demos?location= HTTP/1.1" 200 "AWS4-HMAC-SHA256 Credential=minio/20221129/us-east-1/s3/aws4_request, SignedHeaders=host;x-amz-content-sha256;x-amz-date, Signature=d42137407a79ebae191969c06947d704795ff29d480e313eb3bd360641abfe2e"
[29/Nov/2022:20:59:46 +0000] "HEAD /demos/plugins/RLS2021A/kpiloaderplugin.zip HTTP/1.1" 200 "AWS4-HMAC-SHA256 Credential=minio/20221129/us-east-1/s3/aws4_request, SignedHeaders=host;x-amz-content-sha256;x-amz-date, Signature=29fb81f5464c1e0aa4d216c366747c6a888ed34ef6dc8c01ba53d2e8b96fa5e7"
[29/Nov/2022:20:59:46 +0000] "HEAD /demos/plugins/RLS2021A/kpiloaderplugin.zip HTTP/1.1" 200 "AWS4-HMAC-SHA256 Credential=minio/20221129/us-east-1/s3/aws4_request, SignedHeaders=host;x-amz-content-sha256;x-amz-date, Signature=29fb81f5464c1e0aa4d216c366747c6a888ed34ef6dc8c01ba53d2e8b96fa5e7"
[29/Nov/2022:20:59:46 +0000] "GET /demos/plugins/RLS2021A/kpiloaderplugin.zip HTTP/1.1" 200 "AWS4-HMAC-SHA256 Credential=minio/20221129/us-east-1/s3/aws4_request, SignedHeaders=host;x-amz-content-sha256;x-amz-date, Signature=80c0c6c6f93231bd9278fcf113947673aa4f73e227a99df357421146d6de91f1"
[29/Nov/2022:20:59:46 +0000] "GET /demos?location= HTTP/1.1" 200 "AWS4-HMAC-SHA256 Credential=minio/20221129/us-east-1/s3/aws4_request, SignedHeaders=host;x-amz-content-sha256;x-amz-date, Signature=d42137407a79ebae191969c06947d704795ff29d480e313eb3bd360641abfe2e"
[29/Nov/2022:20:59:46 +0000] "HEAD /demos/plugins/RLS2021A/cd3dviewerplugin.zip HTTP/1.1" 200 "AWS4-HMAC-SHA256 Credential=minio/20221129/us-east-1/s3/aws4_request, SignedHeaders=host;x-amz-content-sha256;x-amz-date, Signature=84de8586d6ac9157a2324e157295568a5ea4b3aa6797699fc5c69e9569266beb"
[29/Nov/2022:20:59:46 +0000] "HEAD /demos/plugins/RLS2021A/cd3dviewerplugin.zip HTTP/1.1" 200 "AWS4-HMAC-SHA256 Credential=minio/20221129/us-east-1/s3/aws4_request, SignedHeaders=host;x-amz-content-sha256;x-amz-date, Signature=84de8586d6ac9157a2324e157295568a5ea4b3aa6797699fc5c69e9569266beb"
[29/Nov/2022:20:59:46 +0000] "GET /demos/plugins/RLS2021A/cd3dviewerplugin.zip HTTP/1.1" 200 "AWS4-HMAC-SHA256 Credential=minio/20221129/us-east-1/s3/aws4_request, SignedHeaders=host;x-amz-content-sha256;x-amz-date, Signature=5fcc98c70c772bd92c93cdc3d924ea891d76b44e6187c63092c1f634b1dc1b4a"
[29/Nov/2022:20:59:46 +0000] "GET /demos?location= HTTP/1.1" 200 "AWS4-HMAC-SHA256 Credential=minio/20221129/us-east-1/s3/aws4_request, SignedHeaders=host;x-amz-content-sha256;x-amz-date, Signature=d42137407a79ebae191969c06947d704795ff29d480e313eb3bd360641abfe2e"
[29/Nov/2022:20:59:46 +0000] "HEAD /demos/plugins/RLS2021A/controlplugin.zip HTTP/1.1" 200 "AWS4-HMAC-SHA256 Credential=minio/20221129/us-east-1/s3/aws4_request, SignedHeaders=host;x-amz-content-sha256;x-amz-date, Signature=b497a25dba99de905da28f0a316f7f0417831fa53d96392ffd1f5abba56414e6"
[29/Nov/2022:20:59:46 +0000] "HEAD /demos/plugins/RLS2021A/controlplugin.zip HTTP/1.1" 200 "AWS4-HMAC-SHA256 Credential=minio/20221129/us-east-1/s3/aws4_request, SignedHeaders=host;x-amz-content-sha256;x-amz-date, Signature=b497a25dba99de905da28f0a316f7f0417831fa53d96392ffd1f5abba56414e6"
[29/Nov/2022:20:59:46 +0000] "GET /demos/plugins/RLS2021A/controlplugin.zip HTTP/1.1" 200 "AWS4-HMAC-SHA256 Credential=minio/20221129/us-east-1/s3/aws4_request, SignedHeaders=host;x-amz-content-sha256;x-amz-date, Signature=aa51b537f7b2c0b900217e8381e413dc8fa68d534c7c134d3ddb9f4d6c13a4a8"
[29/Nov/2022:20:59:46 +0000] "GET /demos?location= HTTP/1.1" 200 "AWS4-HMAC-SHA256 Credential=minio/20221129/us-east-1/s3/aws4_request, SignedHeaders=host;x-amz-content-sha256;x-amz-date, Signature=d42137407a79ebae191969c06947d704795ff29d480e313eb3bd360641abfe2e"
[29/Nov/2022:20:59:46 +0000] "HEAD /demos/plugins/RLS2021A/asmtrafficplugin.zip HTTP/1.1" 200 "AWS4-HMAC-SHA256 Credential=minio/20221129/us-east-1/s3/aws4_request, SignedHeaders=host;x-amz-content-sha256;x-amz-date, Signature=477abbabb140ead8f049a1893c22e573eb0764426a0b3dc1a19d84175c8eca0d"
[29/Nov/2022:20:59:46 +0000] "HEAD /demos/plugins/RLS2021A/asmtrafficplugin.zip HTTP/1.1" 200 "AWS4-HMAC-SHA256 Credential=minio/20221129/us-east-1/s3/aws4_request, SignedHeaders=host;x-amz-content-sha256;x-amz-date, Signature=477abbabb140ead8f049a1893c22e573eb0764426a0b3dc1a19d84175c8eca0d"
[29/Nov/2022:20:59:46 +0000] "GET /demos/plugins/RLS2021A/asmtrafficplugin.zip HTTP/1.1" 200 "AWS4-HMAC-SHA256 Credential=minio/20221129/us-east-1/s3/aws4_request, SignedHeaders=host;x-amz-content-sha256;x-amz-date, Signature=5a4364c724c9d489e29573cb7dc82ca2a1b82bac4fed9f035925525d4f8558c9"
[29/Nov/2022:20:59:46 +0000] "GET /demos?location= HTTP/1.1" 200 "AWS4-HMAC-SHA256 Credential=minio/20221129/us-east-1/s3/aws4_request, SignedHeaders=host;x-amz-content-sha256;x-amz-date, Signature=d42137407a79ebae191969c06947d704795ff29d480e313eb3bd360641abfe2e"
[29/Nov/2022:20:59:46 +0000] "HEAD /demos/testenvironments/RLS2021A/ASM_Traffic/TestEnvDataLinux.zip HTTP/1.1" 200 "AWS4-HMAC-SHA256 Credential=minio/20221129/us-east-1/s3/aws4_request, SignedHeaders=host;x-amz-content-sha256;x-amz-date, Signature=b622e485fdc71d8795904f92cdf8cdcd44cd18d4eb20c2d29713c67eda62ba31"
[29/Nov/2022:20:59:46 +0000] "HEAD /demos/testenvironments/RLS2021A/ASM_Traffic/TestEnvDataLinux.zip HTTP/1.1" 200 "AWS4-HMAC-SHA256 Credential=minio/20221129/us-east-1/s3/aws4_request, SignedHeaders=host;x-amz-content-sha256;x-amz-date, Signature=b622e485fdc71d8795904f92cdf8cdcd44cd18d4eb20c2d29713c67eda62ba31"
[29/Nov/2022:20:59:47 +0000] "GET /demos/testenvironments/RLS2021A/ASM_Traffic/TestEnvDataLinux.zip HTTP/1.1" 200 "AWS4-HMAC-SHA256 Credential=minio/20221129/us-east-1/s3/aws4_request, SignedHeaders=host;x-amz-content-sha256;x-amz-date, Signature=2a77a1ff13237548bbcc72ce8ec0d8e2e03e4467731217aa3152ad921c4fe54b"
[29/Nov/2022:21:00:40 +0000] "GET /api/v1/projects/8e69452f-fd83-44cb-b86f-c0ca50f23cbe/runs/9349e3dd-e381-47f2-ad08-b96f2421101a HTTP/1.1" 202 "Bearer eyJhbGciOiJSUzI1NiIsInR5cCIgOiAiSldUIiwia2lkIiA6ICJxeDhCREdnbjlvYUpoY1VhWDlCal85TmJReEJVcDlGU0cya1NIX19BZnVzIn0.eyJleHAiOjE2Njk3NTY5NTcsImlhdCI6MTY2OTc1NTE1NywianRpIjoiMjBjNjQyYzEtZDJjYi00OGIzLTkwYWUtMDBhMTZmODIwZWI4IiwiaXNzIjoiaHR0cHM6Ly9zc3diLWtleWNsb2FrLmRzcGFjZS1kZXYuY29tL2F1dGgvcmVhbG1zL3NpbXBoZXJhIiwiYXVkIjpbInNpbXBoZXJhLWNsaWVudCIsImFjY291bnQiXSwic3ViIjoiYWZiOWU2YzEtM2Y5OS00OGVjLTgyMGMtMjZjZjNlZWY3MjJhIiwidHlwIjoiQmVhcmVyIiwiYXpwIjoic2ltcGhlcmEtY2xpZW50Iiwic2Vzc2lvbl9zdGF0ZSI6ImU3ZGUwMjUzLTFiMTItNDdiNy1iZmQ3LTgyOWVmNDkyMTAxMCIsImFjciI6IjEiLCJhbGxvd2VkLW9yaWdpbnMiOlsiKiJdLCJyZWFsbV9hY2Nlc3MiOnsicm9sZXMiOlsib2ZmbGluZV9hY2Nlc3MiLCJkZWZhdWx0LXJvbGVzLXNpbXBoZXJhIiwidW1hX2F1dGhvcml6YXRpb24iXX0sInJlc291cmNlX2FjY2VzcyI6eyJhY2NvdW50Ijp7InJvbGVzIjpbIm1hbmFnZS1hY2NvdW50IiwibWFuYWdlLWFjY291bnQtbGlua3MiLCJ2aWV3LXByb2ZpbGUiXX19LCJzY29wZSI6InByb2ZpbGUgZW1haWwiLCJlbWFpbF92ZXJpZmllZCI6ZmFsc2UsImdyb3VwcyI6W10sInByZWZlcnJlZF91c2VybmFtZSI6ImRlbW8ifQ.SELk5FHvL3o239qfshfghdCosv1RGVF9NYVHb36DDoVLMTzrIb75Lu3J5plUBv4uKhZbLBRsaJTjUt0hMJJRti1XlFMi85rj3W0sjyzjo4jOMSIzkal5K-mjiCoCU8sEUEy80cG7gb5W4bRiyHT8I3MBwDyskt7a2ZBUnDjHlLmRwSl6hY5M55GO-QwvkXIk99zWC_KG20dLjrdDfSePhB3YKwJbDIZUVTibR2Ib7H4KXL0Pm0WuF1_QQYgMPQ_U5Ydf6i9zrmDz0wu8UOYFYCQhQ7IW5f_tXWyI58GsJF2RJaDwpFxfWD96-BJICt642G4Z62cfaRgLohvZ47i6Tw"
[29/Nov/2022:21:00:40 +0000] "GET /api/v1/projects/8e69452f-fd83-44cb-b86f-c0ca50f23cbe/runs/9349e3dd-e381-47f2-ad08-b96f2421101a HTTP/1.1" 200 "Bearer eyJhbGciOiJSUzI1NiIsInR5cCIgOiAiSldUIiwia2lkIiA6ICJxeDhCREdnbjlvYUpoY1VhWDlCal85TmJReEJVcDlGU0cya1NIX19BZnVzIn0.eyJleHAiOjE2Njk3NTY5NTcsImlhdCI6MTY2OTc1NTE1NywianRpIjoiMjBjNjQyYzEtZDJjYi00OGIzLTkwYWUtMDBhMTZmODIwZWI4IiwiaXNzIjoiaHR0cHM6Ly9zc3diLWtleWNsb2FrLmRzcGFjZS1kZXYuY29tL2F1dGgvcmVhbG1zL3NpbXBoZXJhIiwiYXVkIjpbInNpbXBoZXJhLWNsaWVudCIsImFjY291bnQiXSwic3ViIjoiYWZiOWU2YzEtM2Y5OS00OGVjLTgyMGMtMjZjZjNlZWY3MjJhIiwidHlwIjoiQmVhcmVyIiwiYXpwIjoic2ltcGhlcmEtY2xpZW50Iiwic2Vzc2lvbl9zdGF0ZSI6ImU3ZGUwMjUzLTFiMTItNDdiNy1iZmQ3LTgyOWVmNDkyMTAxMCIsImFjciI6IjEiLCJhbGxvd2VkLW9yaWdpbnMiOlsiKiJdLCJyZWFsbV9hY2Nlc3MiOnsicm9sZXMiOlsib2ZmbGluZV9hY2Nlc3MiLCJkZWZhdWx0LXJvbGVzLXNpbXBoZXJhIiwidW1hX2F1dGhvcml6YXRpb24iXX0sInJlc291cmNlX2FjY2VzcyI6eyJhY2NvdW50Ijp7InJvbGVzIjpbIm1hbmFnZS1hY2NvdW50IiwibWFuYWdlLWFjY291bnQtbGlua3MiLCJ2aWV3LXByb2ZpbGUiXX19LCJzY29wZSI6InByb2ZpbGUgZW1haWwiLCJlbWFpbF92ZXJpZmllZCI6ZmFsc2UsImdyb3VwcyI6W10sInByZWZlcnJlZF91c2VybmFtZSI6ImRlbW8ifQ.SELk5FHvL3o239qfshfghdCosv1RGVF9NYVHb36DDoVLMTzrIb75Lu3J5plUBv4uKhZbLBRsaJTjUt0hMJJRti1XlFMi85rj3W0sjyzjo4jOMSIzkal5K-mjiCoCU8sEUEy80cG7gb5W4bRiyHT8I3MBwDyskt7a2ZBUnDjHlLmRwSl6hY5M55GO-QwvkXIk99zWC_KG20dLjrdDfSePhB3YKwJbDIZUVTibR2Ib7H4KXL0Pm0WuF1_QQYgMPQ_U5Ydf6i9zrmDz0wu8UOYFYCQhQ7IW5f_tXWyI58GsJF2RJaDwpFxfWD96-BJICt642G4Z62cfaRgLohvZ47i6Tw"
[29/Nov/2022:21:00:59 +0000] "GET /results?location= HTTP/1.1" 200 "AWS4-HMAC-SHA256 Credential=minio/20221129/us-east-1/s3/aws4_request, SignedHeaders=host;x-amz-content-sha256;x-amz-date, Signature=da6f270c4291a3d3cc15b563e08ee9236808307e9a2d567ef666c9a10e59cc57"
[29/Nov/2022:21:00:59 +0000] "POST /results/9349e3dd-e381-47f2-ad08-b96f2421101a/057b0082-3798-409b-ab9b-33e7ab0b9c3c/Result_Iteration%201_000001/results.zip?uploads= HTTP/1.1" 200 "AWS4-HMAC-SHA256 Credential=minio/20221129/us-east-1/s3/aws4_request, SignedHeaders=content-type;host;x-amz-content-sha256;x-amz-date, Signature=9e03fb18265e7466f6c46bb28ad23520d21858ac39568760107a89d9b20e21ff"
2022/11/29 21:00:59 [warn] 37#37: *9237 a client request body is buffered to a temporary file /tmp/nginx/client-body/0000000001, client: 10.0.32.53, server: sswb-minio.dspace-dev.com, request: "PUT /results/9349e3dd-e381-47f2-ad08-b96f2421101a/057b0082-3798-409b-ab9b-33e7ab0b9c3c/Result_Iteration%201_000001/results.zip?partNumber=1&uploadId=82c145c60fa10672 HTTP/1.1", host: "sswb-minio.dspace-dev.com"
2022/11/29 21:00:59 [warn] 37#37: *9241 a client request body is buffered to a temporary file /tmp/nginx/client-body/0000000002, client: 10.0.32.53, server: sswb-minio.dspace-dev.com, request: "PUT /results/9349e3dd-e381-47f2-ad08-b96f2421101a/057b0082-3798-409b-ab9b-33e7ab0b9c3c/Result_Iteration%201_000001/results.zip?partNumber=3&uploadId=82c145c60fa10672 HTTP/1.1", host: "sswb-minio.dspace-dev.com"
2022/11/29 21:00:59 [warn] 35#35: *9240 a client request body is buffered to a temporary file /tmp/nginx/client-body/0000000003, client: 10.0.32.53, server: sswb-minio.dspace-dev.com, request: "PUT /results/9349e3dd-e381-47f2-ad08-b96f2421101a/057b0082-3798-409b-ab9b-33e7ab0b9c3c/Result_Iteration%201_000001/results.zip?partNumber=2&uploadId=82c145c60fa10672 HTTP/1.1", host: "sswb-minio.dspace-dev.com"
[29/Nov/2022:21:00:59 +0000] "PUT /results/9349e3dd-e381-47f2-ad08-b96f2421101a/057b0082-3798-409b-ab9b-33e7ab0b9c3c/Result_Iteration%201_000001/results.zip?partNumber=1&uploadId=82c145c60fa10672 HTTP/1.1" 200 "AWS4-HMAC-SHA256 Credential=minio/20221129/us-east-1/s3/aws4_request, SignedHeaders=content-length;content-md5;host;x-amz-content-sha256;x-amz-date, Signature=578a4b5204de5420b495322d03cea9446dfb00a48380fd47d54271276c162ff6"
[29/Nov/2022:21:00:59 +0000] "PUT /results/9349e3dd-e381-47f2-ad08-b96f2421101a/057b0082-3798-409b-ab9b-33e7ab0b9c3c/Result_Iteration%201_000001/results.zip?partNumber=3&uploadId=82c145c60fa10672 HTTP/1.1" 200 "AWS4-HMAC-SHA256 Credential=minio/20221129/us-east-1/s3/aws4_request, SignedHeaders=content-length;content-md5;host;x-amz-content-sha256;x-amz-date, Signature=3b1a477e2572f263ccc4feb8c0bf26d66826dc7eecf42a4cac07c582b4138baa"
2022/11/29 21:00:59 [warn] 37#37: *9241 a client request body is buffered to a temporary file /tmp/nginx/client-body/0000000004, client: 10.0.32.53, server: sswb-minio.dspace-dev.com, request: "PUT /results/9349e3dd-e381-47f2-ad08-b96f2421101a/057b0082-3798-409b-ab9b-33e7ab0b9c3c/Result_Iteration%201_000001/results.zip?partNumber=4&uploadId=82c145c60fa10672 HTTP/1.1", host: "sswb-minio.dspace-dev.com"
2022/11/29 21:00:59 [warn] 37#37: *9237 a client request body is buffered to a temporary file /tmp/nginx/client-body/0000000005, client: 10.0.32.53, server: sswb-minio.dspace-dev.com, request: "PUT /results/9349e3dd-e381-47f2-ad08-b96f2421101a/057b0082-3798-409b-ab9b-33e7ab0b9c3c/Result_Iteration%201_000001/results.zip?partNumber=5&uploadId=82c145c60fa10672 HTTP/1.1", host: "sswb-minio.dspace-dev.com"
[29/Nov/2022:21:00:59 +0000] "PUT /results/9349e3dd-e381-47f2-ad08-b96f2421101a/057b0082-3798-409b-ab9b-33e7ab0b9c3c/Result_Iteration%201_000001/results.zip?partNumber=2&uploadId=82c145c60fa10672 HTTP/1.1" 200 "AWS4-HMAC-SHA256 Credential=minio/20221129/us-east-1/s3/aws4_request, SignedHeaders=content-length;content-md5;host;x-amz-content-sha256;x-amz-date, Signature=988b629cc8c656542c6e09fb0d4c5c627e0bb15abb3c0987d9143f69a3fe6427"
[29/Nov/2022:21:00:59 +0000] "PUT /results/9349e3dd-e381-47f2-ad08-b96f2421101a/057b0082-3798-409b-ab9b-33e7ab0b9c3c/Result_Iteration%201_000001/results.zip?partNumber=5&uploadId=82c145c60fa10672 HTTP/1.1" 200 "AWS4-HMAC-SHA256 Credential=minio/20221129/us-east-1/s3/aws4_request, SignedHeaders=content-length;content-md5;host;x-amz-content-sha256;x-amz-date, Signature=cfe3a17dccec9bf5cd49eb1d8af96ea9fc61eecf0a07c8cb35e4ad3f1d34b2ec"
[29/Nov/2022:21:00:59 +0000] "PUT /results/9349e3dd-e381-47f2-ad08-b96f2421101a/057b0082-3798-409b-ab9b-33e7ab0b9c3c/Result_Iteration%201_000001/results.zip?partNumber=4&uploadId=82c145c60fa10672 HTTP/1.1" 200 "AWS4-HMAC-SHA256 Credential=minio/20221129/us-east-1/s3/aws4_request, SignedHeaders=content-length;content-md5;host;x-amz-content-sha256;x-amz-date, Signature=a071fa19900ed4a83a2cb3751a744d38b72945b7430a677d5b718373e7f151be"
[29/Nov/2022:21:00:59 +0000] "POST /results/9349e3dd-e381-47f2-ad08-b96f2421101a/057b0082-3798-409b-ab9b-33e7ab0b9c3c/Result_Iteration%201_000001/results.zip?uploadId=82c145c60fa10672 HTTP/1.1" 200 "AWS4-HMAC-SHA256 Credential=minio/20221129/us-east-1/s3/aws4_request, SignedHeaders=content-length;content-md5;content-type;host;x-amz-content-sha256;x-amz-date, Signature=70bb92a7af17e2a66a9ab704ff3b31c06417d981e206e77b36cd3fffe6c07289"
[29/Nov/2022:21:01:40 +0000] "GET /api/v1/projects/8e69452f-fd83-44cb-b86f-c0ca50f23cbe/runs/9349e3dd-e381-47f2-ad08-b96f2421101a HTTP/1.1" 202 "Bearer eyJhbGciOiJSUzI1NiIsInR5cCIgOiAiSldUIiwia2lkIiA6ICJxeDhCREdnbjlvYUpoY1VhWDlCal85TmJReEJVcDlGU0cya1NIX19BZnVzIn0.eyJleHAiOjE2Njk3NTY5NTcsImlhdCI6MTY2OTc1NTE1NywianRpIjoiMjBjNjQyYzEtZDJjYi00OGIzLTkwYWUtMDBhMTZmODIwZWI4IiwiaXNzIjoiaHR0cHM6Ly9zc3diLWtleWNsb2FrLmRzcGFjZS1kZXYuY29tL2F1dGgvcmVhbG1zL3NpbXBoZXJhIiwiYXVkIjpbInNpbXBoZXJhLWNsaWVudCIsImFjY291bnQiXSwic3ViIjoiYWZiOWU2YzEtM2Y5OS00OGVjLTgyMGMtMjZjZjNlZWY3MjJhIiwidHlwIjoiQmVhcmVyIiwiYXpwIjoic2ltcGhlcmEtY2xpZW50Iiwic2Vzc2lvbl9zdGF0ZSI6ImU3ZGUwMjUzLTFiMTItNDdiNy1iZmQ3LTgyOWVmNDkyMTAxMCIsImFjciI6IjEiLCJhbGxvd2VkLW9yaWdpbnMiOlsiKiJdLCJyZWFsbV9hY2Nlc3MiOnsicm9sZXMiOlsib2ZmbGluZV9hY2Nlc3MiLCJkZWZhdWx0LXJvbGVzLXNpbXBoZXJhIiwidW1hX2F1dGhvcml6YXRpb24iXX0sInJlc291cmNlX2FjY2VzcyI6eyJhY2NvdW50Ijp7InJvbGVzIjpbIm1hbmFnZS1hY2NvdW50IiwibWFuYWdlLWFjY291bnQtbGlua3MiLCJ2aWV3LXByb2ZpbGUiXX19LCJzY29wZSI6InByb2ZpbGUgZW1haWwiLCJlbWFpbF92ZXJpZmllZCI6ZmFsc2UsImdyb3VwcyI6W10sInByZWZlcnJlZF91c2VybmFtZSI6ImRlbW8ifQ.SELk5FHvL3o239qfshfghdCosv1RGVF9NYVHb36DDoVLMTzrIb75Lu3J5plUBv4uKhZbLBRsaJTjUt0hMJJRti1XlFMi85rj3W0sjyzjo4jOMSIzkal5K-mjiCoCU8sEUEy80cG7gb5W4bRiyHT8I3MBwDyskt7a2ZBUnDjHlLmRwSl6hY5M55GO-QwvkXIk99zWC_KG20dLjrdDfSePhB3YKwJbDIZUVTibR2Ib7H4KXL0Pm0WuF1_QQYgMPQ_U5Ydf6i9zrmDz0wu8UOYFYCQhQ7IW5f_tXWyI58GsJF2RJaDwpFxfWD96-BJICt642G4Z62cfaRgLohvZ47i6Tw"
[29/Nov/2022:21:01:40 +0000] "GET /api/v1/projects/8e69452f-fd83-44cb-b86f-c0ca50f23cbe/runs/9349e3dd-e381-47f2-ad08-b96f2421101a HTTP/1.1" 200 "Bearer eyJhbGciOiJSUzI1NiIsInR5cCIgOiAiSldUIiwia2lkIiA6ICJxeDhCREdnbjlvYUpoY1VhWDlCal85TmJReEJVcDlGU0cya1NIX19BZnVzIn0.eyJleHAiOjE2Njk3NTY5NTcsImlhdCI6MTY2OTc1NTE1NywianRpIjoiMjBjNjQyYzEtZDJjYi00OGIzLTkwYWUtMDBhMTZmODIwZWI4IiwiaXNzIjoiaHR0cHM6Ly9zc3diLWtleWNsb2FrLmRzcGFjZS1kZXYuY29tL2F1dGgvcmVhbG1zL3NpbXBoZXJhIiwiYXVkIjpbInNpbXBoZXJhLWNsaWVudCIsImFjY291bnQiXSwic3ViIjoiYWZiOWU2YzEtM2Y5OS00OGVjLTgyMGMtMjZjZjNlZWY3MjJhIiwidHlwIjoiQmVhcmVyIiwiYXpwIjoic2ltcGhlcmEtY2xpZW50Iiwic2Vzc2lvbl9zdGF0ZSI6ImU3ZGUwMjUzLTFiMTItNDdiNy1iZmQ3LTgyOWVmNDkyMTAxMCIsImFjciI6IjEiLCJhbGxvd2VkLW9yaWdpbnMiOlsiKiJdLCJyZWFsbV9hY2Nlc3MiOnsicm9sZXMiOlsib2ZmbGluZV9hY2Nlc3MiLCJkZWZhdWx0LXJvbGVzLXNpbXBoZXJhIiwidW1hX2F1dGhvcml6YXRpb24iXX0sInJlc291cmNlX2FjY2VzcyI6eyJhY2NvdW50Ijp7InJvbGVzIjpbIm1hbmFnZS1hY2NvdW50IiwibWFuYWdlLWFjY291bnQtbGlua3MiLCJ2aWV3LXByb2ZpbGUiXX19LCJzY29wZSI6InByb2ZpbGUgZW1haWwiLCJlbWFpbF92ZXJpZmllZCI6ZmFsc2UsImdyb3VwcyI6W10sInByZWZlcnJlZF91c2VybmFtZSI6ImRlbW8ifQ.SELk5FHvL3o239qfshfghdCosv1RGVF9NYVHb36DDoVLMTzrIb75Lu3J5plUBv4uKhZbLBRsaJTjUt0hMJJRti1XlFMi85rj3W0sjyzjo4jOMSIzkal5K-mjiCoCU8sEUEy80cG7gb5W4bRiyHT8I3MBwDyskt7a2ZBUnDjHlLmRwSl6hY5M55GO-QwvkXIk99zWC_KG20dLjrdDfSePhB3YKwJbDIZUVTibR2Ib7H4KXL0Pm0WuF1_QQYgMPQ_U5Ydf6i9zrmDz0wu8UOYFYCQhQ7IW5f_tXWyI58GsJF2RJaDwpFxfWD96-BJICt642G4Z62cfaRgLohvZ47i6Tw"
