[2022-12-06T00:05:05+00:00] "GET /api/v1/projects HTTP/1.1" 202 "Bearer 19990649-644f-477d-97bd-3d96b80bb8c6
[2022-12-06T00:05:05+00:00] "GET /api/v1/projects/8e69452f-fd83-44cb-b86f-c0ca50f23cbe/testenvironments?pageSize=10 HTTP/1.1" 202 "Bearer 19990649-644f-477d-97bd-3d96b80bb8c6
[2022-12-06T00:05:05+00:00] "GET /api/v1/projects/8e69452f-fd83-44cb-b86f-c0ca50f23cbe/suites?pageSize=10 HTTP/1.1" 202 "Bearer 19990649-644f-477d-97bd-3d96b80bb8c6
[2022-12-06T00:05:05+00:00] "GET /api/v1/projects/8e69452f-fd83-44cb-b86f-c0ca50f23cbe/suts?pageSize=10 HTTP/1.1" 202 "Bearer 19990649-644f-477d-97bd-3d96b80bb8c6
[2022-12-06T00:05:05+00:00] "POST /api/v1/projects/8e69452f-fd83-44cb-b86f-c0ca50f23cbe/runs HTTP/1.1" 202 "Bearer 19990649-644f-477d-97bd-3d96b80bb8c6
[2022-12-06T00:05:06+00:00] "GET /api/v1/projects HTTP/1.1" 202 "Bearer 74dd079e-1544-43cc-9f6a-417a25f966fc
[2022-12-06T00:05:06+00:00] "GET /api/v1/projects/8e69452f-fd83-44cb-b86f-c0ca50f23cbe/testenvironments?pageSize=10 HTTP/1.1" 202 "Bearer 74dd079e-1544-43cc-9f6a-417a25f966fc
[2022-12-06T00:05:06+00:00] "GET /api/v1/projects/8e69452f-fd83-44cb-b86f-c0ca50f23cbe/suts?pageSize=10 HTTP/1.1" 202 "Bearer 74dd079e-1544-43cc-9f6a-417a25f966fc
[2022-12-06T00:05:06+00:00] "GET /api/v1/projects/8e69452f-fd83-44cb-b86f-c0ca50f23cbe/suites?pageSize=10 HTTP/1.1" 202 "Bearer 74dd079e-1544-43cc-9f6a-417a25f966fc
[2022-12-06T00:05:06+00:00] "POST /api/v1/projects/8e69452f-fd83-44cb-b86f-c0ca50f23cbe/runs HTTP/1.1" 202 "Bearer 74dd079e-1544-43cc-9f6a-417a25f966fc
[2022-12-06T00:05:07+00:00] "GET /api/v1/projects/8e69452f-fd83-44cb-b86f-c0ca50f23cbe/runs/9349e3dd-e381-47f2-ad08-b96f2421101a HTTP/1.1" 202 "Bearer 19990649-644f-477d-97bd-3d96b80bb8c6
[2022-12-06T00:05:08+00:00] "GET /api/v1/projects/8e69452f-fd83-44cb-b86f-c0ca50f23cbe/runs/9349e3dd-e381-47f2-ad08-b96f2421101a HTTP/1.1" 202 "Bearer 74dd079e-1544-43cc-9f6a-417a25f966fc
[2022-12-06T00:05:08+00:00] "GET /api/v1/projects/8e69452f-fd83-44cb-b86f-c0ca50f23cbe/runs/9349e3dd-e381-47f2-ad08-b96f2421101a/results HTTP/1.1" 202 "Bearer 74dd079e-1544-43cc-9f6a-417a25f966fc
[2022-12-06T00:05:09+00:00] "GET /api/v1/projects HTTP/1.1" 202 "Bearer 5e97175a-9e0b-4fe1-b47d-27f3a271f07e
[2022-12-06T00:05:09+00:00] "GET /api/v1/projects/8e69452f-fd83-44cb-b86f-c0ca50f23cbe/testenvironments?pageSize=10 HTTP/1.1" 202 "Bearer 5e97175a-9e0b-4fe1-b47d-27f3a271f07e
[2022-12-06T00:05:09+00:00] "GET /api/v1/projects/8e69452f-fd83-44cb-b86f-c0ca50f23cbe/suts?pageSize=10 HTTP/1.1" 202 "Bearer 5e97175a-9e0b-4fe1-b47d-27f3a271f07e
[2022-12-06T00:05:09+00:00] "GET /api/v1/projects/8e69452f-fd83-44cb-b86f-c0ca50f23cbe/suites?pageSize=10 HTTP/1.1" 202 "Bearer 5e97175a-9e0b-4fe1-b47d-27f3a271f07e
[2022-12-06T00:05:09+00:00] "POST /api/v1/projects/8e69452f-fd83-44cb-b86f-c0ca50f23cbe/runs HTTP/1.1" 202 "Bearer 5e97175a-9e0b-4fe1-b47d-27f3a271f07e
[2022-12-06T00:05:09+00:00] "GET /api/v1/projects/8e69452f-fd83-44cb-b86f-c0ca50f23cbe/runs/9349e3dd-e381-47f2-ad08-b96f2421101a HTTP/1.1" 202 "Bearer 19990649-644f-477d-97bd-3d96b80bb8c6
[2022-12-06T00:05:11+00:00] "GET /api/v1/projects/8e69452f-fd83-44cb-b86f-c0ca50f23cbe/runs/9349e3dd-e381-47f2-ad08-b96f2421101a HTTP/1.1" 202 "Bearer 5e97175a-9e0b-4fe1-b47d-27f3a271f07e
[2022-12-06T00:05:11+00:00] "GET /api/v1/projects/8e69452f-fd83-44cb-b86f-c0ca50f23cbe/runs/9349e3dd-e381-47f2-ad08-b96f2421101a HTTP/1.1" 202 "Bearer 19990649-644f-477d-97bd-3d96b80bb8c6
[2022-12-06T00:05:12+00:00] "GET /api/v1/projects HTTP/1.1" 202 "Bearer b7fffff1-b1d1-413d-9b03-c9df7e53ff5a
[2022-12-06T00:05:12+00:00] "GET /api/v1/projects HTTP/1.1" 202 "Bearer 850c43c0-a5cc-4fe3-b3e6-0fc6f3e59346
[2022-12-06T00:05:12+00:00] "GET /api/v1/projects/8e69452f-fd83-44cb-b86f-c0ca50f23cbe/testenvironments?pageSize=10 HTTP/1.1" 202 "Bearer b7fffff1-b1d1-413d-9b03-c9df7e53ff5a
[2022-12-06T00:05:12+00:00] "GET /api/v1/projects/8e69452f-fd83-44cb-b86f-c0ca50f23cbe/suites?pageSize=10 HTTP/1.1" 202 "Bearer b7fffff1-b1d1-413d-9b03-c9df7e53ff5a
[2022-12-06T00:05:12+00:00] "GET /api/v1/projects/8e69452f-fd83-44cb-b86f-c0ca50f23cbe/suts?pageSize=10 HTTP/1.1" 202 "Bearer b7fffff1-b1d1-413d-9b03-c9df7e53ff5a
[2022-12-06T00:05:12+00:00] "GET /api/v1/projects/8e69452f-fd83-44cb-b86f-c0ca50f23cbe/suites?pageSize=10 HTTP/1.1" 202 "Bearer 850c43c0-a5cc-4fe3-b3e6-0fc6f3e59346
[2022-12-06T00:05:12+00:00] "POST /api/v1/projects/8e69452f-fd83-44cb-b86f-c0ca50f23cbe/runs HTTP/1.1" 202 "Bearer b7fffff1-b1d1-413d-9b03-c9df7e53ff5a
[2022-12-06T00:05:12+00:00] "GET /api/v1/projects/8e69452f-fd83-44cb-b86f-c0ca50f23cbe/testenvironments?pageSize=10 HTTP/1.1" 202 "Bearer 850c43c0-a5cc-4fe3-b3e6-0fc6f3e59346
[2022-12-06T00:05:12+00:00] "GET /api/v1/projects/8e69452f-fd83-44cb-b86f-c0ca50f23cbe/suts?pageSize=10 HTTP/1.1" 202 "Bearer 850c43c0-a5cc-4fe3-b3e6-0fc6f3e59346
[2022-12-06T00:05:12+00:00] "POST /api/v1/projects/8e69452f-fd83-44cb-b86f-c0ca50f23cbe/runs HTTP/1.1" 202 "Bearer 850c43c0-a5cc-4fe3-b3e6-0fc6f3e59346
[2022-12-06T00:05:13+00:00] "GET /api/v1/projects HTTP/1.1" 202 "Bearer a43fe190-a18d-44ad-bb09-0a1d8d1afd6d
[2022-12-06T00:05:13+00:00] "GET /api/v1/projects/8e69452f-fd83-44cb-b86f-c0ca50f23cbe/testenvironments?pageSize=10 HTTP/1.1" 202 "Bearer a43fe190-a18d-44ad-bb09-0a1d8d1afd6d
[2022-12-06T00:05:13+00:00] "GET /api/v1/projects/8e69452f-fd83-44cb-b86f-c0ca50f23cbe/suts?pageSize=10 HTTP/1.1" 202 "Bearer a43fe190-a18d-44ad-bb09-0a1d8d1afd6d
[2022-12-06T00:05:13+00:00] "GET /api/v1/projects/8e69452f-fd83-44cb-b86f-c0ca50f23cbe/suites?pageSize=10 HTTP/1.1" 202 "Bearer a43fe190-a18d-44ad-bb09-0a1d8d1afd6d
[2022-12-06T00:05:13+00:00] "POST /api/v1/projects/8e69452f-fd83-44cb-b86f-c0ca50f23cbe/runs HTTP/1.1" 202 "Bearer a43fe190-a18d-44ad-bb09-0a1d8d1afd6d
[2022-12-06T00:05:13+00:00] "GET /api/v1/projects/8e69452f-fd83-44cb-b86f-c0ca50f23cbe/runs/9349e3dd-e381-47f2-ad08-b96f2421101a/results HTTP/1.1" 202 "Bearer a43fe190-a18d-44ad-bb09-0a1d8d1afd6d
[2022-12-06T00:05:13+00:00] "GET /api/v1/projects/8e69452f-fd83-44cb-b86f-c0ca50f23cbe/runs/9349e3dd-e381-47f2-ad08-b96f2421101a HTTP/1.1" 202 "Bearer 5e97175a-9e0b-4fe1-b47d-27f3a271f07e
[2022-12-06T00:05:13+00:00] "GET /api/v1/projects/8e69452f-fd83-44cb-b86f-c0ca50f23cbe/runs/9349e3dd-e381-47f2-ad08-b96f2421101a HTTP/1.1" 202 "Bearer 19990649-644f-477d-97bd-3d96b80bb8c6
[2022-12-06T00:05:14+00:00] "GET /api/v1/projects/8e69452f-fd83-44cb-b86f-c0ca50f23cbe/runs/9349e3dd-e381-47f2-ad08-b96f2421101a HTTP/1.1" 202 "Bearer b7fffff1-b1d1-413d-9b03-c9df7e53ff5a
[2022-12-06T00:05:14+00:00] "GET /api/v1/projects/8e69452f-fd83-44cb-b86f-c0ca50f23cbe/runs/9349e3dd-e381-47f2-ad08-b96f2421101a HTTP/1.1" 202 "Bearer 850c43c0-a5cc-4fe3-b3e6-0fc6f3e59346
[2022-12-06T00:05:15+00:00] "GET /api/v1/projects HTTP/1.1" 202 "Bearer 526a1df3-9b9b-4aae-8b5d-4e5383940754
[2022-12-06T00:05:15+00:00] "GET /api/v1/projects/8e69452f-fd83-44cb-b86f-c0ca50f23cbe/testenvironments?pageSize=10 HTTP/1.1" 202 "Bearer 526a1df3-9b9b-4aae-8b5d-4e5383940754
[2022-12-06T00:05:15+00:00] "GET /api/v1/projects/8e69452f-fd83-44cb-b86f-c0ca50f23cbe/suts?pageSize=10 HTTP/1.1" 202 "Bearer 526a1df3-9b9b-4aae-8b5d-4e5383940754
[2022-12-06T00:05:15+00:00] "GET /api/v1/projects/8e69452f-fd83-44cb-b86f-c0ca50f23cbe/suites?pageSize=10 HTTP/1.1" 202 "Bearer 526a1df3-9b9b-4aae-8b5d-4e5383940754
[2022-12-06T00:05:15+00:00] "POST /api/v1/projects/8e69452f-fd83-44cb-b86f-c0ca50f23cbe/runs HTTP/1.1" 202 "Bearer 526a1df3-9b9b-4aae-8b5d-4e5383940754
[2022-12-06T00:05:15+00:00] "GET /api/v1/projects/8e69452f-fd83-44cb-b86f-c0ca50f23cbe/runs/9349e3dd-e381-47f2-ad08-b96f2421101a HTTP/1.1" 202 "Bearer 5e97175a-9e0b-4fe1-b47d-27f3a271f07e
[2022-12-06T00:05:15+00:00] "GET /api/v1/projects/8e69452f-fd83-44cb-b86f-c0ca50f23cbe/runs/9349e3dd-e381-47f2-ad08-b96f2421101a HTTP/1.1" 202 "Bearer 19990649-644f-477d-97bd-3d96b80bb8c6
[2022-12-06T00:05:16+00:00] "GET /api/v1/projects HTTP/1.1" 202 "Bearer dfa8257d-5793-42ce-89fd-a89bc412af6e
[2022-12-06T00:05:16+00:00] "GET /api/v1/projects HTTP/1.1" 202 "Bearer e4df05bf-be5a-4c94-a96b-6e97e1a47514
[2022-12-06T00:05:16+00:00] "GET /api/v1/projects/8e69452f-fd83-44cb-b86f-c0ca50f23cbe/testenvironments?pageSize=10 HTTP/1.1" 202 "Bearer dfa8257d-5793-42ce-89fd-a89bc412af6e
[2022-12-06T00:05:16+00:00] "GET /api/v1/projects/8e69452f-fd83-44cb-b86f-c0ca50f23cbe/suts?pageSize=10 HTTP/1.1" 202 "Bearer dfa8257d-5793-42ce-89fd-a89bc412af6e
[2022-12-06T00:05:16+00:00] "GET /api/v1/projects/8e69452f-fd83-44cb-b86f-c0ca50f23cbe/suites?pageSize=10 HTTP/1.1" 202 "Bearer dfa8257d-5793-42ce-89fd-a89bc412af6e
[2022-12-06T00:05:16+00:00] "GET /api/v1/projects/8e69452f-fd83-44cb-b86f-c0ca50f23cbe/suites?pageSize=10 HTTP/1.1" 202 "Bearer e4df05bf-be5a-4c94-a96b-6e97e1a47514
[2022-12-06T00:05:16+00:00] "GET /api/v1/projects/8e69452f-fd83-44cb-b86f-c0ca50f23cbe/suts?pageSize=10 HTTP/1.1" 202 "Bearer e4df05bf-be5a-4c94-a96b-6e97e1a47514
[2022-12-06T00:05:16+00:00] "GET /api/v1/projects/8e69452f-fd83-44cb-b86f-c0ca50f23cbe/testenvironments?pageSize=10 HTTP/1.1" 202 "Bearer e4df05bf-be5a-4c94-a96b-6e97e1a47514
[2022-12-06T00:05:16+00:00] "POST /api/v1/projects/8e69452f-fd83-44cb-b86f-c0ca50f23cbe/runs HTTP/1.1" 202 "Bearer dfa8257d-5793-42ce-89fd-a89bc412af6e
[2022-12-06T00:05:16+00:00] "POST /api/v1/projects/8e69452f-fd83-44cb-b86f-c0ca50f23cbe/runs HTTP/1.1" 202 "Bearer e4df05bf-be5a-4c94-a96b-6e97e1a47514
[2022-12-06T00:05:16+00:00] "GET /api/v1/projects/8e69452f-fd83-44cb-b86f-c0ca50f23cbe/runs/9349e3dd-e381-47f2-ad08-b96f2421101a/results HTTP/1.1" 202 "Bearer e4df05bf-be5a-4c94-a96b-6e97e1a47514
[2022-12-06T00:05:16+00:00] "GET /api/v1/projects/8e69452f-fd83-44cb-b86f-c0ca50f23cbe/runs/9349e3dd-e381-47f2-ad08-b96f2421101a HTTP/1.1" 202 "Bearer b7fffff1-b1d1-413d-9b03-c9df7e53ff5a
[2022-12-06T00:05:16+00:00] "GET /api/v1/projects/8e69452f-fd83-44cb-b86f-c0ca50f23cbe/runs/9349e3dd-e381-47f2-ad08-b96f2421101a HTTP/1.1" 202 "Bearer 850c43c0-a5cc-4fe3-b3e6-0fc6f3e59346
[2022-12-06T00:05:17+00:00] "GET /api/v1/projects/8e69452f-fd83-44cb-b86f-c0ca50f23cbe/runs/9349e3dd-e381-47f2-ad08-b96f2421101a HTTP/1.1" 202 "Bearer 526a1df3-9b9b-4aae-8b5d-4e5383940754
[2022-12-06T00:05:17+00:00] "GET /api/v1/projects/8e69452f-fd83-44cb-b86f-c0ca50f23cbe/runs/9349e3dd-e381-47f2-ad08-b96f2421101a HTTP/1.1" 202 "Bearer 5e97175a-9e0b-4fe1-b47d-27f3a271f07e
[2022-12-06T00:05:17+00:00] "GET /api/v1/projects/8e69452f-fd83-44cb-b86f-c0ca50f23cbe/runs/9349e3dd-e381-47f2-ad08-b96f2421101a HTTP/1.1" 202 "Bearer 19990649-644f-477d-97bd-3d96b80bb8c6
[2022-12-06T00:05:18+00:00] "GET /api/v1/projects HTTP/1.1" 202 "Bearer 42c0f935-66bf-469b-96f2-d35c8004f7ff
[2022-12-06T00:05:18+00:00] "GET /api/v1/projects/8e69452f-fd83-44cb-b86f-c0ca50f23cbe/suts?pageSize=10 HTTP/1.1" 202 "Bearer 42c0f935-66bf-469b-96f2-d35c8004f7ff
[2022-12-06T00:05:18+00:00] "GET /api/v1/projects/8e69452f-fd83-44cb-b86f-c0ca50f23cbe/suites?pageSize=10 HTTP/1.1" 202 "Bearer 42c0f935-66bf-469b-96f2-d35c8004f7ff
[2022-12-06T00:05:18+00:00] "GET /api/v1/projects/8e69452f-fd83-44cb-b86f-c0ca50f23cbe/testenvironments?pageSize=10 HTTP/1.1" 202 "Bearer 42c0f935-66bf-469b-96f2-d35c8004f7ff
[2022-12-06T00:05:18+00:00] "POST /api/v1/projects/8e69452f-fd83-44cb-b86f-c0ca50f23cbe/runs HTTP/1.1" 202 "Bearer 42c0f935-66bf-469b-96f2-d35c8004f7ff
[2022-12-06T00:05:18+00:00] "GET /api/v1/projects/8e69452f-fd83-44cb-b86f-c0ca50f23cbe/runs/9349e3dd-e381-47f2-ad08-b96f2421101a HTTP/1.1" 202 "Bearer b7fffff1-b1d1-413d-9b03-c9df7e53ff5a
[2022-12-06T00:05:18+00:00] "GET /api/v1/projects/8e69452f-fd83-44cb-b86f-c0ca50f23cbe/runs/9349e3dd-e381-47f2-ad08-b96f2421101a HTTP/1.1" 202 "Bearer dfa8257d-5793-42ce-89fd-a89bc412af6e
[2022-12-06T00:05:18+00:00] "GET /api/v1/projects/8e69452f-fd83-44cb-b86f-c0ca50f23cbe/runs/9349e3dd-e381-47f2-ad08-b96f2421101a HTTP/1.1" 202 "Bearer 850c43c0-a5cc-4fe3-b3e6-0fc6f3e59346
[2022-12-06T00:05:18+00:00] "GET /api/v1/projects/8e69452f-fd83-44cb-b86f-c0ca50f23cbe/runs/9349e3dd-e381-47f2-ad08-b96f2421101a/results HTTP/1.1" 202 "Bearer 850c43c0-a5cc-4fe3-b3e6-0fc6f3e59346
[2022-12-06T00:05:19+00:00] "GET /api/v1/projects/8e69452f-fd83-44cb-b86f-c0ca50f23cbe/runs/9349e3dd-e381-47f2-ad08-b96f2421101a HTTP/1.1" 202 "Bearer 526a1df3-9b9b-4aae-8b5d-4e5383940754
[2022-12-06T00:05:19+00:00] "GET /api/v1/projects/8e69452f-fd83-44cb-b86f-c0ca50f23cbe/runs/9349e3dd-e381-47f2-ad08-b96f2421101a/results HTTP/1.1" 202 "Bearer 526a1df3-9b9b-4aae-8b5d-4e5383940754
[2022-12-06T00:05:19+00:00] "GET /api/v1/projects/8e69452f-fd83-44cb-b86f-c0ca50f23cbe/runs/9349e3dd-e381-47f2-ad08-b96f2421101a HTTP/1.1" 202 "Bearer 5e97175a-9e0b-4fe1-b47d-27f3a271f07e
[2022-12-06T00:05:19+00:00] "GET /api/v1/projects/8e69452f-fd83-44cb-b86f-c0ca50f23cbe/runs/9349e3dd-e381-47f2-ad08-b96f2421101a HTTP/1.1" 202 "Bearer 19990649-644f-477d-97bd-3d96b80bb8c6
[2022-12-06T00:05:20+00:00] "GET /api/v1/projects HTTP/1.1" 202 "Bearer 34f0b810-e761-463d-9f87-d6268c709b4c
[2022-12-06T00:05:20+00:00] "GET /api/v1/projects HTTP/1.1" 202 "Bearer 86db9d0a-443e-4aea-9032-39edbbce5bed
[2022-12-06T00:05:20+00:00] "GET /api/v1/projects/8e69452f-fd83-44cb-b86f-c0ca50f23cbe/testenvironments?pageSize=10 HTTP/1.1" 202 "Bearer 34f0b810-e761-463d-9f87-d6268c709b4c
[2022-12-06T00:05:20+00:00] "GET /api/v1/projects/8e69452f-fd83-44cb-b86f-c0ca50f23cbe/suts?pageSize=10 HTTP/1.1" 202 "Bearer 34f0b810-e761-463d-9f87-d6268c709b4c
[2022-12-06T00:05:20+00:00] "GET /api/v1/projects/8e69452f-fd83-44cb-b86f-c0ca50f23cbe/suites?pageSize=10 HTTP/1.1" 202 "Bearer 34f0b810-e761-463d-9f87-d6268c709b4c
[2022-12-06T00:05:20+00:00] "GET /api/v1/projects/8e69452f-fd83-44cb-b86f-c0ca50f23cbe/suites?pageSize=10 HTTP/1.1" 202 "Bearer 86db9d0a-443e-4aea-9032-39edbbce5bed
[2022-12-06T00:05:20+00:00] "GET /api/v1/projects/8e69452f-fd83-44cb-b86f-c0ca50f23cbe/testenvironments?pageSize=10 HTTP/1.1" 202 "Bearer 86db9d0a-443e-4aea-9032-39edbbce5bed
[2022-12-06T00:05:20+00:00] "POST /api/v1/projects/8e69452f-fd83-44cb-b86f-c0ca50f23cbe/runs HTTP/1.1" 202 "Bearer 34f0b810-e761-463d-9f87-d6268c709b4c
[2022-12-06T00:05:20+00:00] "GET /api/v1/projects/8e69452f-fd83-44cb-b86f-c0ca50f23cbe/suts?pageSize=10 HTTP/1.1" 202 "Bearer 86db9d0a-443e-4aea-9032-39edbbce5bed
[2022-12-06T00:05:20+00:00] "POST /api/v1/projects/8e69452f-fd83-44cb-b86f-c0ca50f23cbe/runs HTTP/1.1" 202 "Bearer 86db9d0a-443e-4aea-9032-39edbbce5bed
[2022-12-06T00:05:20+00:00] "GET /api/v1/projects/8e69452f-fd83-44cb-b86f-c0ca50f23cbe/runs/9349e3dd-e381-47f2-ad08-b96f2421101a HTTP/1.1" 202 "Bearer 42c0f935-66bf-469b-96f2-d35c8004f7ff
[2022-12-06T00:05:20+00:00] "GET /api/v1/projects/8e69452f-fd83-44cb-b86f-c0ca50f23cbe/runs/9349e3dd-e381-47f2-ad08-b96f2421101a/results HTTP/1.1" 202 "Bearer 42c0f935-66bf-469b-96f2-d35c8004f7ff
[2022-12-06T00:05:20+00:00] "GET /api/v1/projects/8e69452f-fd83-44cb-b86f-c0ca50f23cbe/runs/9349e3dd-e381-47f2-ad08-b96f2421101a HTTP/1.1" 202 "Bearer dfa8257d-5793-42ce-89fd-a89bc412af6e
[2022-12-06T00:05:20+00:00] "GET /api/v1/projects/8e69452f-fd83-44cb-b86f-c0ca50f23cbe/runs/9349e3dd-e381-47f2-ad08-b96f2421101a HTTP/1.1" 202 "Bearer b7fffff1-b1d1-413d-9b03-c9df7e53ff5a
[2022-12-06T00:05:21+00:00] "GET /api/v1/projects HTTP/1.1" 202 "Bearer df8fde2b-7266-45e2-bfcb-a4d630d3e33d
[2022-12-06T00:05:21+00:00] "GET /api/v1/projects HTTP/1.1" 202 "Bearer 338b492e-7f45-439c-a520-db06400d8c32
[2022-12-06T00:05:21+00:00] "GET /api/v1/projects HTTP/1.1" 202 "Bearer c2b2636b-5226-46dd-888f-d595e94f6e6e
[2022-12-06T00:05:21+00:00] "GET /api/v1/projects/8e69452f-fd83-44cb-b86f-c0ca50f23cbe/suites?pageSize=10 HTTP/1.1" 202 "Bearer df8fde2b-7266-45e2-bfcb-a4d630d3e33d
[2022-12-06T00:05:21+00:00] "GET /api/v1/projects/8e69452f-fd83-44cb-b86f-c0ca50f23cbe/testenvironments?pageSize=10 HTTP/1.1" 202 "Bearer 338b492e-7f45-439c-a520-db06400d8c32
[2022-12-06T00:05:21+00:00] "GET /api/v1/projects/8e69452f-fd83-44cb-b86f-c0ca50f23cbe/testenvironments?pageSize=10 HTTP/1.1" 202 "Bearer df8fde2b-7266-45e2-bfcb-a4d630d3e33d
[2022-12-06T00:05:21+00:00] "GET /api/v1/projects/8e69452f-fd83-44cb-b86f-c0ca50f23cbe/suites?pageSize=10 HTTP/1.1" 202 "Bearer 338b492e-7f45-439c-a520-db06400d8c32
[2022-12-06T00:05:21+00:00] "GET /api/v1/projects/8e69452f-fd83-44cb-b86f-c0ca50f23cbe/suts?pageSize=10 HTTP/1.1" 202 "Bearer df8fde2b-7266-45e2-bfcb-a4d630d3e33d
[2022-12-06T00:05:21+00:00] "GET /api/v1/projects/8e69452f-fd83-44cb-b86f-c0ca50f23cbe/suites?pageSize=10 HTTP/1.1" 202 "Bearer c2b2636b-5226-46dd-888f-d595e94f6e6e
[2022-12-06T00:05:21+00:00] "GET /api/v1/projects/8e69452f-fd83-44cb-b86f-c0ca50f23cbe/suts?pageSize=10 HTTP/1.1" 202 "Bearer 338b492e-7f45-439c-a520-db06400d8c32
[2022-12-06T00:05:21+00:00] "POST /api/v1/projects/8e69452f-fd83-44cb-b86f-c0ca50f23cbe/runs HTTP/1.1" 202 "Bearer df8fde2b-7266-45e2-bfcb-a4d630d3e33d
[2022-12-06T00:05:21+00:00] "POST /api/v1/projects/8e69452f-fd83-44cb-b86f-c0ca50f23cbe/runs HTTP/1.1" 202 "Bearer 338b492e-7f45-439c-a520-db06400d8c32
[2022-12-06T00:05:21+00:00] "GET /api/v1/projects/8e69452f-fd83-44cb-b86f-c0ca50f23cbe/suts?pageSize=10 HTTP/1.1" 202 "Bearer c2b2636b-5226-46dd-888f-d595e94f6e6e
[2022-12-06T00:05:21+00:00] "GET /api/v1/projects/8e69452f-fd83-44cb-b86f-c0ca50f23cbe/runs/9349e3dd-e381-47f2-ad08-b96f2421101a/results HTTP/1.1" 202 "Bearer 338b492e-7f45-439c-a520-db06400d8c32
[2022-12-06T00:05:21+00:00] "GET /api/v1/projects/8e69452f-fd83-44cb-b86f-c0ca50f23cbe/testenvironments?pageSize=10 HTTP/1.1" 202 "Bearer c2b2636b-5226-46dd-888f-d595e94f6e6e
[2022-12-06T00:05:21+00:00] "POST /api/v1/projects/8e69452f-fd83-44cb-b86f-c0ca50f23cbe/runs HTTP/1.1" 202 "Bearer c2b2636b-5226-46dd-888f-d595e94f6e6e
[2022-12-06T00:05:21+00:00] "GET /api/v1/projects/8e69452f-fd83-44cb-b86f-c0ca50f23cbe/runs/9349e3dd-e381-47f2-ad08-b96f2421101a HTTP/1.1" 202 "Bearer 5e97175a-9e0b-4fe1-b47d-27f3a271f07e
[2022-12-06T00:05:21+00:00] "GET /api/v1/projects/8e69452f-fd83-44cb-b86f-c0ca50f23cbe/runs/9349e3dd-e381-47f2-ad08-b96f2421101a/results HTTP/1.1" 202 "Bearer 5e97175a-9e0b-4fe1-b47d-27f3a271f07e
[2022-12-06T00:05:21+00:00] "GET /api/v1/projects/8e69452f-fd83-44cb-b86f-c0ca50f23cbe/runs/9349e3dd-e381-47f2-ad08-b96f2421101a HTTP/1.1" 202 "Bearer 19990649-644f-477d-97bd-3d96b80bb8c6
[2022-12-06T00:05:21+00:00] "GET /api/v1/projects/8e69452f-fd83-44cb-b86f-c0ca50f23cbe/runs/9349e3dd-e381-47f2-ad08-b96f2421101a/results HTTP/1.1" 202 "Bearer 19990649-644f-477d-97bd-3d96b80bb8c6
[2022-12-06T00:05:22+00:00] "GET /api/v1/projects/8e69452f-fd83-44cb-b86f-c0ca50f23cbe/runs/9349e3dd-e381-47f2-ad08-b96f2421101a HTTP/1.1" 202 "Bearer 34f0b810-e761-463d-9f87-d6268c709b4c
[2022-12-06T00:05:22+00:00] "GET /api/v1/projects/8e69452f-fd83-44cb-b86f-c0ca50f23cbe/runs/9349e3dd-e381-47f2-ad08-b96f2421101a HTTP/1.1" 202 "Bearer 86db9d0a-443e-4aea-9032-39edbbce5bed
[2022-12-06T00:05:22+00:00] "GET /api/v1/projects HTTP/1.1" 202 "Bearer 8acbd2fd-c1d6-4fd9-a60d-d5679ea91bb7
[2022-12-06T00:05:22+00:00] "GET /api/v1/projects HTTP/1.1" 202 "Bearer 085b1550-ff93-4fe7-8dc8-78ba165c6d18
[2022-12-06T00:05:22+00:00] "GET /api/v1/projects/8e69452f-fd83-44cb-b86f-c0ca50f23cbe/testenvironments?pageSize=10 HTTP/1.1" 202 "Bearer 8acbd2fd-c1d6-4fd9-a60d-d5679ea91bb7
[2022-12-06T00:05:22+00:00] "GET /api/v1/projects/8e69452f-fd83-44cb-b86f-c0ca50f23cbe/suts?pageSize=10 HTTP/1.1" 202 "Bearer 8acbd2fd-c1d6-4fd9-a60d-d5679ea91bb7
[2022-12-06T00:05:22+00:00] "GET /api/v1/projects/8e69452f-fd83-44cb-b86f-c0ca50f23cbe/suts?pageSize=10 HTTP/1.1" 202 "Bearer 085b1550-ff93-4fe7-8dc8-78ba165c6d18
[2022-12-06T00:05:22+00:00] "GET /api/v1/projects/8e69452f-fd83-44cb-b86f-c0ca50f23cbe/testenvironments?pageSize=10 HTTP/1.1" 202 "Bearer 085b1550-ff93-4fe7-8dc8-78ba165c6d18
[2022-12-06T00:05:22+00:00] "GET /api/v1/projects/8e69452f-fd83-44cb-b86f-c0ca50f23cbe/suites?pageSize=10 HTTP/1.1" 202 "Bearer 8acbd2fd-c1d6-4fd9-a60d-d5679ea91bb7
[2022-12-06T00:05:22+00:00] "GET /api/v1/projects/8e69452f-fd83-44cb-b86f-c0ca50f23cbe/suites?pageSize=10 HTTP/1.1" 202 "Bearer 085b1550-ff93-4fe7-8dc8-78ba165c6d18
[2022-12-06T00:05:22+00:00] "POST /api/v1/projects/8e69452f-fd83-44cb-b86f-c0ca50f23cbe/runs HTTP/1.1" 202 "Bearer 8acbd2fd-c1d6-4fd9-a60d-d5679ea91bb7
[2022-12-06T00:05:22+00:00] "POST /api/v1/projects/8e69452f-fd83-44cb-b86f-c0ca50f23cbe/runs HTTP/1.1" 202 "Bearer 085b1550-ff93-4fe7-8dc8-78ba165c6d18
[2022-12-06T00:05:22+00:00] "GET /api/v1/projects/8e69452f-fd83-44cb-b86f-c0ca50f23cbe/runs/9349e3dd-e381-47f2-ad08-b96f2421101a HTTP/1.1" 202 "Bearer dfa8257d-5793-42ce-89fd-a89bc412af6e
[2022-12-06T00:05:22+00:00] "GET /api/v1/projects/8e69452f-fd83-44cb-b86f-c0ca50f23cbe/runs/9349e3dd-e381-47f2-ad08-b96f2421101a HTTP/1.1" 202 "Bearer b7fffff1-b1d1-413d-9b03-c9df7e53ff5a
[2022-12-06T00:05:22+00:00] "GET /api/v1/projects/8e69452f-fd83-44cb-b86f-c0ca50f23cbe/runs/9349e3dd-e381-47f2-ad08-b96f2421101a/results HTTP/1.1" 202 "Bearer b7fffff1-b1d1-413d-9b03-c9df7e53ff5a
[2022-12-06T00:05:23+00:00] "GET /api/v1/projects/8e69452f-fd83-44cb-b86f-c0ca50f23cbe/runs/9349e3dd-e381-47f2-ad08-b96f2421101a HTTP/1.1" 202 "Bearer df8fde2b-7266-45e2-bfcb-a4d630d3e33d
[2022-12-06T00:05:23+00:00] "GET /api/v1/projects/8e69452f-fd83-44cb-b86f-c0ca50f23cbe/runs/9349e3dd-e381-47f2-ad08-b96f2421101a HTTP/1.1" 202 "Bearer c2b2636b-5226-46dd-888f-d595e94f6e6e
[2022-12-06T00:05:23+00:00] "GET /api/v1/projects HTTP/1.1" 202 "Bearer 5ed51bf5-83fc-4fed-8bff-053ccd1229eb
[2022-12-06T00:05:23+00:00] "GET /api/v1/projects HTTP/1.1" 202 "Bearer 66d7aaab-97bb-4f6a-86b5-8cba4ed53ab6
[2022-12-06T00:05:23+00:00] "GET /api/v1/projects HTTP/1.1" 202 "Bearer 3b7c0d79-a26d-47a3-8cfd-c8e3482b1789
[2022-12-06T00:05:23+00:00] "GET /api/v1/projects/8e69452f-fd83-44cb-b86f-c0ca50f23cbe/testenvironments?pageSize=10 HTTP/1.1" 202 "Bearer 5ed51bf5-83fc-4fed-8bff-053ccd1229eb
[2022-12-06T00:05:23+00:00] "GET /api/v1/projects/8e69452f-fd83-44cb-b86f-c0ca50f23cbe/suts?pageSize=10 HTTP/1.1" 202 "Bearer 3b7c0d79-a26d-47a3-8cfd-c8e3482b1789
[2022-12-06T00:05:23+00:00] "GET /api/v1/projects/8e69452f-fd83-44cb-b86f-c0ca50f23cbe/suts?pageSize=10 HTTP/1.1" 202 "Bearer 66d7aaab-97bb-4f6a-86b5-8cba4ed53ab6
[2022-12-06T00:05:23+00:00] "GET /api/v1/projects/8e69452f-fd83-44cb-b86f-c0ca50f23cbe/testenvironments?pageSize=10 HTTP/1.1" 202 "Bearer 66d7aaab-97bb-4f6a-86b5-8cba4ed53ab6
[2022-12-06T00:05:23+00:00] "GET /api/v1/projects/8e69452f-fd83-44cb-b86f-c0ca50f23cbe/testenvironments?pageSize=10 HTTP/1.1" 202 "Bearer 3b7c0d79-a26d-47a3-8cfd-c8e3482b1789
[2022-12-06T00:05:23+00:00] "GET /api/v1/projects/8e69452f-fd83-44cb-b86f-c0ca50f23cbe/suites?pageSize=10 HTTP/1.1" 202 "Bearer 5ed51bf5-83fc-4fed-8bff-053ccd1229eb
[2022-12-06T00:05:23+00:00] "GET /api/v1/projects/8e69452f-fd83-44cb-b86f-c0ca50f23cbe/suites?pageSize=10 HTTP/1.1" 202 "Bearer 3b7c0d79-a26d-47a3-8cfd-c8e3482b1789
[2022-12-06T00:05:23+00:00] "GET /api/v1/projects/8e69452f-fd83-44cb-b86f-c0ca50f23cbe/suites?pageSize=10 HTTP/1.1" 202 "Bearer 66d7aaab-97bb-4f6a-86b5-8cba4ed53ab6
[2022-12-06T00:05:23+00:00] "GET /api/v1/projects/8e69452f-fd83-44cb-b86f-c0ca50f23cbe/suts?pageSize=10 HTTP/1.1" 202 "Bearer 5ed51bf5-83fc-4fed-8bff-053ccd1229eb
[2022-12-06T00:05:23+00:00] "POST /api/v1/projects/8e69452f-fd83-44cb-b86f-c0ca50f23cbe/runs HTTP/1.1" 202 "Bearer 3b7c0d79-a26d-47a3-8cfd-c8e3482b1789
[2022-12-06T00:05:23+00:00] "POST /api/v1/projects/8e69452f-fd83-44cb-b86f-c0ca50f23cbe/runs HTTP/1.1" 202 "Bearer 66d7aaab-97bb-4f6a-86b5-8cba4ed53ab6
[2022-12-06T00:05:23+00:00] "POST /api/v1/projects/8e69452f-fd83-44cb-b86f-c0ca50f23cbe/runs HTTP/1.1" 202 "Bearer 5ed51bf5-83fc-4fed-8bff-053ccd1229eb
[2022-12-06T00:05:24+00:00] "GET /api/v1/projects/8e69452f-fd83-44cb-b86f-c0ca50f23cbe/runs/9349e3dd-e381-47f2-ad08-b96f2421101a HTTP/1.1" 202 "Bearer 34f0b810-e761-463d-9f87-d6268c709b4c
[2022-12-06T00:05:24+00:00] "GET /api/v1/projects/8e69452f-fd83-44cb-b86f-c0ca50f23cbe/runs/9349e3dd-e381-47f2-ad08-b96f2421101a/results HTTP/1.1" 202 "Bearer 34f0b810-e761-463d-9f87-d6268c709b4c
[2022-12-06T00:05:24+00:00] "GET /api/v1/projects/8e69452f-fd83-44cb-b86f-c0ca50f23cbe/runs/9349e3dd-e381-47f2-ad08-b96f2421101a HTTP/1.1" 202 "Bearer 86db9d0a-443e-4aea-9032-39edbbce5bed
[2022-12-06T00:05:24+00:00] "GET /api/v1/projects/8e69452f-fd83-44cb-b86f-c0ca50f23cbe/runs/9349e3dd-e381-47f2-ad08-b96f2421101a HTTP/1.1" 202 "Bearer 085b1550-ff93-4fe7-8dc8-78ba165c6d18
[2022-12-06T00:05:24+00:00] "GET /api/v1/projects/8e69452f-fd83-44cb-b86f-c0ca50f23cbe/runs/9349e3dd-e381-47f2-ad08-b96f2421101a HTTP/1.1" 202 "Bearer 8acbd2fd-c1d6-4fd9-a60d-d5679ea91bb7
[2022-12-06T00:05:24+00:00] "GET /api/v1/projects/8e69452f-fd83-44cb-b86f-c0ca50f23cbe/runs/9349e3dd-e381-47f2-ad08-b96f2421101a HTTP/1.1" 202 "Bearer dfa8257d-5793-42ce-89fd-a89bc412af6e
[2022-12-06T00:05:24+00:00] "GET /api/v1/projects/8e69452f-fd83-44cb-b86f-c0ca50f23cbe/runs/9349e3dd-e381-47f2-ad08-b96f2421101a/results HTTP/1.1" 202 "Bearer dfa8257d-5793-42ce-89fd-a89bc412af6e
[2022-12-06T00:05:25+00:00] "GET /api/v1/projects/8e69452f-fd83-44cb-b86f-c0ca50f23cbe/runs/9349e3dd-e381-47f2-ad08-b96f2421101a HTTP/1.1" 202 "Bearer df8fde2b-7266-45e2-bfcb-a4d630d3e33d
[2022-12-06T00:05:25+00:00] "GET /api/v1/projects/8e69452f-fd83-44cb-b86f-c0ca50f23cbe/runs/9349e3dd-e381-47f2-ad08-b96f2421101a HTTP/1.1" 202 "Bearer 3b7c0d79-a26d-47a3-8cfd-c8e3482b1789
[2022-12-06T00:05:25+00:00] "GET /api/v1/projects/8e69452f-fd83-44cb-b86f-c0ca50f23cbe/runs/9349e3dd-e381-47f2-ad08-b96f2421101a HTTP/1.1" 202 "Bearer 5ed51bf5-83fc-4fed-8bff-053ccd1229eb
[2022-12-06T00:05:25+00:00] "GET /api/v1/projects/8e69452f-fd83-44cb-b86f-c0ca50f23cbe/runs/9349e3dd-e381-47f2-ad08-b96f2421101a HTTP/1.1" 202 "Bearer 66d7aaab-97bb-4f6a-86b5-8cba4ed53ab6
[2022-12-06T00:05:25+00:00] "GET /api/v1/projects/8e69452f-fd83-44cb-b86f-c0ca50f23cbe/runs/9349e3dd-e381-47f2-ad08-b96f2421101a HTTP/1.1" 202 "Bearer c2b2636b-5226-46dd-888f-d595e94f6e6e
[2022-12-06T00:05:25+00:00] "GET /api/v1/projects/8e69452f-fd83-44cb-b86f-c0ca50f23cbe/runs/9349e3dd-e381-47f2-ad08-b96f2421101a/results HTTP/1.1" 202 "Bearer 5ed51bf5-83fc-4fed-8bff-053ccd1229eb
[2022-12-06T00:05:26+00:00] "GET /api/v1/projects/8e69452f-fd83-44cb-b86f-c0ca50f23cbe/runs/9349e3dd-e381-47f2-ad08-b96f2421101a HTTP/1.1" 202 "Bearer 86db9d0a-443e-4aea-9032-39edbbce5bed
[2022-12-06T00:05:26+00:00] "GET /api/v1/projects/8e69452f-fd83-44cb-b86f-c0ca50f23cbe/runs/9349e3dd-e381-47f2-ad08-b96f2421101a HTTP/1.1" 202 "Bearer 085b1550-ff93-4fe7-8dc8-78ba165c6d18
[2022-12-06T00:05:26+00:00] "GET /api/v1/projects/8e69452f-fd83-44cb-b86f-c0ca50f23cbe/runs/9349e3dd-e381-47f2-ad08-b96f2421101a HTTP/1.1" 202 "Bearer 8acbd2fd-c1d6-4fd9-a60d-d5679ea91bb7
[2022-12-06T00:05:27+00:00] "GET /api/v1/projects/8e69452f-fd83-44cb-b86f-c0ca50f23cbe/runs/9349e3dd-e381-47f2-ad08-b96f2421101a HTTP/1.1" 202 "Bearer 3b7c0d79-a26d-47a3-8cfd-c8e3482b1789
[2022-12-06T00:05:27+00:00] "GET /api/v1/projects/8e69452f-fd83-44cb-b86f-c0ca50f23cbe/runs/9349e3dd-e381-47f2-ad08-b96f2421101a HTTP/1.1" 202 "Bearer 66d7aaab-97bb-4f6a-86b5-8cba4ed53ab6
[2022-12-06T00:05:27+00:00] "GET /api/v1/projects/8e69452f-fd83-44cb-b86f-c0ca50f23cbe/runs/9349e3dd-e381-47f2-ad08-b96f2421101a HTTP/1.1" 202 "Bearer c2b2636b-5226-46dd-888f-d595e94f6e6e
[2022-12-06T00:05:27+00:00] "GET /api/v1/projects/8e69452f-fd83-44cb-b86f-c0ca50f23cbe/runs/9349e3dd-e381-47f2-ad08-b96f2421101a HTTP/1.1" 202 "Bearer df8fde2b-7266-45e2-bfcb-a4d630d3e33d
[2022-12-06T00:05:27+00:00] "GET /api/v1/projects/8e69452f-fd83-44cb-b86f-c0ca50f23cbe/runs/9349e3dd-e381-47f2-ad08-b96f2421101a/results HTTP/1.1" 202 "Bearer df8fde2b-7266-45e2-bfcb-a4d630d3e33d
[2022-12-06T00:05:28+00:00] "GET /api/v1/projects/8e69452f-fd83-44cb-b86f-c0ca50f23cbe/runs/9349e3dd-e381-47f2-ad08-b96f2421101a HTTP/1.1" 202 "Bearer 86db9d0a-443e-4aea-9032-39edbbce5bed
[2022-12-06T00:05:28+00:00] "GET /api/v1/projects/8e69452f-fd83-44cb-b86f-c0ca50f23cbe/runs/9349e3dd-e381-47f2-ad08-b96f2421101a HTTP/1.1" 202 "Bearer 085b1550-ff93-4fe7-8dc8-78ba165c6d18
[2022-12-06T00:05:28+00:00] "GET /api/v1/projects/8e69452f-fd83-44cb-b86f-c0ca50f23cbe/runs/9349e3dd-e381-47f2-ad08-b96f2421101a HTTP/1.1" 202 "Bearer 8acbd2fd-c1d6-4fd9-a60d-d5679ea91bb7
[2022-12-06T00:05:29+00:00] "GET /api/v1/projects/8e69452f-fd83-44cb-b86f-c0ca50f23cbe/runs/9349e3dd-e381-47f2-ad08-b96f2421101a HTTP/1.1" 202 "Bearer 3b7c0d79-a26d-47a3-8cfd-c8e3482b1789
[2022-12-06T00:05:29+00:00] "GET /api/v1/projects/8e69452f-fd83-44cb-b86f-c0ca50f23cbe/runs/9349e3dd-e381-47f2-ad08-b96f2421101a HTTP/1.1" 202 "Bearer c2b2636b-5226-46dd-888f-d595e94f6e6e
[2022-12-06T00:05:29+00:00] "GET /api/v1/projects/8e69452f-fd83-44cb-b86f-c0ca50f23cbe/runs/9349e3dd-e381-47f2-ad08-b96f2421101a HTTP/1.1" 202 "Bearer 66d7aaab-97bb-4f6a-86b5-8cba4ed53ab6
[2022-12-06T00:05:30+00:00] "GET /api/v1/projects/8e69452f-fd83-44cb-b86f-c0ca50f23cbe/runs/9349e3dd-e381-47f2-ad08-b96f2421101a HTTP/1.1" 202 "Bearer 86db9d0a-443e-4aea-9032-39edbbce5bed
[2022-12-06T00:05:30+00:00] "GET /api/v1/projects/8e69452f-fd83-44cb-b86f-c0ca50f23cbe/runs/9349e3dd-e381-47f2-ad08-b96f2421101a HTTP/1.1" 202 "Bearer 085b1550-ff93-4fe7-8dc8-78ba165c6d18
[2022-12-06T00:05:30+00:00] "GET /api/v1/projects/8e69452f-fd83-44cb-b86f-c0ca50f23cbe/runs/9349e3dd-e381-47f2-ad08-b96f2421101a HTTP/1.1" 202 "Bearer 8acbd2fd-c1d6-4fd9-a60d-d5679ea91bb7
[2022-12-06T00:05:31+00:00] "GET /api/v1/projects/8e69452f-fd83-44cb-b86f-c0ca50f23cbe/runs/9349e3dd-e381-47f2-ad08-b96f2421101a HTTP/1.1" 202 "Bearer 3b7c0d79-a26d-47a3-8cfd-c8e3482b1789
[2022-12-06T00:05:31+00:00] "GET /api/v1/projects/8e69452f-fd83-44cb-b86f-c0ca50f23cbe/runs/9349e3dd-e381-47f2-ad08-b96f2421101a HTTP/1.1" 202 "Bearer c2b2636b-5226-46dd-888f-d595e94f6e6e
[2022-12-06T00:05:31+00:00] "GET /api/v1/projects/8e69452f-fd83-44cb-b86f-c0ca50f23cbe/runs/9349e3dd-e381-47f2-ad08-b96f2421101a HTTP/1.1" 202 "Bearer 66d7aaab-97bb-4f6a-86b5-8cba4ed53ab6
[2022-12-06T00:05:32+00:00] "GET /api/v1/projects/8e69452f-fd83-44cb-b86f-c0ca50f23cbe/runs/9349e3dd-e381-47f2-ad08-b96f2421101a HTTP/1.1" 202 "Bearer 86db9d0a-443e-4aea-9032-39edbbce5bed
[2022-12-06T00:05:32+00:00] "GET /api/v1/projects/8e69452f-fd83-44cb-b86f-c0ca50f23cbe/runs/9349e3dd-e381-47f2-ad08-b96f2421101a HTTP/1.1" 202 "Bearer 085b1550-ff93-4fe7-8dc8-78ba165c6d18
[2022-12-06T00:05:32+00:00] "GET /api/v1/projects/8e69452f-fd83-44cb-b86f-c0ca50f23cbe/runs/9349e3dd-e381-47f2-ad08-b96f2421101a HTTP/1.1" 202 "Bearer 8acbd2fd-c1d6-4fd9-a60d-d5679ea91bb7
[2022-12-06T00:05:33+00:00] "GET /api/v1/projects/8e69452f-fd83-44cb-b86f-c0ca50f23cbe/runs/9349e3dd-e381-47f2-ad08-b96f2421101a HTTP/1.1" 202 "Bearer 3b7c0d79-a26d-47a3-8cfd-c8e3482b1789
[2022-12-06T00:05:33+00:00] "GET /api/v1/projects/8e69452f-fd83-44cb-b86f-c0ca50f23cbe/runs/9349e3dd-e381-47f2-ad08-b96f2421101a HTTP/1.1" 202 "Bearer c2b2636b-5226-46dd-888f-d595e94f6e6e
[2022-12-06T00:05:33+00:00] "GET /api/v1/projects/8e69452f-fd83-44cb-b86f-c0ca50f23cbe/runs/9349e3dd-e381-47f2-ad08-b96f2421101a HTTP/1.1" 202 "Bearer 66d7aaab-97bb-4f6a-86b5-8cba4ed53ab6
[2022-12-06T00:05:34+00:00] "GET /api/v1/projects/8e69452f-fd83-44cb-b86f-c0ca50f23cbe/runs/9349e3dd-e381-47f2-ad08-b96f2421101a HTTP/1.1" 202 "Bearer 86db9d0a-443e-4aea-9032-39edbbce5bed
[2022-12-06T00:05:34+00:00] "GET /api/v1/projects/8e69452f-fd83-44cb-b86f-c0ca50f23cbe/runs/9349e3dd-e381-47f2-ad08-b96f2421101a HTTP/1.1" 202 "Bearer 085b1550-ff93-4fe7-8dc8-78ba165c6d18
[2022-12-06T00:05:34+00:00] "GET /api/v1/projects/8e69452f-fd83-44cb-b86f-c0ca50f23cbe/runs/9349e3dd-e381-47f2-ad08-b96f2421101a HTTP/1.1" 202 "Bearer 8acbd2fd-c1d6-4fd9-a60d-d5679ea91bb7
[2022-12-06T00:05:35+00:00] "GET /api/v1/projects/8e69452f-fd83-44cb-b86f-c0ca50f23cbe/runs/9349e3dd-e381-47f2-ad08-b96f2421101a HTTP/1.1" 202 "Bearer 3b7c0d79-a26d-47a3-8cfd-c8e3482b1789
[2022-12-06T00:05:35+00:00] "GET /api/v1/projects/8e69452f-fd83-44cb-b86f-c0ca50f23cbe/runs/9349e3dd-e381-47f2-ad08-b96f2421101a HTTP/1.1" 202 "Bearer c2b2636b-5226-46dd-888f-d595e94f6e6e
[2022-12-06T00:05:35+00:00] "GET /api/v1/projects/8e69452f-fd83-44cb-b86f-c0ca50f23cbe/runs/9349e3dd-e381-47f2-ad08-b96f2421101a HTTP/1.1" 202 "Bearer 66d7aaab-97bb-4f6a-86b5-8cba4ed53ab6
[2022-12-06T00:05:36+00:00] "GET /api/v1/projects/8e69452f-fd83-44cb-b86f-c0ca50f23cbe/runs/9349e3dd-e381-47f2-ad08-b96f2421101a HTTP/1.1" 202 "Bearer 86db9d0a-443e-4aea-9032-39edbbce5bed
[2022-12-06T00:05:36+00:00] "GET /api/v1/projects/8e69452f-fd83-44cb-b86f-c0ca50f23cbe/runs/9349e3dd-e381-47f2-ad08-b96f2421101a HTTP/1.1" 202 "Bearer 085b1550-ff93-4fe7-8dc8-78ba165c6d18
[2022-12-06T00:05:36+00:00] "GET /api/v1/projects/8e69452f-fd83-44cb-b86f-c0ca50f23cbe/runs/9349e3dd-e381-47f2-ad08-b96f2421101a HTTP/1.1" 202 "Bearer 8acbd2fd-c1d6-4fd9-a60d-d5679ea91bb7
[2022-12-06T00:05:37+00:00] "GET /api/v1/projects/8e69452f-fd83-44cb-b86f-c0ca50f23cbe/runs/9349e3dd-e381-47f2-ad08-b96f2421101a HTTP/1.1" 202 "Bearer 3b7c0d79-a26d-47a3-8cfd-c8e3482b1789
[2022-12-06T00:05:37+00:00] "GET /api/v1/projects/8e69452f-fd83-44cb-b86f-c0ca50f23cbe/runs/9349e3dd-e381-47f2-ad08-b96f2421101a HTTP/1.1" 202 "Bearer c2b2636b-5226-46dd-888f-d595e94f6e6e
[2022-12-06T00:05:37+00:00] "GET /api/v1/projects/8e69452f-fd83-44cb-b86f-c0ca50f23cbe/runs/9349e3dd-e381-47f2-ad08-b96f2421101a HTTP/1.1" 202 "Bearer 66d7aaab-97bb-4f6a-86b5-8cba4ed53ab6
[2022-12-06T00:05:38+00:00] "GET /api/v1/projects/8e69452f-fd83-44cb-b86f-c0ca50f23cbe/runs/9349e3dd-e381-47f2-ad08-b96f2421101a HTTP/1.1" 202 "Bearer 86db9d0a-443e-4aea-9032-39edbbce5bed
[2022-12-06T00:05:38+00:00] "GET /api/v1/projects/8e69452f-fd83-44cb-b86f-c0ca50f23cbe/runs/9349e3dd-e381-47f2-ad08-b96f2421101a/results HTTP/1.1" 202 "Bearer 86db9d0a-443e-4aea-9032-39edbbce5bed
[2022-12-06T00:05:38+00:00] "GET /api/v1/projects/8e69452f-fd83-44cb-b86f-c0ca50f23cbe/runs/9349e3dd-e381-47f2-ad08-b96f2421101a HTTP/1.1" 202 "Bearer 085b1550-ff93-4fe7-8dc8-78ba165c6d18
[2022-12-06T00:05:38+00:00] "GET /api/v1/projects/8e69452f-fd83-44cb-b86f-c0ca50f23cbe/runs/9349e3dd-e381-47f2-ad08-b96f2421101a HTTP/1.1" 202 "Bearer 8acbd2fd-c1d6-4fd9-a60d-d5679ea91bb7
[2022-12-06T00:05:39+00:00] "GET /api/v1/projects/8e69452f-fd83-44cb-b86f-c0ca50f23cbe/runs/9349e3dd-e381-47f2-ad08-b96f2421101a HTTP/1.1" 202 "Bearer 3b7c0d79-a26d-47a3-8cfd-c8e3482b1789
[2022-12-06T00:05:39+00:00] "GET /api/v1/projects/8e69452f-fd83-44cb-b86f-c0ca50f23cbe/runs/9349e3dd-e381-47f2-ad08-b96f2421101a/results HTTP/1.1" 202 "Bearer 3b7c0d79-a26d-47a3-8cfd-c8e3482b1789
[2022-12-06T00:05:39+00:00] "GET /api/v1/projects/8e69452f-fd83-44cb-b86f-c0ca50f23cbe/runs/9349e3dd-e381-47f2-ad08-b96f2421101a HTTP/1.1" 202 "Bearer c2b2636b-5226-46dd-888f-d595e94f6e6e
[2022-12-06T00:05:39+00:00] "GET /api/v1/projects/8e69452f-fd83-44cb-b86f-c0ca50f23cbe/runs/9349e3dd-e381-47f2-ad08-b96f2421101a/results HTTP/1.1" 202 "Bearer c2b2636b-5226-46dd-888f-d595e94f6e6e
[2022-12-06T00:05:39+00:00] "GET /api/v1/projects/8e69452f-fd83-44cb-b86f-c0ca50f23cbe/runs/9349e3dd-e381-47f2-ad08-b96f2421101a HTTP/1.1" 202 "Bearer 66d7aaab-97bb-4f6a-86b5-8cba4ed53ab6
[2022-12-06T00:05:40+00:00] "GET /api/v1/projects/8e69452f-fd83-44cb-b86f-c0ca50f23cbe/runs/9349e3dd-e381-47f2-ad08-b96f2421101a HTTP/1.1" 202 "Bearer 085b1550-ff93-4fe7-8dc8-78ba165c6d18
[2022-12-06T00:05:40+00:00] "GET /api/v1/projects/8e69452f-fd83-44cb-b86f-c0ca50f23cbe/runs/9349e3dd-e381-47f2-ad08-b96f2421101a/results HTTP/1.1" 202 "Bearer 085b1550-ff93-4fe7-8dc8-78ba165c6d18
[2022-12-06T00:05:40+00:00] "GET /api/v1/projects/8e69452f-fd83-44cb-b86f-c0ca50f23cbe/runs/9349e3dd-e381-47f2-ad08-b96f2421101a HTTP/1.1" 202 "Bearer 8acbd2fd-c1d6-4fd9-a60d-d5679ea91bb7
[2022-12-06T00:05:40+00:00] "GET /api/v1/projects/8e69452f-fd83-44cb-b86f-c0ca50f23cbe/runs/9349e3dd-e381-47f2-ad08-b96f2421101a/results HTTP/1.1" 202 "Bearer 8acbd2fd-c1d6-4fd9-a60d-d5679ea91bb7
[2022-12-06T00:05:41+00:00] "GET /api/v1/projects/8e69452f-fd83-44cb-b86f-c0ca50f23cbe/runs/9349e3dd-e381-47f2-ad08-b96f2421101a HTTP/1.1" 202 "Bearer 66d7aaab-97bb-4f6a-86b5-8cba4ed53ab6
[2022-12-06T00:05:41+00:00] "GET /api/v1/projects/8e69452f-fd83-44cb-b86f-c0ca50f23cbe/runs/9349e3dd-e381-47f2-ad08-b96f2421101a/results HTTP/1.1" 202 "Bearer 66d7aaab-97bb-4f6a-86b5-8cba4ed53ab6
