[2022-12-11T23:32:46+00:00] "GET /api/v1/projects HTTP/1.1" 202 "Bearer bdd01496-5e46-4608-9251-3afd2aff8048
[2022-12-11T23:32:46+00:00] "POST /api/v{version}/projects/{projectId}/runs HTTP/1.1" 201 "Bearer 08372719-97fe-4b34-bc48-c319881fa6a3
[2022-12-11T23:32:46+00:00] "GET /api/v1/projects/8e69452f-fd83-44cb-b86f-c0ca50f23cbe/testenvironments?pageSize=10 HTTP/1.1" 202 "Bearer bdd01496-5e46-4608-9251-3afd2aff8048
[2022-12-11T23:32:46+00:00] "GET /api/v1/projects/8e69452f-fd83-44cb-b86f-c0ca50f23cbe/suts?pageSize=10 HTTP/1.1" 202 "Bearer bdd01496-5e46-4608-9251-3afd2aff8048
[2022-12-11T23:32:46+00:00] "GET /api/v1/projects/8e69452f-fd83-44cb-b86f-c0ca50f23cbe/suites?pageSize=10 HTTP/1.1" 202 "Bearer bdd01496-5e46-4608-9251-3afd2aff8048
[2022-12-11T23:32:46+00:00] "POST /api/v1/projects/8e69452f-fd83-44cb-b86f-c0ca50f23cbe/runs HTTP/1.1" 202 "Bearer bdd01496-5e46-4608-9251-3afd2aff8048
[2022-12-11T23:32:47+00:00] "GET /api/v1/projects HTTP/1.1" 202 "Bearer 126c3554-2fa9-427d-a619-ffa807c6b8d3
[2022-12-11T23:32:47+00:00] "POST /api/v{version}/projects/{projectId}/algorithms HTTP/1.1" 201 "Bearer 909611eb-65b9-4b8c-bc53-cef872b58d63
[2022-12-11T23:32:47+00:00] "POST /api/v{version}/projects/{projectId}/runs HTTP/1.1" 201 "Bearer 79ba156c-7b6a-4a2c-91b6-7fceab45c117
[2022-12-11T23:32:47+00:00] "GET /api/v1/projects/8e69452f-fd83-44cb-b86f-c0ca50f23cbe/testenvironments?pageSize=10 HTTP/1.1" 202 "Bearer 126c3554-2fa9-427d-a619-ffa807c6b8d3
[2022-12-11T23:32:47+00:00] "GET /api/v1/projects/8e69452f-fd83-44cb-b86f-c0ca50f23cbe/suts?pageSize=10 HTTP/1.1" 202 "Bearer 126c3554-2fa9-427d-a619-ffa807c6b8d3
[2022-12-11T23:32:47+00:00] "GET /api/v1/projects/8e69452f-fd83-44cb-b86f-c0ca50f23cbe/suites?pageSize=10 HTTP/1.1" 202 "Bearer 126c3554-2fa9-427d-a619-ffa807c6b8d3
[2022-12-11T23:32:47+00:00] "POST /api/v1/projects/8e69452f-fd83-44cb-b86f-c0ca50f23cbe/runs HTTP/1.1" 202 "Bearer 126c3554-2fa9-427d-a619-ffa807c6b8d3
[2022-12-11T23:32:48+00:00] "GET /api/v1/projects HTTP/1.1" 202 "Bearer 79ba156c-7b6a-4a2c-91b6-7fceab45c117
[2022-12-11T23:32:48+00:00] "GET /api/v1/projects/8e69452f-fd83-44cb-b86f-c0ca50f23cbe/testenvironments?pageSize=10 HTTP/1.1" 202 "Bearer 79ba156c-7b6a-4a2c-91b6-7fceab45c117
[2022-12-11T23:32:48+00:00] "GET /api/v1/projects/8e69452f-fd83-44cb-b86f-c0ca50f23cbe/suites?pageSize=10 HTTP/1.1" 202 "Bearer 79ba156c-7b6a-4a2c-91b6-7fceab45c117
[2022-12-11T23:32:48+00:00] "GET /api/v1/projects/8e69452f-fd83-44cb-b86f-c0ca50f23cbe/suts?pageSize=10 HTTP/1.1" 202 "Bearer 79ba156c-7b6a-4a2c-91b6-7fceab45c117
[2022-12-11T23:32:48+00:00] "POST /api/v1/projects/8e69452f-fd83-44cb-b86f-c0ca50f23cbe/runs HTTP/1.1" 202 "Bearer 79ba156c-7b6a-4a2c-91b6-7fceab45c117
[2022-12-11T23:32:48+00:00] "GET /api/v1/projects/8e69452f-fd83-44cb-b86f-c0ca50f23cbe/runs/9349e3dd-e381-47f2-ad08-b96f2421101a HTTP/1.1" 202 "Bearer bdd01496-5e46-4608-9251-3afd2aff8048
[2022-12-11T23:32:48+00:00] "POST /api/v{version}/projects/{projectId}/runs HTTP/1.1" 201 "Bearer 909611eb-65b9-4b8c-bc53-cef872b58d63
[2022-12-11T23:32:48+00:00] "GET /api/v1/projects/8e69452f-fd83-44cb-b86f-c0ca50f23cbe/runs/9349e3dd-e381-47f2-ad08-b96f2421101a/results HTTP/1.1" 202 "Bearer bdd01496-5e46-4608-9251-3afd2aff8048
[2022-12-11T23:32:48+00:00] "GET /api/v1/projects HTTP/1.1" 202 "Bearer fb1c179f-2882-4daf-9eb6-53e4b91584f1
[2022-12-11T23:32:48+00:00] "GET /api/v1/projects/8e69452f-fd83-44cb-b86f-c0ca50f23cbe/testenvironments?pageSize=10 HTTP/1.1" 202 "Bearer fb1c179f-2882-4daf-9eb6-53e4b91584f1
[2022-12-11T23:32:48+00:00] "GET /api/v1/projects/8e69452f-fd83-44cb-b86f-c0ca50f23cbe/suts?pageSize=10 HTTP/1.1" 202 "Bearer fb1c179f-2882-4daf-9eb6-53e4b91584f1
[2022-12-11T23:32:48+00:00] "GET /api/v1/projects/8e69452f-fd83-44cb-b86f-c0ca50f23cbe/suites?pageSize=10 HTTP/1.1" 202 "Bearer fb1c179f-2882-4daf-9eb6-53e4b91584f1
[2022-12-11T23:32:48+00:00] "POST /api/v1/projects/8e69452f-fd83-44cb-b86f-c0ca50f23cbe/runs HTTP/1.1" 202 "Bearer fb1c179f-2882-4daf-9eb6-53e4b91584f1
[2022-12-11T23:32:49+00:00] "GET /api/v1/projects HTTP/1.1" 202 "Bearer 08372719-97fe-4b34-bc48-c319881fa6a3
[2022-12-11T23:32:49+00:00] "POST /api/v{version}/projects/{projectId}/testcases HTTP/1.1" 201 "Bearer 08372719-97fe-4b34-bc48-c319881fa6a3
[2022-12-11T23:32:49+00:00] "GET /api/v1/projects/8e69452f-fd83-44cb-b86f-c0ca50f23cbe/testenvironments?pageSize=10 HTTP/1.1" 202 "Bearer 08372719-97fe-4b34-bc48-c319881fa6a3
[2022-12-11T23:32:49+00:00] "GET /api/v1/projects/8e69452f-fd83-44cb-b86f-c0ca50f23cbe/suts?pageSize=10 HTTP/1.1" 202 "Bearer 08372719-97fe-4b34-bc48-c319881fa6a3
[2022-12-11T23:32:49+00:00] "GET /api/v1/projects/8e69452f-fd83-44cb-b86f-c0ca50f23cbe/suites?pageSize=10 HTTP/1.1" 202 "Bearer 08372719-97fe-4b34-bc48-c319881fa6a3
[2022-12-11T23:32:49+00:00] "POST /api/v1/projects/8e69452f-fd83-44cb-b86f-c0ca50f23cbe/runs HTTP/1.1" 202 "Bearer 08372719-97fe-4b34-bc48-c319881fa6a3
[2022-12-11T23:32:49+00:00] "GET /api/v1/projects/8e69452f-fd83-44cb-b86f-c0ca50f23cbe/runs/9349e3dd-e381-47f2-ad08-b96f2421101a HTTP/1.1" 202 "Bearer 126c3554-2fa9-427d-a619-ffa807c6b8d3
[2022-12-11T23:32:50+00:00] "GET /api/v1/projects HTTP/1.1" 202 "Bearer ec49ea8f-4385-4e16-add7-ca80a389ae0f
[2022-12-11T23:32:50+00:00] "POST /api/v{version}/projects/{projectId}/suites HTTP/1.1" 201 "Bearer 3735fd97-dd86-4eec-a2d6-06f811a93b1e
[2022-12-11T23:32:50+00:00] "GET /api/v1/projects HTTP/1.1" 202 "Bearer 26940c00-b05f-4358-b4da-b77ec33744a4
[2022-12-11T23:32:50+00:00] "DELETE /api/v{version}/projects/{projectId}/runs/{runId} HTTP/1.1" 202 "Bearer f75f8f2f-93cc-478e-b5e3-e9a6529d9fbe
[2022-12-11T23:32:50+00:00] "GET /api/v1/projects/8e69452f-fd83-44cb-b86f-c0ca50f23cbe/suts?pageSize=10 HTTP/1.1" 202 "Bearer ec49ea8f-4385-4e16-add7-ca80a389ae0f
[2022-12-11T23:32:50+00:00] "GET /api/v1/projects/8e69452f-fd83-44cb-b86f-c0ca50f23cbe/runs/9349e3dd-e381-47f2-ad08-b96f2421101a HTTP/1.1" 202 "Bearer 79ba156c-7b6a-4a2c-91b6-7fceab45c117
[2022-12-11T23:32:50+00:00] "DELETE /api/v{version}/projects/{projectId}/runs/{runId} HTTP/1.1" 202 "Bearer 126c3554-2fa9-427d-a619-ffa807c6b8d3
[2022-12-11T23:32:50+00:00] "GET /api/v1/projects/8e69452f-fd83-44cb-b86f-c0ca50f23cbe/runs/9349e3dd-e381-47f2-ad08-b96f2421101a/results HTTP/1.1" 202 "Bearer 79ba156c-7b6a-4a2c-91b6-7fceab45c117
[2022-12-11T23:32:50+00:00] "GET /api/v1/projects/8e69452f-fd83-44cb-b86f-c0ca50f23cbe/testenvironments?pageSize=10 HTTP/1.1" 202 "Bearer 26940c00-b05f-4358-b4da-b77ec33744a4
[2022-12-11T23:32:50+00:00] "GET /api/v1/projects/8e69452f-fd83-44cb-b86f-c0ca50f23cbe/suites?pageSize=10 HTTP/1.1" 202 "Bearer ec49ea8f-4385-4e16-add7-ca80a389ae0f
[2022-12-11T23:32:50+00:00] "GET /api/v1/projects/8e69452f-fd83-44cb-b86f-c0ca50f23cbe/testenvironments?pageSize=10 HTTP/1.1" 202 "Bearer ec49ea8f-4385-4e16-add7-ca80a389ae0f
[2022-12-11T23:32:50+00:00] "GET /api/v1/projects/8e69452f-fd83-44cb-b86f-c0ca50f23cbe/suites?pageSize=10 HTTP/1.1" 202 "Bearer 26940c00-b05f-4358-b4da-b77ec33744a4
[2022-12-11T23:32:50+00:00] "GET /api/v1/projects/8e69452f-fd83-44cb-b86f-c0ca50f23cbe/suts?pageSize=10 HTTP/1.1" 202 "Bearer 26940c00-b05f-4358-b4da-b77ec33744a4
[2022-12-11T23:32:50+00:00] "POST /api/v1/projects/8e69452f-fd83-44cb-b86f-c0ca50f23cbe/runs HTTP/1.1" 202 "Bearer ec49ea8f-4385-4e16-add7-ca80a389ae0f
[2022-12-11T23:32:50+00:00] "GET /api/v1/projects/8e69452f-fd83-44cb-b86f-c0ca50f23cbe/runs/9349e3dd-e381-47f2-ad08-b96f2421101a/results HTTP/1.1" 202 "Bearer ec49ea8f-4385-4e16-add7-ca80a389ae0f
[2022-12-11T23:32:50+00:00] "POST /api/v1/projects/8e69452f-fd83-44cb-b86f-c0ca50f23cbe/runs HTTP/1.1" 202 "Bearer 26940c00-b05f-4358-b4da-b77ec33744a4
[2022-12-11T23:32:50+00:00] "GET /api/v1/projects/8e69452f-fd83-44cb-b86f-c0ca50f23cbe/runs/9349e3dd-e381-47f2-ad08-b96f2421101a HTTP/1.1" 202 "Bearer fb1c179f-2882-4daf-9eb6-53e4b91584f1
[2022-12-11T23:32:51+00:00] "GET /api/v1/projects HTTP/1.1" 202 "Bearer 51efce2d-9867-4ee8-b786-95ee3aaa33d7
[2022-12-11T23:32:51+00:00] "GET /api/v1/projects/8e69452f-fd83-44cb-b86f-c0ca50f23cbe/testenvironments?pageSize=10 HTTP/1.1" 202 "Bearer 51efce2d-9867-4ee8-b786-95ee3aaa33d7
[2022-12-11T23:32:51+00:00] "GET /api/v1/projects/8e69452f-fd83-44cb-b86f-c0ca50f23cbe/suts?pageSize=10 HTTP/1.1" 202 "Bearer 51efce2d-9867-4ee8-b786-95ee3aaa33d7
[2022-12-11T23:32:51+00:00] "GET /api/v1/projects/8e69452f-fd83-44cb-b86f-c0ca50f23cbe/suites?pageSize=10 HTTP/1.1" 202 "Bearer 51efce2d-9867-4ee8-b786-95ee3aaa33d7
[2022-12-11T23:32:51+00:00] "POST /api/v1/projects/8e69452f-fd83-44cb-b86f-c0ca50f23cbe/runs HTTP/1.1" 202 "Bearer 51efce2d-9867-4ee8-b786-95ee3aaa33d7
[2022-12-11T23:32:51+00:00] "GET /api/v1/projects/8e69452f-fd83-44cb-b86f-c0ca50f23cbe/runs/9349e3dd-e381-47f2-ad08-b96f2421101a HTTP/1.1" 202 "Bearer 08372719-97fe-4b34-bc48-c319881fa6a3
[2022-12-11T23:32:51+00:00] "POST /api/v{version}/projects/{projectId}/scenarios HTTP/1.1" 201 "Bearer ec49ea8f-4385-4e16-add7-ca80a389ae0f
[2022-12-11T23:32:51+00:00] "POST /api/v{version}/projects/{projectId}/algorithms HTTP/1.1" 201 "Bearer bdd01496-5e46-4608-9251-3afd2aff8048
[2022-12-11T23:32:51+00:00] "GET /api/v1/projects/8e69452f-fd83-44cb-b86f-c0ca50f23cbe/runs/9349e3dd-e381-47f2-ad08-b96f2421101a HTTP/1.1" 202 "Bearer 126c3554-2fa9-427d-a619-ffa807c6b8d3
[2022-12-11T23:32:52+00:00] "GET /api/v1/projects HTTP/1.1" 202 "Bearer f75f8f2f-93cc-478e-b5e3-e9a6529d9fbe
[2022-12-11T23:32:52+00:00] "POST /api/v{version}/projects/{projectId}/runs HTTP/1.1" 201 "Bearer 5a245135-77ff-48d2-ae8a-f3955a78b537
[2022-12-11T23:32:52+00:00] "POST /api/v{version}/projects/{projectId}/runs HTTP/1.1" 201 "Bearer 3600c980-9a78-40ce-a879-03071aaebb1c
[2022-12-11T23:32:52+00:00] "DELETE /api/v{version}/projects/{projectId}/runs/{runId} HTTP/1.1" 202 "Bearer d62a056b-dba6-485d-95d3-05484e8fa41b
[2022-12-11T23:32:52+00:00] "DELETE /api/v{version}/projects/{projectId}/runs/{runId} HTTP/1.1" 202 "Bearer 3600c980-9a78-40ce-a879-03071aaebb1c
[2022-12-11T23:32:52+00:00] "GET /api/v1/projects/8e69452f-fd83-44cb-b86f-c0ca50f23cbe/suites?pageSize=10 HTTP/1.1" 202 "Bearer f75f8f2f-93cc-478e-b5e3-e9a6529d9fbe
[2022-12-11T23:32:52+00:00] "GET /api/v1/projects/8e69452f-fd83-44cb-b86f-c0ca50f23cbe/suts?pageSize=10 HTTP/1.1" 202 "Bearer f75f8f2f-93cc-478e-b5e3-e9a6529d9fbe
[2022-12-11T23:32:52+00:00] "GET /api/v1/projects/8e69452f-fd83-44cb-b86f-c0ca50f23cbe/testenvironments?pageSize=10 HTTP/1.1" 202 "Bearer f75f8f2f-93cc-478e-b5e3-e9a6529d9fbe
[2022-12-11T23:32:52+00:00] "POST /api/v1/projects/8e69452f-fd83-44cb-b86f-c0ca50f23cbe/runs HTTP/1.1" 202 "Bearer f75f8f2f-93cc-478e-b5e3-e9a6529d9fbe
[2022-12-11T23:32:52+00:00] "GET /api/v1/projects/8e69452f-fd83-44cb-b86f-c0ca50f23cbe/runs/9349e3dd-e381-47f2-ad08-b96f2421101a HTTP/1.1" 202 "Bearer 26940c00-b05f-4358-b4da-b77ec33744a4
[2022-12-11T23:32:52+00:00] "POST /api/v{version}/projects/{projectId}/runs HTTP/1.1" 201 "Bearer 79ba156c-7b6a-4a2c-91b6-7fceab45c117
[2022-12-11T23:32:52+00:00] "POST /api/v{version}/projects/{projectId}/algorithms HTTP/1.1" 201 "Bearer 79ba156c-7b6a-4a2c-91b6-7fceab45c117
[2022-12-11T23:32:52+00:00] "GET /api/v1/projects/8e69452f-fd83-44cb-b86f-c0ca50f23cbe/runs/9349e3dd-e381-47f2-ad08-b96f2421101a HTTP/1.1" 202 "Bearer fb1c179f-2882-4daf-9eb6-53e4b91584f1
[2022-12-11T23:32:52+00:00] "GET /api/v1/projects/8e69452f-fd83-44cb-b86f-c0ca50f23cbe/runs/9349e3dd-e381-47f2-ad08-b96f2421101a/results HTTP/1.1" 202 "Bearer fb1c179f-2882-4daf-9eb6-53e4b91584f1
[2022-12-11T23:32:53+00:00] "POST /api/v{version}/projects/{projectId}/algorithms HTTP/1.1" 201 "Bearer 3600c980-9a78-40ce-a879-03071aaebb1c
[2022-12-11T23:32:53+00:00] "GET /api/v1/projects/8e69452f-fd83-44cb-b86f-c0ca50f23cbe/runs/9349e3dd-e381-47f2-ad08-b96f2421101a HTTP/1.1" 202 "Bearer 51efce2d-9867-4ee8-b786-95ee3aaa33d7
[2022-12-11T23:32:53+00:00] "GET /api/v1/projects/8e69452f-fd83-44cb-b86f-c0ca50f23cbe/runs/9349e3dd-e381-47f2-ad08-b96f2421101a HTTP/1.1" 202 "Bearer 08372719-97fe-4b34-bc48-c319881fa6a3
[2022-12-11T23:32:53+00:00] "GET /api/v1/projects/8e69452f-fd83-44cb-b86f-c0ca50f23cbe/runs/9349e3dd-e381-47f2-ad08-b96f2421101a HTTP/1.1" 202 "Bearer 126c3554-2fa9-427d-a619-ffa807c6b8d3
[2022-12-11T23:32:53+00:00] "GET /api/v1/projects/8e69452f-fd83-44cb-b86f-c0ca50f23cbe/runs/9349e3dd-e381-47f2-ad08-b96f2421101a/results HTTP/1.1" 202 "Bearer 126c3554-2fa9-427d-a619-ffa807c6b8d3
[2022-12-11T23:32:54+00:00] "GET /api/v1/projects HTTP/1.1" 202 "Bearer f599e7d2-600e-4657-99a7-84d51b5d9de7
[2022-12-11T23:32:54+00:00] "POST /api/v{version}/projects/{projectId}/scenarios HTTP/1.1" 201 "Bearer 592967ba-453b-48f6-b50c-49ac4194b3df
[2022-12-11T23:32:54+00:00] "GET /api/v1/projects/8e69452f-fd83-44cb-b86f-c0ca50f23cbe/testenvironments?pageSize=10 HTTP/1.1" 202 "Bearer f599e7d2-600e-4657-99a7-84d51b5d9de7
[2022-12-11T23:32:54+00:00] "GET /api/v1/projects/8e69452f-fd83-44cb-b86f-c0ca50f23cbe/suts?pageSize=10 HTTP/1.1" 202 "Bearer f599e7d2-600e-4657-99a7-84d51b5d9de7
[2022-12-11T23:32:54+00:00] "GET /api/v1/projects/8e69452f-fd83-44cb-b86f-c0ca50f23cbe/suites?pageSize=10 HTTP/1.1" 202 "Bearer f599e7d2-600e-4657-99a7-84d51b5d9de7
[2022-12-11T23:32:54+00:00] "POST /api/v1/projects/8e69452f-fd83-44cb-b86f-c0ca50f23cbe/runs HTTP/1.1" 202 "Bearer f599e7d2-600e-4657-99a7-84d51b5d9de7
[2022-12-11T23:32:54+00:00] "GET /api/v1/projects HTTP/1.1" 202 "Bearer 9f32933e-a951-4438-bc48-a0048ca4cf3f
[2022-12-11T23:32:54+00:00] "POST /api/v{version}/projects/{projectId}/suites HTTP/1.1" 201 "Bearer e91622d9-a0db-48c2-8f15-df385685840d
[2022-12-11T23:32:54+00:00] "GET /api/v1/projects/8e69452f-fd83-44cb-b86f-c0ca50f23cbe/runs/9349e3dd-e381-47f2-ad08-b96f2421101a HTTP/1.1" 202 "Bearer f75f8f2f-93cc-478e-b5e3-e9a6529d9fbe
[2022-12-11T23:32:54+00:00] "GET /api/v1/projects HTTP/1.1" 202 "Bearer 3600c980-9a78-40ce-a879-03071aaebb1c
[2022-12-11T23:32:54+00:00] "POST /api/v{version}/projects/{projectId}/runs HTTP/1.1" 201 "Bearer bdd01496-5e46-4608-9251-3afd2aff8048
[2022-12-11T23:32:54+00:00] "GET /api/v1/projects/8e69452f-fd83-44cb-b86f-c0ca50f23cbe/suites?pageSize=10 HTTP/1.1" 202 "Bearer 9f32933e-a951-4438-bc48-a0048ca4cf3f
[2022-12-11T23:32:54+00:00] "GET /api/v1/projects/8e69452f-fd83-44cb-b86f-c0ca50f23cbe/suts?pageSize=10 HTTP/1.1" 202 "Bearer 9f32933e-a951-4438-bc48-a0048ca4cf3f
[2022-12-11T23:32:54+00:00] "GET /api/v1/projects/8e69452f-fd83-44cb-b86f-c0ca50f23cbe/testenvironments?pageSize=10 HTTP/1.1" 202 "Bearer 9f32933e-a951-4438-bc48-a0048ca4cf3f
[2022-12-11T23:32:54+00:00] "GET /api/v1/projects/8e69452f-fd83-44cb-b86f-c0ca50f23cbe/suites?pageSize=10 HTTP/1.1" 202 "Bearer 3600c980-9a78-40ce-a879-03071aaebb1c
[2022-12-11T23:32:54+00:00] "GET /api/v1/projects/8e69452f-fd83-44cb-b86f-c0ca50f23cbe/suts?pageSize=10 HTTP/1.1" 202 "Bearer 3600c980-9a78-40ce-a879-03071aaebb1c
[2022-12-11T23:32:54+00:00] "GET /api/v1/projects/8e69452f-fd83-44cb-b86f-c0ca50f23cbe/testenvironments?pageSize=10 HTTP/1.1" 202 "Bearer 3600c980-9a78-40ce-a879-03071aaebb1c
[2022-12-11T23:32:54+00:00] "POST /api/v1/projects/8e69452f-fd83-44cb-b86f-c0ca50f23cbe/runs HTTP/1.1" 202 "Bearer 9f32933e-a951-4438-bc48-a0048ca4cf3f
[2022-12-11T23:32:54+00:00] "POST /api/v1/projects/8e69452f-fd83-44cb-b86f-c0ca50f23cbe/runs HTTP/1.1" 202 "Bearer 3600c980-9a78-40ce-a879-03071aaebb1c
[2022-12-11T23:32:54+00:00] "GET /api/v1/projects/8e69452f-fd83-44cb-b86f-c0ca50f23cbe/runs/9349e3dd-e381-47f2-ad08-b96f2421101a HTTP/1.1" 202 "Bearer 26940c00-b05f-4358-b4da-b77ec33744a4
[2022-12-11T23:32:55+00:00] "POST /api/v{version}/projects/{projectId}/suts HTTP/1.1" 201 "Bearer 3600c980-9a78-40ce-a879-03071aaebb1c
[2022-12-11T23:32:55+00:00] "POST /api/v{version}/projects/{projectId}/scenarios HTTP/1.1" 201 "Bearer 5d6fd97b-a950-4323-9f7a-7b7404489d2b
[2022-12-11T23:32:55+00:00] "POST /api/v{version}/projects/{projectId}/testcases HTTP/1.1" 201 "Bearer 5d6fd97b-a950-4323-9f7a-7b7404489d2b
[2022-12-11T23:32:55+00:00] "GET /api/v1/projects/8e69452f-fd83-44cb-b86f-c0ca50f23cbe/runs/9349e3dd-e381-47f2-ad08-b96f2421101a HTTP/1.1" 202 "Bearer 51efce2d-9867-4ee8-b786-95ee3aaa33d7
[2022-12-11T23:32:55+00:00] "GET /api/v1/projects/8e69452f-fd83-44cb-b86f-c0ca50f23cbe/runs/9349e3dd-e381-47f2-ad08-b96f2421101a HTTP/1.1" 202 "Bearer 08372719-97fe-4b34-bc48-c319881fa6a3
[2022-12-11T23:32:56+00:00] "GET /api/v1/projects/8e69452f-fd83-44cb-b86f-c0ca50f23cbe/runs/9349e3dd-e381-47f2-ad08-b96f2421101a HTTP/1.1" 202 "Bearer f599e7d2-600e-4657-99a7-84d51b5d9de7
[2022-12-11T23:32:56+00:00] "GET /api/v1/projects/8e69452f-fd83-44cb-b86f-c0ca50f23cbe/runs/9349e3dd-e381-47f2-ad08-b96f2421101a HTTP/1.1" 202 "Bearer f75f8f2f-93cc-478e-b5e3-e9a6529d9fbe
[2022-12-11T23:32:56+00:00] "GET /api/v1/projects/8e69452f-fd83-44cb-b86f-c0ca50f23cbe/runs/9349e3dd-e381-47f2-ad08-b96f2421101a HTTP/1.1" 202 "Bearer 3600c980-9a78-40ce-a879-03071aaebb1c
[2022-12-11T23:32:56+00:00] "GET /api/v1/projects/8e69452f-fd83-44cb-b86f-c0ca50f23cbe/runs/9349e3dd-e381-47f2-ad08-b96f2421101a HTTP/1.1" 202 "Bearer 26940c00-b05f-4358-b4da-b77ec33744a4
[2022-12-11T23:32:56+00:00] "DELETE /api/v{version}/projects/{projectId}/runs/{runId} HTTP/1.1" 202 "Bearer 909611eb-65b9-4b8c-bc53-cef872b58d63
[2022-12-11T23:32:56+00:00] "GET /api/v1/projects/8e69452f-fd83-44cb-b86f-c0ca50f23cbe/runs/9349e3dd-e381-47f2-ad08-b96f2421101a HTTP/1.1" 202 "Bearer 9f32933e-a951-4438-bc48-a0048ca4cf3f
[2022-12-11T23:32:56+00:00] "GET /api/v1/projects/8e69452f-fd83-44cb-b86f-c0ca50f23cbe/runs/9349e3dd-e381-47f2-ad08-b96f2421101a/results HTTP/1.1" 202 "Bearer 9f32933e-a951-4438-bc48-a0048ca4cf3f
[2022-12-11T23:32:57+00:00] "GET /api/v1/projects HTTP/1.1" 202 "Bearer 592967ba-453b-48f6-b50c-49ac4194b3df
[2022-12-11T23:32:57+00:00] "GET /api/v1/projects/8e69452f-fd83-44cb-b86f-c0ca50f23cbe/testenvironments?pageSize=10 HTTP/1.1" 202 "Bearer 592967ba-453b-48f6-b50c-49ac4194b3df
[2022-12-11T23:32:57+00:00] "GET /api/v1/projects/8e69452f-fd83-44cb-b86f-c0ca50f23cbe/suts?pageSize=10 HTTP/1.1" 202 "Bearer 592967ba-453b-48f6-b50c-49ac4194b3df
[2022-12-11T23:32:57+00:00] "GET /api/v1/projects/8e69452f-fd83-44cb-b86f-c0ca50f23cbe/suites?pageSize=10 HTTP/1.1" 202 "Bearer 592967ba-453b-48f6-b50c-49ac4194b3df
[2022-12-11T23:32:57+00:00] "POST /api/v1/projects/8e69452f-fd83-44cb-b86f-c0ca50f23cbe/runs HTTP/1.1" 202 "Bearer 592967ba-453b-48f6-b50c-49ac4194b3df
[2022-12-11T23:32:57+00:00] "GET /api/v1/projects/8e69452f-fd83-44cb-b86f-c0ca50f23cbe/runs/9349e3dd-e381-47f2-ad08-b96f2421101a HTTP/1.1" 202 "Bearer 51efce2d-9867-4ee8-b786-95ee3aaa33d7
[2022-12-11T23:32:57+00:00] "GET /api/v1/projects HTTP/1.1" 202 "Bearer e91622d9-a0db-48c2-8f15-df385685840d
[2022-12-11T23:32:57+00:00] "GET /api/v1/projects HTTP/1.1" 202 "Bearer 909611eb-65b9-4b8c-bc53-cef872b58d63
[2022-12-11T23:32:57+00:00] "GET /api/v1/projects/8e69452f-fd83-44cb-b86f-c0ca50f23cbe/testenvironments?pageSize=10 HTTP/1.1" 202 "Bearer e91622d9-a0db-48c2-8f15-df385685840d
[2022-12-11T23:32:57+00:00] "GET /api/v1/projects/8e69452f-fd83-44cb-b86f-c0ca50f23cbe/testenvironments?pageSize=10 HTTP/1.1" 202 "Bearer 909611eb-65b9-4b8c-bc53-cef872b58d63
[2022-12-11T23:32:57+00:00] "GET /api/v1/projects/8e69452f-fd83-44cb-b86f-c0ca50f23cbe/suts?pageSize=10 HTTP/1.1" 202 "Bearer e91622d9-a0db-48c2-8f15-df385685840d
[2022-12-11T23:32:57+00:00] "GET /api/v1/projects/8e69452f-fd83-44cb-b86f-c0ca50f23cbe/suites?pageSize=10 HTTP/1.1" 202 "Bearer 909611eb-65b9-4b8c-bc53-cef872b58d63
[2022-12-11T23:32:57+00:00] "GET /api/v1/projects/8e69452f-fd83-44cb-b86f-c0ca50f23cbe/suites?pageSize=10 HTTP/1.1" 202 "Bearer e91622d9-a0db-48c2-8f15-df385685840d
[2022-12-11T23:32:57+00:00] "GET /api/v1/projects/8e69452f-fd83-44cb-b86f-c0ca50f23cbe/suts?pageSize=10 HTTP/1.1" 202 "Bearer 909611eb-65b9-4b8c-bc53-cef872b58d63
[2022-12-11T23:32:57+00:00] "POST /api/v1/projects/8e69452f-fd83-44cb-b86f-c0ca50f23cbe/runs HTTP/1.1" 202 "Bearer e91622d9-a0db-48c2-8f15-df385685840d
[2022-12-11T23:32:57+00:00] "POST /api/v1/projects/8e69452f-fd83-44cb-b86f-c0ca50f23cbe/runs HTTP/1.1" 202 "Bearer 909611eb-65b9-4b8c-bc53-cef872b58d63
[2022-12-11T23:32:57+00:00] "POST /api/v{version}/projects/{projectId}/testcases HTTP/1.1" 201 "Bearer e91622d9-a0db-48c2-8f15-df385685840d
[2022-12-11T23:32:57+00:00] "GET /api/v1/projects/8e69452f-fd83-44cb-b86f-c0ca50f23cbe/runs/9349e3dd-e381-47f2-ad08-b96f2421101a HTTP/1.1" 202 "Bearer 08372719-97fe-4b34-bc48-c319881fa6a3
[2022-12-11T23:32:58+00:00] "POST /api/v{version}/projects/{projectId}/algorithms HTTP/1.1" 201 "Bearer f75f8f2f-93cc-478e-b5e3-e9a6529d9fbe
[2022-12-11T23:32:58+00:00] "GET /api/v1/projects/8e69452f-fd83-44cb-b86f-c0ca50f23cbe/runs/9349e3dd-e381-47f2-ad08-b96f2421101a HTTP/1.1" 202 "Bearer f75f8f2f-93cc-478e-b5e3-e9a6529d9fbe
[2022-12-11T23:32:58+00:00] "GET /api/v1/projects/8e69452f-fd83-44cb-b86f-c0ca50f23cbe/runs/9349e3dd-e381-47f2-ad08-b96f2421101a/results HTTP/1.1" 202 "Bearer f75f8f2f-93cc-478e-b5e3-e9a6529d9fbe
[2022-12-11T23:32:58+00:00] "GET /api/v1/projects/8e69452f-fd83-44cb-b86f-c0ca50f23cbe/runs/9349e3dd-e381-47f2-ad08-b96f2421101a HTTP/1.1" 202 "Bearer f599e7d2-600e-4657-99a7-84d51b5d9de7
[2022-12-11T23:32:58+00:00] "GET /api/v1/projects/8e69452f-fd83-44cb-b86f-c0ca50f23cbe/runs/9349e3dd-e381-47f2-ad08-b96f2421101a HTTP/1.1" 202 "Bearer 3600c980-9a78-40ce-a879-03071aaebb1c
[2022-12-11T23:32:58+00:00] "GET /api/v1/projects/8e69452f-fd83-44cb-b86f-c0ca50f23cbe/runs/9349e3dd-e381-47f2-ad08-b96f2421101a HTTP/1.1" 202 "Bearer 26940c00-b05f-4358-b4da-b77ec33744a4
[2022-12-11T23:32:59+00:00] "GET /api/v1/projects/8e69452f-fd83-44cb-b86f-c0ca50f23cbe/runs/9349e3dd-e381-47f2-ad08-b96f2421101a HTTP/1.1" 202 "Bearer 592967ba-453b-48f6-b50c-49ac4194b3df
[2022-12-11T23:32:59+00:00] "POST /api/v{version}/projects/{projectId}/algorithms HTTP/1.1" 201 "Bearer 3735fd97-dd86-4eec-a2d6-06f811a93b1e
[2022-12-11T23:32:59+00:00] "GET /api/v1/projects/8e69452f-fd83-44cb-b86f-c0ca50f23cbe/runs/9349e3dd-e381-47f2-ad08-b96f2421101a HTTP/1.1" 202 "Bearer 51efce2d-9867-4ee8-b786-95ee3aaa33d7
[2022-12-11T23:32:59+00:00] "GET /api/v1/projects/8e69452f-fd83-44cb-b86f-c0ca50f23cbe/runs/9349e3dd-e381-47f2-ad08-b96f2421101a HTTP/1.1" 202 "Bearer 909611eb-65b9-4b8c-bc53-cef872b58d63
[2022-12-11T23:32:59+00:00] "GET /api/v1/projects/8e69452f-fd83-44cb-b86f-c0ca50f23cbe/runs/9349e3dd-e381-47f2-ad08-b96f2421101a HTTP/1.1" 202 "Bearer e91622d9-a0db-48c2-8f15-df385685840d
[2022-12-11T23:32:59+00:00] "GET /api/v1/projects/8e69452f-fd83-44cb-b86f-c0ca50f23cbe/runs/9349e3dd-e381-47f2-ad08-b96f2421101a/results HTTP/1.1" 202 "Bearer e91622d9-a0db-48c2-8f15-df385685840d
[2022-12-11T23:32:59+00:00] "GET /api/v1/projects/8e69452f-fd83-44cb-b86f-c0ca50f23cbe/runs/9349e3dd-e381-47f2-ad08-b96f2421101a HTTP/1.1" 202 "Bearer 08372719-97fe-4b34-bc48-c319881fa6a3
[2022-12-11T23:32:59+00:00] "GET /api/v1/projects/8e69452f-fd83-44cb-b86f-c0ca50f23cbe/runs/9349e3dd-e381-47f2-ad08-b96f2421101a/results HTTP/1.1" 202 "Bearer 08372719-97fe-4b34-bc48-c319881fa6a3
[2022-12-11T23:33:00+00:00] "GET /api/v1/projects HTTP/1.1" 202 "Bearer d62a056b-dba6-485d-95d3-05484e8fa41b
[2022-12-11T23:33:00+00:00] "GET /api/v1/projects/8e69452f-fd83-44cb-b86f-c0ca50f23cbe/testenvironments?pageSize=10 HTTP/1.1" 202 "Bearer d62a056b-dba6-485d-95d3-05484e8fa41b
[2022-12-11T23:33:00+00:00] "GET /api/v1/projects/8e69452f-fd83-44cb-b86f-c0ca50f23cbe/suites?pageSize=10 HTTP/1.1" 202 "Bearer d62a056b-dba6-485d-95d3-05484e8fa41b
[2022-12-11T23:33:00+00:00] "GET /api/v1/projects/8e69452f-fd83-44cb-b86f-c0ca50f23cbe/suts?pageSize=10 HTTP/1.1" 202 "Bearer d62a056b-dba6-485d-95d3-05484e8fa41b
[2022-12-11T23:33:00+00:00] "POST /api/v1/projects/8e69452f-fd83-44cb-b86f-c0ca50f23cbe/runs HTTP/1.1" 202 "Bearer d62a056b-dba6-485d-95d3-05484e8fa41b
[2022-12-11T23:33:00+00:00] "GET /api/v1/projects HTTP/1.1" 202 "Bearer 5d6fd97b-a950-4323-9f7a-7b7404489d2b
[2022-12-11T23:33:00+00:00] "GET /api/v1/projects/8e69452f-fd83-44cb-b86f-c0ca50f23cbe/testenvironments?pageSize=10 HTTP/1.1" 202 "Bearer 5d6fd97b-a950-4323-9f7a-7b7404489d2b
[2022-12-11T23:33:00+00:00] "GET /api/v1/projects/8e69452f-fd83-44cb-b86f-c0ca50f23cbe/suts?pageSize=10 HTTP/1.1" 202 "Bearer 5d6fd97b-a950-4323-9f7a-7b7404489d2b
[2022-12-11T23:33:00+00:00] "GET /api/v1/projects/8e69452f-fd83-44cb-b86f-c0ca50f23cbe/suites?pageSize=10 HTTP/1.1" 202 "Bearer 5d6fd97b-a950-4323-9f7a-7b7404489d2b
[2022-12-11T23:33:00+00:00] "POST /api/v1/projects/8e69452f-fd83-44cb-b86f-c0ca50f23cbe/runs HTTP/1.1" 202 "Bearer 5d6fd97b-a950-4323-9f7a-7b7404489d2b
[2022-12-11T23:33:00+00:00] "POST /api/v{version}/projects/{projectId}/scenarios HTTP/1.1" 201 "Bearer 909611eb-65b9-4b8c-bc53-cef872b58d63
[2022-12-11T23:33:00+00:00] "GET /api/v1/projects/8e69452f-fd83-44cb-b86f-c0ca50f23cbe/runs/9349e3dd-e381-47f2-ad08-b96f2421101a HTTP/1.1" 202 "Bearer 3600c980-9a78-40ce-a879-03071aaebb1c
[2022-12-11T23:33:00+00:00] "GET /api/v1/projects/8e69452f-fd83-44cb-b86f-c0ca50f23cbe/runs/9349e3dd-e381-47f2-ad08-b96f2421101a HTTP/1.1" 202 "Bearer 26940c00-b05f-4358-b4da-b77ec33744a4
[2022-12-11T23:33:00+00:00] "GET /api/v1/projects/8e69452f-fd83-44cb-b86f-c0ca50f23cbe/runs/9349e3dd-e381-47f2-ad08-b96f2421101a HTTP/1.1" 202 "Bearer f599e7d2-600e-4657-99a7-84d51b5d9de7
[2022-12-11T23:33:00+00:00] "GET /api/v1/projects/8e69452f-fd83-44cb-b86f-c0ca50f23cbe/runs/9349e3dd-e381-47f2-ad08-b96f2421101a/results HTTP/1.1" 202 "Bearer f599e7d2-600e-4657-99a7-84d51b5d9de7
[2022-12-11T23:33:01+00:00] "GET /api/v1/projects/8e69452f-fd83-44cb-b86f-c0ca50f23cbe/runs/9349e3dd-e381-47f2-ad08-b96f2421101a HTTP/1.1" 202 "Bearer 592967ba-453b-48f6-b50c-49ac4194b3df
[2022-12-11T23:33:01+00:00] "POST /api/v{version}/projects/{projectId}/suites HTTP/1.1" 201 "Bearer d62a056b-dba6-485d-95d3-05484e8fa41b
[2022-12-11T23:33:01+00:00] "POST /api/v{version}/projects/{projectId}/runs HTTP/1.1" 201 "Bearer 3735fd97-dd86-4eec-a2d6-06f811a93b1e
[2022-12-11T23:33:01+00:00] "GET /api/v1/projects/8e69452f-fd83-44cb-b86f-c0ca50f23cbe/runs/9349e3dd-e381-47f2-ad08-b96f2421101a HTTP/1.1" 202 "Bearer 909611eb-65b9-4b8c-bc53-cef872b58d63
[2022-12-11T23:33:01+00:00] "GET /api/v1/projects/8e69452f-fd83-44cb-b86f-c0ca50f23cbe/runs/9349e3dd-e381-47f2-ad08-b96f2421101a/results HTTP/1.1" 202 "Bearer 909611eb-65b9-4b8c-bc53-cef872b58d63
[2022-12-11T23:33:01+00:00] "POST /api/v{version}/projects/{projectId}/runs HTTP/1.1" 201 "Bearer e91622d9-a0db-48c2-8f15-df385685840d
[2022-12-11T23:33:01+00:00] "GET /api/v1/projects/8e69452f-fd83-44cb-b86f-c0ca50f23cbe/runs/9349e3dd-e381-47f2-ad08-b96f2421101a HTTP/1.1" 202 "Bearer 51efce2d-9867-4ee8-b786-95ee3aaa33d7
[2022-12-11T23:33:02+00:00] "GET /api/v1/projects HTTP/1.1" 202 "Bearer 3735fd97-dd86-4eec-a2d6-06f811a93b1e
[2022-12-11T23:33:02+00:00] "GET /api/v1/projects/8e69452f-fd83-44cb-b86f-c0ca50f23cbe/runs/9349e3dd-e381-47f2-ad08-b96f2421101a HTTP/1.1" 202 "Bearer d62a056b-dba6-485d-95d3-05484e8fa41b
[2022-12-11T23:33:02+00:00] "GET /api/v1/projects/8e69452f-fd83-44cb-b86f-c0ca50f23cbe/testenvironments?pageSize=10 HTTP/1.1" 202 "Bearer 3735fd97-dd86-4eec-a2d6-06f811a93b1e
[2022-12-11T23:33:02+00:00] "GET /api/v1/projects/8e69452f-fd83-44cb-b86f-c0ca50f23cbe/suts?pageSize=10 HTTP/1.1" 202 "Bearer 3735fd97-dd86-4eec-a2d6-06f811a93b1e
[2022-12-11T23:33:02+00:00] "POST /api/v{version}/projects/{projectId}/runs HTTP/1.1" 201 "Bearer 592967ba-453b-48f6-b50c-49ac4194b3df
[2022-12-11T23:33:02+00:00] "GET /api/v1/projects/8e69452f-fd83-44cb-b86f-c0ca50f23cbe/suites?pageSize=10 HTTP/1.1" 202 "Bearer 3735fd97-dd86-4eec-a2d6-06f811a93b1e
[2022-12-11T23:33:02+00:00] "POST /api/v1/projects/8e69452f-fd83-44cb-b86f-c0ca50f23cbe/runs HTTP/1.1" 202 "Bearer 3735fd97-dd86-4eec-a2d6-06f811a93b1e
[2022-12-11T23:33:02+00:00] "GET /api/v1/projects/8e69452f-fd83-44cb-b86f-c0ca50f23cbe/runs/9349e3dd-e381-47f2-ad08-b96f2421101a HTTP/1.1" 202 "Bearer 5d6fd97b-a950-4323-9f7a-7b7404489d2b
[2022-12-11T23:33:02+00:00] "GET /api/v1/projects/8e69452f-fd83-44cb-b86f-c0ca50f23cbe/runs/9349e3dd-e381-47f2-ad08-b96f2421101a HTTP/1.1" 202 "Bearer 26940c00-b05f-4358-b4da-b77ec33744a4
[2022-12-11T23:33:02+00:00] "GET /api/v1/projects/8e69452f-fd83-44cb-b86f-c0ca50f23cbe/runs/9349e3dd-e381-47f2-ad08-b96f2421101a HTTP/1.1" 202 "Bearer 3600c980-9a78-40ce-a879-03071aaebb1c
[2022-12-11T23:33:02+00:00] "POST /api/v{version}/projects/{projectId}/runs HTTP/1.1" 201 "Bearer 909611eb-65b9-4b8c-bc53-cef872b58d63
[2022-12-11T23:33:03+00:00] "GET /api/v1/projects HTTP/1.1" 202 "Bearer aabe494b-0c52-4362-863a-2c229e38e255
[2022-12-11T23:33:03+00:00] "GET /api/v1/projects/8e69452f-fd83-44cb-b86f-c0ca50f23cbe/testenvironments?pageSize=10 HTTP/1.1" 202 "Bearer aabe494b-0c52-4362-863a-2c229e38e255
[2022-12-11T23:33:03+00:00] "GET /api/v1/projects/8e69452f-fd83-44cb-b86f-c0ca50f23cbe/suites?pageSize=10 HTTP/1.1" 202 "Bearer aabe494b-0c52-4362-863a-2c229e38e255
[2022-12-11T23:33:03+00:00] "GET /api/v1/projects/8e69452f-fd83-44cb-b86f-c0ca50f23cbe/suts?pageSize=10 HTTP/1.1" 202 "Bearer aabe494b-0c52-4362-863a-2c229e38e255
[2022-12-11T23:33:03+00:00] "POST /api/v1/projects/8e69452f-fd83-44cb-b86f-c0ca50f23cbe/runs HTTP/1.1" 202 "Bearer aabe494b-0c52-4362-863a-2c229e38e255
[2022-12-11T23:33:03+00:00] "GET /api/v1/projects/8e69452f-fd83-44cb-b86f-c0ca50f23cbe/runs/9349e3dd-e381-47f2-ad08-b96f2421101a HTTP/1.1" 202 "Bearer 592967ba-453b-48f6-b50c-49ac4194b3df
[2022-12-11T23:33:03+00:00] "GET /api/v1/projects/8e69452f-fd83-44cb-b86f-c0ca50f23cbe/runs/9349e3dd-e381-47f2-ad08-b96f2421101a HTTP/1.1" 202 "Bearer 51efce2d-9867-4ee8-b786-95ee3aaa33d7
[2022-12-11T23:33:03+00:00] "GET /api/v1/projects/8e69452f-fd83-44cb-b86f-c0ca50f23cbe/runs/9349e3dd-e381-47f2-ad08-b96f2421101a/results HTTP/1.1" 202 "Bearer 51efce2d-9867-4ee8-b786-95ee3aaa33d7
[2022-12-11T23:33:04+00:00] "GET /api/v1/projects/8e69452f-fd83-44cb-b86f-c0ca50f23cbe/runs/9349e3dd-e381-47f2-ad08-b96f2421101a HTTP/1.1" 202 "Bearer d62a056b-dba6-485d-95d3-05484e8fa41b
[2022-12-11T23:33:04+00:00] "GET /api/v1/projects/8e69452f-fd83-44cb-b86f-c0ca50f23cbe/runs/9349e3dd-e381-47f2-ad08-b96f2421101a HTTP/1.1" 202 "Bearer 3735fd97-dd86-4eec-a2d6-06f811a93b1e
[2022-12-11T23:33:04+00:00] "GET /api/v1/projects/8e69452f-fd83-44cb-b86f-c0ca50f23cbe/runs/9349e3dd-e381-47f2-ad08-b96f2421101a/results HTTP/1.1" 202 "Bearer 3735fd97-dd86-4eec-a2d6-06f811a93b1e
[2022-12-11T23:33:04+00:00] "GET /api/v1/projects/8e69452f-fd83-44cb-b86f-c0ca50f23cbe/runs/9349e3dd-e381-47f2-ad08-b96f2421101a HTTP/1.1" 202 "Bearer 5d6fd97b-a950-4323-9f7a-7b7404489d2b
[2022-12-11T23:33:04+00:00] "GET /api/v1/projects/8e69452f-fd83-44cb-b86f-c0ca50f23cbe/runs/9349e3dd-e381-47f2-ad08-b96f2421101a HTTP/1.1" 202 "Bearer 3600c980-9a78-40ce-a879-03071aaebb1c
[2022-12-11T23:33:04+00:00] "GET /api/v1/projects/8e69452f-fd83-44cb-b86f-c0ca50f23cbe/runs/9349e3dd-e381-47f2-ad08-b96f2421101a HTTP/1.1" 202 "Bearer 26940c00-b05f-4358-b4da-b77ec33744a4
[2022-12-11T23:33:05+00:00] "GET /api/v1/projects/8e69452f-fd83-44cb-b86f-c0ca50f23cbe/runs/9349e3dd-e381-47f2-ad08-b96f2421101a HTTP/1.1" 202 "Bearer aabe494b-0c52-4362-863a-2c229e38e255
[2022-12-11T23:33:05+00:00] "GET /api/v1/projects HTTP/1.1" 202 "Bearer 5a245135-77ff-48d2-ae8a-f3955a78b537
[2022-12-11T23:33:05+00:00] "GET /api/v1/projects/8e69452f-fd83-44cb-b86f-c0ca50f23cbe/testenvironments?pageSize=10 HTTP/1.1" 202 "Bearer 5a245135-77ff-48d2-ae8a-f3955a78b537
[2022-12-11T23:33:05+00:00] "GET /api/v1/projects/8e69452f-fd83-44cb-b86f-c0ca50f23cbe/suts?pageSize=10 HTTP/1.1" 202 "Bearer 5a245135-77ff-48d2-ae8a-f3955a78b537
[2022-12-11T23:33:05+00:00] "GET /api/v1/projects/8e69452f-fd83-44cb-b86f-c0ca50f23cbe/suites?pageSize=10 HTTP/1.1" 202 "Bearer 5a245135-77ff-48d2-ae8a-f3955a78b537
[2022-12-11T23:33:05+00:00] "POST /api/v1/projects/8e69452f-fd83-44cb-b86f-c0ca50f23cbe/runs HTTP/1.1" 202 "Bearer 5a245135-77ff-48d2-ae8a-f3955a78b537
[2022-12-11T23:33:05+00:00] "GET /api/v1/projects/8e69452f-fd83-44cb-b86f-c0ca50f23cbe/runs/9349e3dd-e381-47f2-ad08-b96f2421101a HTTP/1.1" 202 "Bearer 592967ba-453b-48f6-b50c-49ac4194b3df
[2022-12-11T23:33:06+00:00] "GET /api/v1/projects/8e69452f-fd83-44cb-b86f-c0ca50f23cbe/runs/9349e3dd-e381-47f2-ad08-b96f2421101a HTTP/1.1" 202 "Bearer d62a056b-dba6-485d-95d3-05484e8fa41b
[2022-12-11T23:33:06+00:00] "POST /api/v{version}/projects/{projectId}/testcases HTTP/1.1" 201 "Bearer f75f8f2f-93cc-478e-b5e3-e9a6529d9fbe
[2022-12-11T23:33:06+00:00] "GET /api/v1/projects/8e69452f-fd83-44cb-b86f-c0ca50f23cbe/runs/9349e3dd-e381-47f2-ad08-b96f2421101a HTTP/1.1" 202 "Bearer 5d6fd97b-a950-4323-9f7a-7b7404489d2b
[2022-12-11T23:33:06+00:00] "GET /api/v1/projects/8e69452f-fd83-44cb-b86f-c0ca50f23cbe/runs/9349e3dd-e381-47f2-ad08-b96f2421101a HTTP/1.1" 202 "Bearer 3600c980-9a78-40ce-a879-03071aaebb1c
[2022-12-11T23:33:06+00:00] "GET /api/v1/projects/8e69452f-fd83-44cb-b86f-c0ca50f23cbe/runs/9349e3dd-e381-47f2-ad08-b96f2421101a HTTP/1.1" 202 "Bearer 26940c00-b05f-4358-b4da-b77ec33744a4
[2022-12-11T23:33:07+00:00] "GET /api/v1/projects/8e69452f-fd83-44cb-b86f-c0ca50f23cbe/runs/9349e3dd-e381-47f2-ad08-b96f2421101a HTTP/1.1" 202 "Bearer aabe494b-0c52-4362-863a-2c229e38e255
[2022-12-11T23:33:07+00:00] "GET /api/v1/projects/8e69452f-fd83-44cb-b86f-c0ca50f23cbe/runs/9349e3dd-e381-47f2-ad08-b96f2421101a HTTP/1.1" 202 "Bearer 5a245135-77ff-48d2-ae8a-f3955a78b537
[2022-12-11T23:33:07+00:00] "GET /api/v1/projects/8e69452f-fd83-44cb-b86f-c0ca50f23cbe/runs/9349e3dd-e381-47f2-ad08-b96f2421101a/results HTTP/1.1" 202 "Bearer 5a245135-77ff-48d2-ae8a-f3955a78b537
[2022-12-11T23:33:07+00:00] "POST /api/v{version}/projects/{projectId}/algorithms HTTP/1.1" 201 "Bearer e91622d9-a0db-48c2-8f15-df385685840d
[2022-12-11T23:33:07+00:00] "GET /api/v1/projects/8e69452f-fd83-44cb-b86f-c0ca50f23cbe/runs/9349e3dd-e381-47f2-ad08-b96f2421101a HTTP/1.1" 202 "Bearer 592967ba-453b-48f6-b50c-49ac4194b3df
[2022-12-11T23:33:08+00:00] "DELETE /api/v{version}/projects/{projectId}/runs/{runId} HTTP/1.1" 202 "Bearer d62a056b-dba6-485d-95d3-05484e8fa41b
[2022-12-11T23:33:08+00:00] "GET /api/v1/projects/8e69452f-fd83-44cb-b86f-c0ca50f23cbe/runs/9349e3dd-e381-47f2-ad08-b96f2421101a HTTP/1.1" 202 "Bearer d62a056b-dba6-485d-95d3-05484e8fa41b
[2022-12-11T23:33:08+00:00] "GET /api/v1/projects/8e69452f-fd83-44cb-b86f-c0ca50f23cbe/runs/9349e3dd-e381-47f2-ad08-b96f2421101a HTTP/1.1" 202 "Bearer 5d6fd97b-a950-4323-9f7a-7b7404489d2b
[2022-12-11T23:33:08+00:00] "GET /api/v1/projects/8e69452f-fd83-44cb-b86f-c0ca50f23cbe/runs/9349e3dd-e381-47f2-ad08-b96f2421101a HTTP/1.1" 202 "Bearer 26940c00-b05f-4358-b4da-b77ec33744a4
[2022-12-11T23:33:08+00:00] "GET /api/v1/projects/8e69452f-fd83-44cb-b86f-c0ca50f23cbe/runs/9349e3dd-e381-47f2-ad08-b96f2421101a/results HTTP/1.1" 202 "Bearer 26940c00-b05f-4358-b4da-b77ec33744a4
[2022-12-11T23:33:08+00:00] "GET /api/v1/projects/8e69452f-fd83-44cb-b86f-c0ca50f23cbe/runs/9349e3dd-e381-47f2-ad08-b96f2421101a HTTP/1.1" 202 "Bearer 3600c980-9a78-40ce-a879-03071aaebb1c
[2022-12-11T23:33:08+00:00] "GET /api/v1/projects/8e69452f-fd83-44cb-b86f-c0ca50f23cbe/runs/9349e3dd-e381-47f2-ad08-b96f2421101a/results HTTP/1.1" 202 "Bearer 3600c980-9a78-40ce-a879-03071aaebb1c
[2022-12-11T23:33:09+00:00] "GET /api/v1/projects/8e69452f-fd83-44cb-b86f-c0ca50f23cbe/runs/9349e3dd-e381-47f2-ad08-b96f2421101a HTTP/1.1" 202 "Bearer aabe494b-0c52-4362-863a-2c229e38e255
[2022-12-11T23:33:09+00:00] "GET /api/v1/projects/8e69452f-fd83-44cb-b86f-c0ca50f23cbe/runs/9349e3dd-e381-47f2-ad08-b96f2421101a/results HTTP/1.1" 202 "Bearer aabe494b-0c52-4362-863a-2c229e38e255
[2022-12-11T23:33:09+00:00] "POST /api/v{version}/projects/{projectId}/testcases HTTP/1.1" 201 "Bearer 592967ba-453b-48f6-b50c-49ac4194b3df
[2022-12-11T23:33:09+00:00] "GET /api/v1/projects/8e69452f-fd83-44cb-b86f-c0ca50f23cbe/runs/9349e3dd-e381-47f2-ad08-b96f2421101a HTTP/1.1" 202 "Bearer 592967ba-453b-48f6-b50c-49ac4194b3df
[2022-12-11T23:33:10+00:00] "POST /api/v{version}/projects/{projectId}/suts HTTP/1.1" 201 "Bearer d62a056b-dba6-485d-95d3-05484e8fa41b
[2022-12-11T23:33:10+00:00] "DELETE /api/v{version}/projects/{projectId}/runs/{runId} HTTP/1.1" 202 "Bearer d62a056b-dba6-485d-95d3-05484e8fa41b
[2022-12-11T23:33:10+00:00] "GET /api/v1/projects/8e69452f-fd83-44cb-b86f-c0ca50f23cbe/runs/9349e3dd-e381-47f2-ad08-b96f2421101a HTTP/1.1" 202 "Bearer d62a056b-dba6-485d-95d3-05484e8fa41b
[2022-12-11T23:33:10+00:00] "GET /api/v1/projects/8e69452f-fd83-44cb-b86f-c0ca50f23cbe/runs/9349e3dd-e381-47f2-ad08-b96f2421101a HTTP/1.1" 202 "Bearer 5d6fd97b-a950-4323-9f7a-7b7404489d2b
[2022-12-11T23:33:11+00:00] "GET /api/v1/projects/8e69452f-fd83-44cb-b86f-c0ca50f23cbe/runs/9349e3dd-e381-47f2-ad08-b96f2421101a HTTP/1.1" 202 "Bearer 592967ba-453b-48f6-b50c-49ac4194b3df
[2022-12-11T23:33:12+00:00] "GET /api/v1/projects/8e69452f-fd83-44cb-b86f-c0ca50f23cbe/runs/9349e3dd-e381-47f2-ad08-b96f2421101a HTTP/1.1" 202 "Bearer d62a056b-dba6-485d-95d3-05484e8fa41b
[2022-12-11T23:33:12+00:00] "GET /api/v1/projects/8e69452f-fd83-44cb-b86f-c0ca50f23cbe/runs/9349e3dd-e381-47f2-ad08-b96f2421101a/results HTTP/1.1" 202 "Bearer d62a056b-dba6-485d-95d3-05484e8fa41b
[2022-12-11T23:33:12+00:00] "GET /api/v1/projects/8e69452f-fd83-44cb-b86f-c0ca50f23cbe/runs/9349e3dd-e381-47f2-ad08-b96f2421101a HTTP/1.1" 202 "Bearer 5d6fd97b-a950-4323-9f7a-7b7404489d2b
[2022-12-11T23:33:13+00:00] "GET /api/v1/projects/8e69452f-fd83-44cb-b86f-c0ca50f23cbe/runs/9349e3dd-e381-47f2-ad08-b96f2421101a HTTP/1.1" 202 "Bearer 592967ba-453b-48f6-b50c-49ac4194b3df
[2022-12-11T23:33:13+00:00] "GET /api/v1/projects/8e69452f-fd83-44cb-b86f-c0ca50f23cbe/runs/9349e3dd-e381-47f2-ad08-b96f2421101a/results HTTP/1.1" 202 "Bearer 592967ba-453b-48f6-b50c-49ac4194b3df
[2022-12-11T23:33:14+00:00] "GET /api/v1/projects/8e69452f-fd83-44cb-b86f-c0ca50f23cbe/runs/9349e3dd-e381-47f2-ad08-b96f2421101a HTTP/1.1" 202 "Bearer 5d6fd97b-a950-4323-9f7a-7b7404489d2b
[2022-12-11T23:33:16+00:00] "GET /api/v1/projects/8e69452f-fd83-44cb-b86f-c0ca50f23cbe/runs/9349e3dd-e381-47f2-ad08-b96f2421101a HTTP/1.1" 202 "Bearer 5d6fd97b-a950-4323-9f7a-7b7404489d2b
[2022-12-11T23:33:16+00:00] "GET /api/v1/projects/8e69452f-fd83-44cb-b86f-c0ca50f23cbe/runs/9349e3dd-e381-47f2-ad08-b96f2421101a/results HTTP/1.1" 202 "Bearer 5d6fd97b-a950-4323-9f7a-7b7404489d2b
